[2025-11-19T16:21:30.762+0000] {local_task_job_runner.py:120} INFO - ::group::Pre task execution logs
[2025-11-19T16:21:30.961+0000] {taskinstance.py:2076} INFO - Dependencies all met for dep_context=non-requeueable deps ti=<TaskInstance: clickhouse_connect_test.load_with_connect manual__2025-11-19T16:21:29.769096+00:00 [queued]>
[2025-11-19T16:21:30.967+0000] {taskinstance.py:2076} INFO - Dependencies all met for dep_context=requeueable deps ti=<TaskInstance: clickhouse_connect_test.load_with_connect manual__2025-11-19T16:21:29.769096+00:00 [queued]>
[2025-11-19T16:21:30.967+0000] {taskinstance.py:2306} INFO - Starting attempt 1 of 1
[2025-11-19T16:21:30.975+0000] {taskinstance.py:2330} INFO - Executing <Task(PythonOperator): load_with_connect> on 2025-11-19 16:21:29.769096+00:00
[2025-11-19T16:21:30.979+0000] {warnings.py:112} WARNING - /home/***/.local/lib/python3.12/site-packages/***/task/task_runner/standard_task_runner.py:61: DeprecationWarning: This process (pid=523) is multi-threaded, use of fork() may lead to deadlocks in the child.
  pid = os.fork()

[2025-11-19T16:21:30.981+0000] {standard_task_runner.py:90} INFO - Running: ['***', 'tasks', 'run', 'clickhouse_connect_test', 'load_with_connect', 'manual__2025-11-19T16:21:29.769096+00:00', '--job-id', '184', '--raw', '--subdir', 'DAGS_FOLDER/test_ch_3.py', '--cfg-path', '/tmp/tmpceic9ex8']
[2025-11-19T16:21:30.982+0000] {standard_task_runner.py:63} INFO - Started process 527 to run task
[2025-11-19T16:21:30.982+0000] {standard_task_runner.py:91} INFO - Job 184: Subtask load_with_connect
[2025-11-19T16:21:31.015+0000] {task_command.py:426} INFO - Running <TaskInstance: clickhouse_connect_test.load_with_connect manual__2025-11-19T16:21:29.769096+00:00 [running]> on host 8374c225f2b5
[2025-11-19T16:21:31.065+0000] {taskinstance.py:2648} INFO - Exporting env vars: AIRFLOW_CTX_DAG_OWNER='***' AIRFLOW_CTX_DAG_ID='clickhouse_connect_test' AIRFLOW_CTX_TASK_ID='load_with_connect' AIRFLOW_CTX_EXECUTION_DATE='2025-11-19T16:21:29.769096+00:00' AIRFLOW_CTX_TRY_NUMBER='1' AIRFLOW_CTX_DAG_RUN_ID='manual__2025-11-19T16:21:29.769096+00:00'
[2025-11-19T16:21:31.066+0000] {taskinstance.py:430} INFO - ::endgroup::
[2025-11-19T16:21:31.087+0000] {test_ch_3.py:18} INFO - ✅ Подключение к ClickHouse установлено
[2025-11-19T16:21:31.093+0000] {transform.py:110} ERROR - Error serializing column `hire_date` into data type `Date`
Traceback (most recent call last):
  File "/home/airflow/.local/lib/python3.12/site-packages/clickhouse_connect/driver/transform.py", line 104, in chunk_gen
    col_type.write_column(data, output, context)
  File "/home/airflow/.local/lib/python3.12/site-packages/clickhouse_connect/datatypes/base.py", line 209, in write_column
    self.write_column_data(column, dest, ctx)
  File "/home/airflow/.local/lib/python3.12/site-packages/clickhouse_connect/datatypes/base.py", line 224, in write_column_data
    self._write_column_binary(column, dest, ctx)
  File "/home/airflow/.local/lib/python3.12/site-packages/clickhouse_connect/datatypes/temporal.py", line 47, in _write_column_binary
    column = [(x - esd).days for x in column]
               ~~^~~~~
TypeError: unsupported operand type(s) for -: 'str' and 'datetime.date'
[2025-11-19T16:21:31.096+0000] {test_ch_3.py:53} ERROR - ❌ Ошибка: unsupported operand type(s) for -: 'str' and 'datetime.date'
[2025-11-19T16:21:31.096+0000] {taskinstance.py:441} INFO - ::group::Post task execution logs
[2025-11-19T16:21:31.097+0000] {taskinstance.py:2905} ERROR - Task failed with exception
Traceback (most recent call last):
  File "/home/airflow/.local/lib/python3.12/site-packages/airflow/models/taskinstance.py", line 465, in _execute_task
    result = _execute_callable(context=context, **execute_callable_kwargs)
             ^^^^^^^^^^^^^^^^^^^^^^^^^^^^^^^^^^^^^^^^^^^^^^^^^^^^^^^^^^^^^
  File "/home/airflow/.local/lib/python3.12/site-packages/airflow/models/taskinstance.py", line 432, in _execute_callable
    return execute_callable(context=context, **execute_callable_kwargs)
           ^^^^^^^^^^^^^^^^^^^^^^^^^^^^^^^^^^^^^^^^^^^^^^^^^^^^^^^^^^^^
  File "/home/airflow/.local/lib/python3.12/site-packages/airflow/models/baseoperator.py", line 401, in wrapper
    return func(self, *args, **kwargs)
           ^^^^^^^^^^^^^^^^^^^^^^^^^^^
  File "/home/airflow/.local/lib/python3.12/site-packages/airflow/operators/python.py", line 235, in execute
    return_value = self.execute_callable()
                   ^^^^^^^^^^^^^^^^^^^^^^^
  File "/home/airflow/.local/lib/python3.12/site-packages/airflow/operators/python.py", line 252, in execute_callable
    return self.python_callable(*self.op_args, **self.op_kwargs)
           ^^^^^^^^^^^^^^^^^^^^^^^^^^^^^^^^^^^^^^^^^^^^^^^^^^^^^
  File "/opt/airflow/dags/test_ch_3.py", line 42, in load_with_clickhouse_connect
    client.insert_df('employees_connect', df)
  File "/home/airflow/.local/lib/python3.12/site-packages/clickhouse_connect/driver/client.py", line 649, in insert_df
    return self.insert(table,
           ^^^^^^^^^^^^^^^^^^
  File "/home/airflow/.local/lib/python3.12/site-packages/clickhouse_connect/driver/client.py", line 618, in insert
    return self.data_insert(context)
           ^^^^^^^^^^^^^^^^^^^^^^^^^
  File "/home/airflow/.local/lib/python3.12/site-packages/clickhouse_connect/driver/httpclient.py", line 268, in data_insert
    response = self._raw_request(block_gen, params, headers, error_handler=error_handler, server_wait=False)
               ^^^^^^^^^^^^^^^^^^^^^^^^^^^^^^^^^^^^^^^^^^^^^^^^^^^^^^^^^^^^^^^^^^^^^^^^^^^^^^^^^^^^^^^^^^^^^
  File "/home/airflow/.local/lib/python3.12/site-packages/clickhouse_connect/driver/httpclient.py", line 454, in _raw_request
    error_handler(response)
  File "/home/airflow/.local/lib/python3.12/site-packages/clickhouse_connect/driver/httpclient.py", line 253, in error_handler
    raise ex
  File "/home/airflow/.local/lib/python3.12/site-packages/clickhouse_connect/driver/transform.py", line 104, in chunk_gen
    col_type.write_column(data, output, context)
  File "/home/airflow/.local/lib/python3.12/site-packages/clickhouse_connect/datatypes/base.py", line 209, in write_column
    self.write_column_data(column, dest, ctx)
  File "/home/airflow/.local/lib/python3.12/site-packages/clickhouse_connect/datatypes/base.py", line 224, in write_column_data
    self._write_column_binary(column, dest, ctx)
  File "/home/airflow/.local/lib/python3.12/site-packages/clickhouse_connect/datatypes/temporal.py", line 47, in _write_column_binary
    column = [(x - esd).days for x in column]
               ~~^~~~~
TypeError: unsupported operand type(s) for -: 'str' and 'datetime.date'
[2025-11-19T16:21:31.104+0000] {taskinstance.py:1206} INFO - Marking task as FAILED. dag_id=clickhouse_connect_test, task_id=load_with_connect, run_id=manual__2025-11-19T16:21:29.769096+00:00, execution_date=20251119T162129, start_date=20251119T162130, end_date=20251119T162131
[2025-11-19T16:21:31.111+0000] {standard_task_runner.py:110} ERROR - Failed to execute job 184 for task load_with_connect (unsupported operand type(s) for -: 'str' and 'datetime.date'; 527)
[2025-11-19T16:21:31.155+0000] {local_task_job_runner.py:240} INFO - Task exited with return code 1
[2025-11-19T16:21:31.163+0000] {local_task_job_runner.py:222} INFO - ::endgroup::
