[2025-11-18T18:27:29.040+0000] {local_task_job_runner.py:120} INFO - ::group::Pre task execution logs
[2025-11-18T18:27:29.054+0000] {taskinstance.py:2076} INFO - Dependencies all met for dep_context=non-requeueable deps ti=<TaskInstance: test_ch_2.process_csv_simple manual__2025-11-18T18:27:27.662569+00:00 [queued]>
[2025-11-18T18:27:29.059+0000] {taskinstance.py:2076} INFO - Dependencies all met for dep_context=requeueable deps ti=<TaskInstance: test_ch_2.process_csv_simple manual__2025-11-18T18:27:27.662569+00:00 [queued]>
[2025-11-18T18:27:29.059+0000] {taskinstance.py:2306} INFO - Starting attempt 1 of 1
[2025-11-18T18:27:29.067+0000] {taskinstance.py:2330} INFO - Executing <Task(PythonOperator): process_csv_simple> on 2025-11-18 18:27:27.662569+00:00
[2025-11-18T18:27:29.071+0000] {warnings.py:112} WARNING - /home/***/.local/lib/python3.12/site-packages/***/task/task_runner/standard_task_runner.py:61: DeprecationWarning: This process (pid=7019) is multi-threaded, use of fork() may lead to deadlocks in the child.
  pid = os.fork()

[2025-11-18T18:27:29.073+0000] {standard_task_runner.py:63} INFO - Started process 7020 to run task
[2025-11-18T18:27:29.073+0000] {standard_task_runner.py:90} INFO - Running: ['***', 'tasks', 'run', 'test_ch_2', 'process_csv_simple', 'manual__2025-11-18T18:27:27.662569+00:00', '--job-id', '170', '--raw', '--subdir', 'DAGS_FOLDER/test_ch_jar.py', '--cfg-path', '/tmp/tmpz9xpon9f']
[2025-11-18T18:27:29.074+0000] {standard_task_runner.py:91} INFO - Job 170: Subtask process_csv_simple
[2025-11-18T18:27:29.104+0000] {task_command.py:426} INFO - Running <TaskInstance: test_ch_2.process_csv_simple manual__2025-11-18T18:27:27.662569+00:00 [running]> on host 8374c225f2b5
[2025-11-18T18:27:29.154+0000] {taskinstance.py:2648} INFO - Exporting env vars: AIRFLOW_CTX_DAG_OWNER='***' AIRFLOW_CTX_DAG_ID='test_ch_2' AIRFLOW_CTX_TASK_ID='process_csv_simple' AIRFLOW_CTX_EXECUTION_DATE='2025-11-18T18:27:27.662569+00:00' AIRFLOW_CTX_TRY_NUMBER='1' AIRFLOW_CTX_DAG_RUN_ID='manual__2025-11-18T18:27:27.662569+00:00'
[2025-11-18T18:27:29.154+0000] {taskinstance.py:430} INFO - ::endgroup::
[2025-11-18T18:27:29.163+0000] {test_ch_jar.py:15} INFO - Подключение к ClickHouse установлено
[2025-11-18T18:27:29.176+0000] {test_ch_jar.py:29} INFO - Таблица employees1234 успешно создана.
[2025-11-18T18:27:31.195+0000] {test_ch_jar.py:63} ERROR - Ошибка при выполнении: 'SparkContext' object has no attribute 'addJar'
[2025-11-18T18:27:31.620+0000] {taskinstance.py:441} INFO - ::group::Post task execution logs
[2025-11-18T18:27:31.621+0000] {taskinstance.py:2905} ERROR - Task failed with exception
Traceback (most recent call last):
  File "/home/airflow/.local/lib/python3.12/site-packages/airflow/models/taskinstance.py", line 465, in _execute_task
    result = _execute_callable(context=context, **execute_callable_kwargs)
             ^^^^^^^^^^^^^^^^^^^^^^^^^^^^^^^^^^^^^^^^^^^^^^^^^^^^^^^^^^^^^
  File "/home/airflow/.local/lib/python3.12/site-packages/airflow/models/taskinstance.py", line 432, in _execute_callable
    return execute_callable(context=context, **execute_callable_kwargs)
           ^^^^^^^^^^^^^^^^^^^^^^^^^^^^^^^^^^^^^^^^^^^^^^^^^^^^^^^^^^^^
  File "/home/airflow/.local/lib/python3.12/site-packages/airflow/models/baseoperator.py", line 401, in wrapper
    return func(self, *args, **kwargs)
           ^^^^^^^^^^^^^^^^^^^^^^^^^^^
  File "/home/airflow/.local/lib/python3.12/site-packages/airflow/operators/python.py", line 235, in execute
    return_value = self.execute_callable()
                   ^^^^^^^^^^^^^^^^^^^^^^^
  File "/home/airflow/.local/lib/python3.12/site-packages/airflow/operators/python.py", line 252, in execute_callable
    return self.python_callable(*self.op_args, **self.op_kwargs)
           ^^^^^^^^^^^^^^^^^^^^^^^^^^^^^^^^^^^^^^^^^^^^^^^^^^^^^
  File "/opt/airflow/dags/test_ch_jar.py", line 37, in test_ch_2
    spark.sparkContext.addJar("/opt/airflow/jars/clickhouse-jdbc-0.4.6-all.jar")
    ^^^^^^^^^^^^^^^^^^^^^^^^^
AttributeError: 'SparkContext' object has no attribute 'addJar'
[2025-11-18T18:27:31.629+0000] {taskinstance.py:1206} INFO - Marking task as FAILED. dag_id=test_ch_2, task_id=process_csv_simple, run_id=manual__2025-11-18T18:27:27.662569+00:00, execution_date=20251118T182727, start_date=20251118T182729, end_date=20251118T182731
[2025-11-18T18:27:31.638+0000] {standard_task_runner.py:110} ERROR - Failed to execute job 170 for task process_csv_simple ('SparkContext' object has no attribute 'addJar'; 7020)
[2025-11-18T18:27:31.654+0000] {local_task_job_runner.py:240} INFO - Task exited with return code 1
[2025-11-18T18:27:31.666+0000] {taskinstance.py:3503} INFO - 0 downstream tasks scheduled from follow-on schedule check
[2025-11-18T18:27:31.667+0000] {local_task_job_runner.py:222} INFO - ::endgroup::
