[2025-11-18T15:24:05.295+0000] {local_task_job_runner.py:120} INFO - ::group::Pre task execution logs
[2025-11-18T15:24:05.311+0000] {taskinstance.py:2076} INFO - Dependencies all met for dep_context=non-requeueable deps ti=<TaskInstance: test_push_clickhouse.install_packages manual__2025-11-18T15:18:58.617595+00:00 [queued]>
[2025-11-18T15:24:05.318+0000] {taskinstance.py:2076} INFO - Dependencies all met for dep_context=requeueable deps ti=<TaskInstance: test_push_clickhouse.install_packages manual__2025-11-18T15:18:58.617595+00:00 [queued]>
[2025-11-18T15:24:05.319+0000] {taskinstance.py:2306} INFO - Starting attempt 2 of 2
[2025-11-18T15:24:05.334+0000] {taskinstance.py:2330} INFO - Executing <Task(PythonOperator): install_packages> on 2025-11-18 15:18:58.617595+00:00
[2025-11-18T15:24:05.338+0000] {warnings.py:112} WARNING - /home/***/.local/lib/python3.12/site-packages/***/task/task_runner/standard_task_runner.py:61: DeprecationWarning: This process (pid=3526) is multi-threaded, use of fork() may lead to deadlocks in the child.
  pid = os.fork()

[2025-11-18T15:24:05.339+0000] {standard_task_runner.py:90} INFO - Running: ['***', 'tasks', 'run', 'test_push_clickhouse', 'install_packages', 'manual__2025-11-18T15:18:58.617595+00:00', '--job-id', '154', '--raw', '--subdir', 'DAGS_FOLDER/test_push_clickhouse.py', '--cfg-path', '/tmp/tmp36alrqwj']
[2025-11-18T15:24:05.340+0000] {standard_task_runner.py:63} INFO - Started process 3527 to run task
[2025-11-18T15:24:05.340+0000] {standard_task_runner.py:91} INFO - Job 154: Subtask install_packages
[2025-11-18T15:24:05.371+0000] {task_command.py:426} INFO - Running <TaskInstance: test_push_clickhouse.install_packages manual__2025-11-18T15:18:58.617595+00:00 [running]> on host 8374c225f2b5
[2025-11-18T15:24:05.431+0000] {taskinstance.py:2648} INFO - Exporting env vars: AIRFLOW_CTX_DAG_OWNER='***' AIRFLOW_CTX_DAG_ID='test_push_clickhouse' AIRFLOW_CTX_TASK_ID='install_packages' AIRFLOW_CTX_EXECUTION_DATE='2025-11-18T15:18:58.617595+00:00' AIRFLOW_CTX_TRY_NUMBER='2' AIRFLOW_CTX_DAG_RUN_ID='manual__2025-11-18T15:18:58.617595+00:00'
[2025-11-18T15:24:05.433+0000] {taskinstance.py:430} INFO - ::endgroup::
[2025-11-18T15:24:09.106+0000] {logging_mixin.py:188} INFO - ❌ Ошибка установки пакетов: Command '['/home/***/.local/bin/python', '-m', 'pip', 'install', 'jaydebeapi', 'JPype1==1.4.1']' returned non-zero exit status 1.
[2025-11-18T15:24:09.106+0000] {taskinstance.py:441} INFO - ::group::Post task execution logs
[2025-11-18T15:24:09.107+0000] {taskinstance.py:2905} ERROR - Task failed with exception
Traceback (most recent call last):
  File "/home/airflow/.local/lib/python3.12/site-packages/airflow/models/taskinstance.py", line 465, in _execute_task
    result = _execute_callable(context=context, **execute_callable_kwargs)
             ^^^^^^^^^^^^^^^^^^^^^^^^^^^^^^^^^^^^^^^^^^^^^^^^^^^^^^^^^^^^^
  File "/home/airflow/.local/lib/python3.12/site-packages/airflow/models/taskinstance.py", line 432, in _execute_callable
    return execute_callable(context=context, **execute_callable_kwargs)
           ^^^^^^^^^^^^^^^^^^^^^^^^^^^^^^^^^^^^^^^^^^^^^^^^^^^^^^^^^^^^
  File "/home/airflow/.local/lib/python3.12/site-packages/airflow/models/baseoperator.py", line 401, in wrapper
    return func(self, *args, **kwargs)
           ^^^^^^^^^^^^^^^^^^^^^^^^^^^
  File "/home/airflow/.local/lib/python3.12/site-packages/airflow/operators/python.py", line 235, in execute
    return_value = self.execute_callable()
                   ^^^^^^^^^^^^^^^^^^^^^^^
  File "/home/airflow/.local/lib/python3.12/site-packages/airflow/operators/python.py", line 252, in execute_callable
    return self.python_callable(*self.op_args, **self.op_kwargs)
           ^^^^^^^^^^^^^^^^^^^^^^^^^^^^^^^^^^^^^^^^^^^^^^^^^^^^^
  File "/opt/airflow/dags/test_push_clickhouse.py", line 13, in install_missing_packages
    subprocess.check_call([sys.executable, "-m", "pip", "install", "jaydebeapi", "JPype1==1.4.1"])
  File "/usr/local/lib/python3.12/subprocess.py", line 413, in check_call
    raise CalledProcessError(retcode, cmd)
subprocess.CalledProcessError: Command '['/home/airflow/.local/bin/python', '-m', 'pip', 'install', 'jaydebeapi', 'JPype1==1.4.1']' returned non-zero exit status 1.
[2025-11-18T15:24:09.115+0000] {taskinstance.py:1206} INFO - Marking task as FAILED. dag_id=test_push_clickhouse, task_id=install_packages, run_id=manual__2025-11-18T15:18:58.617595+00:00, execution_date=20251118T151858, start_date=20251118T152405, end_date=20251118T152409
[2025-11-18T15:24:09.126+0000] {standard_task_runner.py:110} ERROR - Failed to execute job 154 for task install_packages (Command '['/home/airflow/.local/bin/python', '-m', 'pip', 'install', 'jaydebeapi', 'JPype1==1.4.1']' returned non-zero exit status 1.; 3527)
[2025-11-18T15:24:09.163+0000] {local_task_job_runner.py:240} INFO - Task exited with return code 1
[2025-11-18T15:24:09.180+0000] {taskinstance.py:3503} INFO - 0 downstream tasks scheduled from follow-on schedule check
[2025-11-18T15:24:09.183+0000] {local_task_job_runner.py:222} INFO - ::endgroup::
