[2025-11-19T18:44:25.800+0000] {local_task_job_runner.py:120} INFO - ::group::Pre task execution logs
[2025-11-19T18:44:25.813+0000] {taskinstance.py:2076} INFO - Dependencies all met for dep_context=non-requeueable deps ti=<TaskInstance: coursework_test_connect_2.process_and_load_houses_data manual__2025-11-19T18:44:24.413798+00:00 [queued]>
[2025-11-19T18:44:25.817+0000] {taskinstance.py:2076} INFO - Dependencies all met for dep_context=requeueable deps ti=<TaskInstance: coursework_test_connect_2.process_and_load_houses_data manual__2025-11-19T18:44:24.413798+00:00 [queued]>
[2025-11-19T18:44:25.818+0000] {taskinstance.py:2306} INFO - Starting attempt 1 of 1
[2025-11-19T18:44:25.828+0000] {taskinstance.py:2330} INFO - Executing <Task(PythonOperator): process_and_load_houses_data> on 2025-11-19 18:44:24.413798+00:00
[2025-11-19T18:44:25.832+0000] {warnings.py:112} WARNING - /home/***/.local/lib/python3.12/site-packages/***/task/task_runner/standard_task_runner.py:61: DeprecationWarning: This process (pid=6121) is multi-threaded, use of fork() may lead to deadlocks in the child.
  pid = os.fork()

[2025-11-19T18:44:25.833+0000] {standard_task_runner.py:63} INFO - Started process 6123 to run task
[2025-11-19T18:44:25.833+0000] {standard_task_runner.py:90} INFO - Running: ['***', 'tasks', 'run', 'coursework_test_connect_2', 'process_and_load_houses_data', 'manual__2025-11-19T18:44:24.413798+00:00', '--job-id', '200', '--raw', '--subdir', 'DAGS_FOLDER/test_deep.py', '--cfg-path', '/tmp/tmpeila29km']
[2025-11-19T18:44:25.835+0000] {standard_task_runner.py:91} INFO - Job 200: Subtask process_and_load_houses_data
[2025-11-19T18:44:25.865+0000] {task_command.py:426} INFO - Running <TaskInstance: coursework_test_connect_2.process_and_load_houses_data manual__2025-11-19T18:44:24.413798+00:00 [running]> on host 8374c225f2b5
[2025-11-19T18:44:25.915+0000] {taskinstance.py:2648} INFO - Exporting env vars: AIRFLOW_CTX_DAG_OWNER='***' AIRFLOW_CTX_DAG_ID='coursework_test_connect_2' AIRFLOW_CTX_TASK_ID='process_and_load_houses_data' AIRFLOW_CTX_EXECUTION_DATE='2025-11-19T18:44:24.413798+00:00' AIRFLOW_CTX_TRY_NUMBER='1' AIRFLOW_CTX_DAG_RUN_ID='manual__2025-11-19T18:44:24.413798+00:00'
[2025-11-19T18:44:25.917+0000] {taskinstance.py:430} INFO - ::endgroup::
[2025-11-19T18:44:25.927+0000] {taskinstance.py:441} INFO - ::group::Post task execution logs
[2025-11-19T18:44:25.927+0000] {taskinstance.py:2905} ERROR - Task failed with exception
Traceback (most recent call last):
  File "/home/airflow/.local/lib/python3.12/site-packages/airflow/models/taskinstance.py", line 465, in _execute_task
    result = _execute_callable(context=context, **execute_callable_kwargs)
             ^^^^^^^^^^^^^^^^^^^^^^^^^^^^^^^^^^^^^^^^^^^^^^^^^^^^^^^^^^^^^
  File "/home/airflow/.local/lib/python3.12/site-packages/airflow/models/taskinstance.py", line 432, in _execute_callable
    return execute_callable(context=context, **execute_callable_kwargs)
           ^^^^^^^^^^^^^^^^^^^^^^^^^^^^^^^^^^^^^^^^^^^^^^^^^^^^^^^^^^^^
  File "/home/airflow/.local/lib/python3.12/site-packages/airflow/models/baseoperator.py", line 401, in wrapper
    return func(self, *args, **kwargs)
           ^^^^^^^^^^^^^^^^^^^^^^^^^^^
  File "/home/airflow/.local/lib/python3.12/site-packages/airflow/operators/python.py", line 235, in execute
    return_value = self.execute_callable()
                   ^^^^^^^^^^^^^^^^^^^^^^^
  File "/home/airflow/.local/lib/python3.12/site-packages/airflow/operators/python.py", line 252, in execute_callable
    return self.python_callable(*self.op_args, **self.op_kwargs)
           ^^^^^^^^^^^^^^^^^^^^^^^^^^^^^^^^^^^^^^^^^^^^^^^^^^^^^
  File "/opt/airflow/dags/test_deep.py", line 20, in r
    client = Client(host='host.docker.internal')
             ^^^^^^
NameError: name 'Client' is not defined
[2025-11-19T18:44:25.936+0000] {taskinstance.py:1206} INFO - Marking task as FAILED. dag_id=coursework_test_connect_2, task_id=process_and_load_houses_data, run_id=manual__2025-11-19T18:44:24.413798+00:00, execution_date=20251119T184424, start_date=20251119T184425, end_date=20251119T184425
[2025-11-19T18:44:25.944+0000] {standard_task_runner.py:110} ERROR - Failed to execute job 200 for task process_and_load_houses_data (name 'Client' is not defined; 6123)
[2025-11-19T18:44:25.966+0000] {local_task_job_runner.py:240} INFO - Task exited with return code 1
[2025-11-19T18:44:25.976+0000] {taskinstance.py:3503} INFO - 0 downstream tasks scheduled from follow-on schedule check
[2025-11-19T18:44:25.978+0000] {local_task_job_runner.py:222} INFO - ::endgroup::
