[2025-11-19T18:13:16.601+0000] {local_task_job_runner.py:120} INFO - ::group::Pre task execution logs
[2025-11-19T18:13:16.618+0000] {taskinstance.py:2076} INFO - Dependencies all met for dep_context=non-requeueable deps ti=<TaskInstance: coursework_test_connect_2.process_and_load_houses_data manual__2025-11-19T18:13:15.374184+00:00 [queued]>
[2025-11-19T18:13:16.623+0000] {taskinstance.py:2076} INFO - Dependencies all met for dep_context=requeueable deps ti=<TaskInstance: coursework_test_connect_2.process_and_load_houses_data manual__2025-11-19T18:13:15.374184+00:00 [queued]>
[2025-11-19T18:13:16.623+0000] {taskinstance.py:2306} INFO - Starting attempt 1 of 1
[2025-11-19T18:13:16.633+0000] {taskinstance.py:2330} INFO - Executing <Task(PythonOperator): process_and_load_houses_data> on 2025-11-19 18:13:15.374184+00:00
[2025-11-19T18:13:16.637+0000] {warnings.py:112} WARNING - /home/***/.local/lib/python3.12/site-packages/***/task/task_runner/standard_task_runner.py:61: DeprecationWarning: This process (pid=4330) is multi-threaded, use of fork() may lead to deadlocks in the child.
  pid = os.fork()

[2025-11-19T18:13:16.639+0000] {standard_task_runner.py:63} INFO - Started process 4332 to run task
[2025-11-19T18:13:16.639+0000] {standard_task_runner.py:90} INFO - Running: ['***', 'tasks', 'run', 'coursework_test_connect_2', 'process_and_load_houses_data', 'manual__2025-11-19T18:13:15.374184+00:00', '--job-id', '196', '--raw', '--subdir', 'DAGS_FOLDER/test_deep.py', '--cfg-path', '/tmp/tmpt380w_tq']
[2025-11-19T18:13:16.641+0000] {standard_task_runner.py:91} INFO - Job 196: Subtask process_and_load_houses_data
[2025-11-19T18:13:16.680+0000] {task_command.py:426} INFO - Running <TaskInstance: coursework_test_connect_2.process_and_load_houses_data manual__2025-11-19T18:13:15.374184+00:00 [running]> on host 8374c225f2b5
[2025-11-19T18:13:16.742+0000] {taskinstance.py:2648} INFO - Exporting env vars: AIRFLOW_CTX_DAG_OWNER='***' AIRFLOW_CTX_DAG_ID='coursework_test_connect_2' AIRFLOW_CTX_TASK_ID='process_and_load_houses_data' AIRFLOW_CTX_EXECUTION_DATE='2025-11-19T18:13:15.374184+00:00' AIRFLOW_CTX_TRY_NUMBER='1' AIRFLOW_CTX_DAG_RUN_ID='manual__2025-11-19T18:13:15.374184+00:00'
[2025-11-19T18:13:16.743+0000] {taskinstance.py:430} INFO - ::endgroup::
[2025-11-19T18:13:56.570+0000] {test_deep.py:53} INFO - Схема данных:
[2025-11-19T18:13:56.585+0000] {logging_mixin.py:188} INFO - root
 |-- house_id: integer (nullable = true)
 |-- latitude: double (nullable = true)
 |-- longitude: double (nullable = true)
 |-- maintenance_year: string (nullable = true)
 |-- square: string (nullable = true)
 |-- population: string (nullable = true)
 |-- region: string (nullable = true)
 |-- locality_name: string (nullable = true)
 |-- address: string (nullable = true)
 |-- full_address: string (nullable = true)
 |-- communal_service_id: string (nullable = true)
 |-- description: string (nullable = true)
[2025-11-19T18:13:58.509+0000] {test_deep.py:58} INFO - Количество записей в файле: 590707
[2025-11-19T18:14:00.088+0000] {test_deep.py:66} INFO - Количество записей после удаления пустых строк: 517124
[2025-11-19T18:14:00.186+0000] {test_deep.py:89} INFO - Преобразованные данные:
[2025-11-19T18:14:00.188+0000] {logging_mixin.py:188} INFO - root
 |-- house_id: integer (nullable = true)
 |-- latitude: double (nullable = true)
 |-- longitude: double (nullable = true)
 |-- maintenance_year: date (nullable = true)
 |-- square: double (nullable = true)
 |-- population: integer (nullable = true)
 |-- region: string (nullable = true)
 |-- locality_name: string (nullable = true)
 |-- address: string (nullable = true)
 |-- full_address: string (nullable = true)
 |-- communal_service_id: double (nullable = true)
 |-- description: string (nullable = true)
[2025-11-19T18:14:00.188+0000] {test_deep.py:93} INFO - ---Вычисления и аналитика преобразованных данных---
[2025-11-19T18:14:04.579+0000] {test_deep.py:102} INFO - Средний год постройки зданий: 1970
[2025-11-19T18:14:04.579+0000] {test_deep.py:103} INFO - Медианный год постройки: 1970
[2025-11-19T18:14:04.591+0000] {test_deep.py:107} INFO - Топ 10 регионов по количеству объектов:
[2025-11-19T18:14:06.532+0000] {test_deep.py:110} INFO -   Московская область: 30177
[2025-11-19T18:14:06.532+0000] {test_deep.py:110} INFO -   Свердловская область: 27230
[2025-11-19T18:14:06.537+0000] {test_deep.py:110} INFO -   Москва: 24717
[2025-11-19T18:14:06.538+0000] {test_deep.py:110} INFO -   Нижегородская область: 18016
[2025-11-19T18:14:06.538+0000] {test_deep.py:110} INFO -   Республика Татарстан: 14400
[2025-11-19T18:14:06.538+0000] {test_deep.py:110} INFO -   Красноярский край: 14349
[2025-11-19T18:14:06.539+0000] {test_deep.py:110} INFO -   Кемеровская область: 13285
[2025-11-19T18:14:06.539+0000] {test_deep.py:110} INFO -   Самарская область: 13042
[2025-11-19T18:14:06.539+0000] {test_deep.py:110} INFO -   Ростовская область: 12040
[2025-11-19T18:14:06.539+0000] {test_deep.py:110} INFO -   Иркутская область: 11983
[2025-11-19T18:14:06.547+0000] {test_deep.py:114} INFO - Топ 10 городов по количеству объектов:
[2025-11-19T18:14:08.540+0000] {test_deep.py:117} INFO -   Москва: 24617
[2025-11-19T18:14:08.541+0000] {test_deep.py:117} INFO -   Самара: 6940
[2025-11-19T18:14:08.541+0000] {test_deep.py:117} INFO -   Екатеринбург: 6824
[2025-11-19T18:14:08.541+0000] {test_deep.py:117} INFO -   Санкт-Петербург: 6077
[2025-11-19T18:14:08.542+0000] {test_deep.py:117} INFO -   Нижний Новгород: 5898
[2025-11-19T18:14:08.542+0000] {test_deep.py:117} INFO -   Новосибирск: 5441
[2025-11-19T18:14:08.542+0000] {test_deep.py:117} INFO -   Красноярск: 5296
[2025-11-19T18:14:08.543+0000] {test_deep.py:117} INFO -   Ростов-на-Дону: 5132
[2025-11-19T18:14:08.543+0000] {test_deep.py:117} INFO -   Казань: 4896
[2025-11-19T18:14:08.543+0000] {test_deep.py:117} INFO -   Калининград: 4863
[2025-11-19T18:14:08.587+0000] {test_deep.py:127} INFO - Количество зданий по десятилетиям:
[2025-11-19T18:14:11.066+0000] {test_deep.py:129} INFO -   1800: 22
[2025-11-19T18:14:11.067+0000] {test_deep.py:129} INFO -   1810: 16
[2025-11-19T18:14:11.068+0000] {test_deep.py:129} INFO -   1820: 47
[2025-11-19T18:14:11.068+0000] {test_deep.py:129} INFO -   1830: 69
[2025-11-19T18:14:11.068+0000] {test_deep.py:129} INFO -   1840: 72
[2025-11-19T18:14:11.069+0000] {test_deep.py:129} INFO -   1850: 127
[2025-11-19T18:14:11.069+0000] {test_deep.py:129} INFO -   1860: 187
[2025-11-19T18:14:11.069+0000] {test_deep.py:129} INFO -   1870: 379
[2025-11-19T18:14:11.070+0000] {test_deep.py:129} INFO -   1880: 690
[2025-11-19T18:14:11.070+0000] {test_deep.py:129} INFO -   1890: 1202
[2025-11-19T18:14:11.070+0000] {test_deep.py:129} INFO -   1900: 2630
[2025-11-19T18:14:11.070+0000] {test_deep.py:129} INFO -   1910: 13717
[2025-11-19T18:14:11.071+0000] {test_deep.py:129} INFO -   1920: 4762
[2025-11-19T18:14:11.071+0000] {test_deep.py:129} INFO -   1930: 12472
[2025-11-19T18:14:11.071+0000] {test_deep.py:129} INFO -   1940: 18664
[2025-11-19T18:14:11.071+0000] {test_deep.py:129} INFO -   1950: 82721
[2025-11-19T18:14:11.071+0000] {test_deep.py:129} INFO -   1960: 109138
[2025-11-19T18:14:11.072+0000] {test_deep.py:129} INFO -   1970: 95115
[2025-11-19T18:14:11.072+0000] {test_deep.py:129} INFO -   1980: 88624
[2025-11-19T18:14:11.072+0000] {test_deep.py:129} INFO -   1990: 41858
[2025-11-19T18:14:11.073+0000] {test_deep.py:129} INFO -   2000: 22809
[2025-11-19T18:14:11.073+0000] {test_deep.py:129} INFO -   2010: 13720
[2025-11-19T18:14:11.073+0000] {test_deep.py:129} INFO -   2020: 1
[2025-11-19T18:14:11.074+0000] {test_deep.py:132} INFO - Начинаем загрузку в ClickHouse...
[2025-11-19T18:14:11.094+0000] {test_deep.py:140} INFO - ✅ Подключение к ClickHouse установлено
[2025-11-19T18:14:11.097+0000] {test_deep.py:164} INFO - ✅ Таблица создана или уже существует
[2025-11-19T18:14:19.885+0000] {test_deep.py:187} INFO - Подготовлено 509042 записей для загрузки в ClickHouse
[2025-11-19T18:14:20.349+0000] {transform.py:110} ERROR - Error serializing column `maintenance_year` into data type `Date`
Traceback (most recent call last):
  File "/home/airflow/.local/lib/python3.12/site-packages/clickhouse_connect/driver/common.py", line 57, in write_array
    dest += buff.pack(*column)
            ^^^^^^^^^^^^^^^^^^
struct.error: 'H' format requires 0 <= number <= 65535

The above exception was the direct cause of the following exception:

Traceback (most recent call last):
  File "/home/airflow/.local/lib/python3.12/site-packages/clickhouse_connect/driver/transform.py", line 104, in chunk_gen
    col_type.write_column(data, output, context)
  File "/home/airflow/.local/lib/python3.12/site-packages/clickhouse_connect/datatypes/base.py", line 209, in write_column
    self.write_column_data(column, dest, ctx)
  File "/home/airflow/.local/lib/python3.12/site-packages/clickhouse_connect/datatypes/base.py", line 224, in write_column_data
    self._write_column_binary(column, dest, ctx)
  File "/home/airflow/.local/lib/python3.12/site-packages/clickhouse_connect/datatypes/temporal.py", line 48, in _write_column_binary
    write_array(self._array_type, column, dest, ctx.column_name)
  File "/home/airflow/.local/lib/python3.12/site-packages/clickhouse_connect/driver/common.py", line 62, in write_array
    raise DataError(f'Unable to create Python array{col_msg}.  This is usually caused by trying to insert None ' +
clickhouse_connect.driver.exceptions.DataError: Unable to create Python array for source column `maintenance_year`.  This is usually caused by trying to insert None values into a ClickHouse column that is not Nullable
[2025-11-19T18:14:20.352+0000] {test_deep.py:209} ERROR - ❌ Ошибка: Unable to create Python array for source column `maintenance_year`.  This is usually caused by trying to insert None values into a ClickHouse column that is not Nullable
[2025-11-19T18:14:20.386+0000] {taskinstance.py:441} INFO - ::group::Post task execution logs
[2025-11-19T18:14:20.387+0000] {taskinstance.py:2905} ERROR - Task failed with exception
Traceback (most recent call last):
  File "/home/airflow/.local/lib/python3.12/site-packages/clickhouse_connect/driver/common.py", line 57, in write_array
    dest += buff.pack(*column)
            ^^^^^^^^^^^^^^^^^^
struct.error: 'H' format requires 0 <= number <= 65535

The above exception was the direct cause of the following exception:

Traceback (most recent call last):
  File "/home/airflow/.local/lib/python3.12/site-packages/airflow/models/taskinstance.py", line 465, in _execute_task
    result = _execute_callable(context=context, **execute_callable_kwargs)
             ^^^^^^^^^^^^^^^^^^^^^^^^^^^^^^^^^^^^^^^^^^^^^^^^^^^^^^^^^^^^^
  File "/home/airflow/.local/lib/python3.12/site-packages/airflow/models/taskinstance.py", line 432, in _execute_callable
    return execute_callable(context=context, **execute_callable_kwargs)
           ^^^^^^^^^^^^^^^^^^^^^^^^^^^^^^^^^^^^^^^^^^^^^^^^^^^^^^^^^^^^
  File "/home/airflow/.local/lib/python3.12/site-packages/airflow/models/baseoperator.py", line 401, in wrapper
    return func(self, *args, **kwargs)
           ^^^^^^^^^^^^^^^^^^^^^^^^^^^
  File "/home/airflow/.local/lib/python3.12/site-packages/airflow/operators/python.py", line 235, in execute
    return_value = self.execute_callable()
                   ^^^^^^^^^^^^^^^^^^^^^^^
  File "/home/airflow/.local/lib/python3.12/site-packages/airflow/operators/python.py", line 252, in execute_callable
    return self.python_callable(*self.op_args, **self.op_kwargs)
           ^^^^^^^^^^^^^^^^^^^^^^^^^^^^^^^^^^^^^^^^^^^^^^^^^^^^^
  File "/opt/airflow/dags/test_deep.py", line 190, in russian_houses_analysis_and_load
    client.insert('russian_houses',
  File "/home/airflow/.local/lib/python3.12/site-packages/clickhouse_connect/driver/client.py", line 618, in insert
    return self.data_insert(context)
           ^^^^^^^^^^^^^^^^^^^^^^^^^
  File "/home/airflow/.local/lib/python3.12/site-packages/clickhouse_connect/driver/httpclient.py", line 268, in data_insert
    response = self._raw_request(block_gen, params, headers, error_handler=error_handler, server_wait=False)
               ^^^^^^^^^^^^^^^^^^^^^^^^^^^^^^^^^^^^^^^^^^^^^^^^^^^^^^^^^^^^^^^^^^^^^^^^^^^^^^^^^^^^^^^^^^^^^
  File "/home/airflow/.local/lib/python3.12/site-packages/clickhouse_connect/driver/httpclient.py", line 454, in _raw_request
    error_handler(response)
  File "/home/airflow/.local/lib/python3.12/site-packages/clickhouse_connect/driver/httpclient.py", line 253, in error_handler
    raise ex
  File "/home/airflow/.local/lib/python3.12/site-packages/clickhouse_connect/driver/transform.py", line 104, in chunk_gen
    col_type.write_column(data, output, context)
  File "/home/airflow/.local/lib/python3.12/site-packages/clickhouse_connect/datatypes/base.py", line 209, in write_column
    self.write_column_data(column, dest, ctx)
  File "/home/airflow/.local/lib/python3.12/site-packages/clickhouse_connect/datatypes/base.py", line 224, in write_column_data
    self._write_column_binary(column, dest, ctx)
  File "/home/airflow/.local/lib/python3.12/site-packages/clickhouse_connect/datatypes/temporal.py", line 48, in _write_column_binary
    write_array(self._array_type, column, dest, ctx.column_name)
  File "/home/airflow/.local/lib/python3.12/site-packages/clickhouse_connect/driver/common.py", line 62, in write_array
    raise DataError(f'Unable to create Python array{col_msg}.  This is usually caused by trying to insert None ' +
clickhouse_connect.driver.exceptions.DataError: Unable to create Python array for source column `maintenance_year`.  This is usually caused by trying to insert None values into a ClickHouse column that is not Nullable
[2025-11-19T18:14:20.396+0000] {taskinstance.py:1206} INFO - Marking task as FAILED. dag_id=coursework_test_connect_2, task_id=process_and_load_houses_data, run_id=manual__2025-11-19T18:13:15.374184+00:00, execution_date=20251119T181315, start_date=20251119T181316, end_date=20251119T181420
[2025-11-19T18:14:20.408+0000] {standard_task_runner.py:110} ERROR - Failed to execute job 196 for task process_and_load_houses_data (Unable to create Python array for source column `maintenance_year`.  This is usually caused by trying to insert None values into a ClickHouse column that is not Nullable; 4332)
[2025-11-19T18:14:20.493+0000] {local_task_job_runner.py:240} INFO - Task exited with return code 1
[2025-11-19T18:14:20.508+0000] {taskinstance.py:3503} INFO - 0 downstream tasks scheduled from follow-on schedule check
[2025-11-19T18:14:20.510+0000] {local_task_job_runner.py:222} INFO - ::endgroup::
