[2025-11-20T17:23:08.961+0000] {local_task_job_runner.py:120} INFO - ::group::Pre task execution logs
[2025-11-20T17:23:09.172+0000] {taskinstance.py:2076} INFO - Dependencies all met for dep_context=non-requeueable deps ti=<TaskInstance: clickhouse_connect_test.load_with_connect scheduled__2025-11-19T00:00:00+00:00 [queued]>
[2025-11-20T17:23:09.180+0000] {taskinstance.py:2076} INFO - Dependencies all met for dep_context=requeueable deps ti=<TaskInstance: clickhouse_connect_test.load_with_connect scheduled__2025-11-19T00:00:00+00:00 [queued]>
[2025-11-20T17:23:09.182+0000] {taskinstance.py:2306} INFO - Starting attempt 1 of 1
[2025-11-20T17:23:09.201+0000] {taskinstance.py:2330} INFO - Executing <Task(PythonOperator): load_with_connect> on 2025-11-19 00:00:00+00:00
[2025-11-20T17:23:09.211+0000] {warnings.py:112} WARNING - /home/***/.local/lib/python3.12/site-packages/***/task/task_runner/standard_task_runner.py:61: DeprecationWarning: This process (pid=67) is multi-threaded, use of fork() may lead to deadlocks in the child.
  pid = os.fork()

[2025-11-20T17:23:09.212+0000] {standard_task_runner.py:90} INFO - Running: ['***', 'tasks', 'run', 'clickhouse_connect_test', 'load_with_connect', 'scheduled__2025-11-19T00:00:00+00:00', '--job-id', '205', '--raw', '--subdir', 'DAGS_FOLDER/test_ch_3.py', '--cfg-path', '/tmp/tmpm04nsbo7']
[2025-11-20T17:23:09.214+0000] {standard_task_runner.py:63} INFO - Started process 69 to run task
[2025-11-20T17:23:09.215+0000] {standard_task_runner.py:91} INFO - Job 205: Subtask load_with_connect
[2025-11-20T17:23:09.271+0000] {task_command.py:426} INFO - Running <TaskInstance: clickhouse_connect_test.load_with_connect scheduled__2025-11-19T00:00:00+00:00 [running]> on host 8374c225f2b5
[2025-11-20T17:23:09.457+0000] {taskinstance.py:2648} INFO - Exporting env vars: AIRFLOW_CTX_DAG_OWNER='***' AIRFLOW_CTX_DAG_ID='clickhouse_connect_test' AIRFLOW_CTX_TASK_ID='load_with_connect' AIRFLOW_CTX_EXECUTION_DATE='2025-11-19T00:00:00+00:00' AIRFLOW_CTX_TRY_NUMBER='1' AIRFLOW_CTX_DAG_RUN_ID='scheduled__2025-11-19T00:00:00+00:00'
[2025-11-20T17:23:09.464+0000] {taskinstance.py:430} INFO - ::endgroup::
[2025-11-20T17:23:09.576+0000] {connectionpool.py:874} WARNING - Retrying (Retry(total=0, connect=None, read=None, redirect=0, status=None)) after connection broken by 'NewConnectionError('<urllib3.connection.HTTPConnection object at 0x79109f53cf80>: Failed to establish a new connection: [Errno 101] Network is unreachable')': /?wait_end_of_query=1
[2025-11-20T17:23:09.595+0000] {httpclient.py:441} WARNING - Unexpected Http Driver Exception
[2025-11-20T17:23:09.596+0000] {test_ch_3.py:36} ERROR - ❌ Ошибка: Error HTTPConnectionPool(host='host.docker.internal', port=8123): Max retries exceeded with url: /?wait_end_of_query=1 (Caused by NewConnectionError('<urllib3.connection.HTTPConnection object at 0x79109f53d0a0>: Failed to establish a new connection: [Errno 101] Network is unreachable')) executing HTTP request attempt 1 (http://host.docker.internal:8123)
[2025-11-20T17:23:09.597+0000] {taskinstance.py:441} INFO - ::group::Post task execution logs
[2025-11-20T17:23:09.599+0000] {taskinstance.py:2905} ERROR - Task failed with exception
Traceback (most recent call last):
  File "/home/airflow/.local/lib/python3.12/site-packages/urllib3/connection.py", line 198, in _new_conn
    sock = connection.create_connection(
           ^^^^^^^^^^^^^^^^^^^^^^^^^^^^^
  File "/home/airflow/.local/lib/python3.12/site-packages/urllib3/util/connection.py", line 85, in create_connection
    raise err
  File "/home/airflow/.local/lib/python3.12/site-packages/urllib3/util/connection.py", line 73, in create_connection
    sock.connect(sa)
OSError: [Errno 101] Network is unreachable

The above exception was the direct cause of the following exception:

Traceback (most recent call last):
  File "/home/airflow/.local/lib/python3.12/site-packages/urllib3/connectionpool.py", line 793, in urlopen
    response = self._make_request(
               ^^^^^^^^^^^^^^^^^^^
  File "/home/airflow/.local/lib/python3.12/site-packages/urllib3/connectionpool.py", line 496, in _make_request
    conn.request(
  File "/home/airflow/.local/lib/python3.12/site-packages/urllib3/connection.py", line 400, in request
    self.endheaders()
  File "/usr/local/lib/python3.12/http/client.py", line 1331, in endheaders
    self._send_output(message_body, encode_chunked=encode_chunked)
  File "/usr/local/lib/python3.12/http/client.py", line 1091, in _send_output
    self.send(msg)
  File "/usr/local/lib/python3.12/http/client.py", line 1035, in send
    self.connect()
  File "/home/airflow/.local/lib/python3.12/site-packages/urllib3/connection.py", line 238, in connect
    self.sock = self._new_conn()
                ^^^^^^^^^^^^^^^^
  File "/home/airflow/.local/lib/python3.12/site-packages/urllib3/connection.py", line 213, in _new_conn
    raise NewConnectionError(
urllib3.exceptions.NewConnectionError: <urllib3.connection.HTTPConnection object at 0x79109f53d0a0>: Failed to establish a new connection: [Errno 101] Network is unreachable

The above exception was the direct cause of the following exception:

Traceback (most recent call last):
  File "/home/airflow/.local/lib/python3.12/site-packages/clickhouse_connect/driver/httpclient.py", line 431, in _raw_request
    response = self.http.request(method, url, **kwargs)
               ^^^^^^^^^^^^^^^^^^^^^^^^^^^^^^^^^^^^^^^^
  File "/home/airflow/.local/lib/python3.12/site-packages/urllib3/_request_methods.py", line 144, in request
    return self.request_encode_body(
           ^^^^^^^^^^^^^^^^^^^^^^^^^
  File "/home/airflow/.local/lib/python3.12/site-packages/urllib3/_request_methods.py", line 279, in request_encode_body
    return self.urlopen(method, url, **extra_kw)
           ^^^^^^^^^^^^^^^^^^^^^^^^^^^^^^^^^^^^^
  File "/home/airflow/.local/lib/python3.12/site-packages/urllib3/poolmanager.py", line 444, in urlopen
    response = conn.urlopen(method, u.request_uri, **kw)
               ^^^^^^^^^^^^^^^^^^^^^^^^^^^^^^^^^^^^^^^^^
  File "/home/airflow/.local/lib/python3.12/site-packages/urllib3/connectionpool.py", line 877, in urlopen
    return self.urlopen(
           ^^^^^^^^^^^^^
  File "/home/airflow/.local/lib/python3.12/site-packages/urllib3/connectionpool.py", line 847, in urlopen
    retries = retries.increment(
              ^^^^^^^^^^^^^^^^^^
  File "/home/airflow/.local/lib/python3.12/site-packages/urllib3/util/retry.py", line 515, in increment
    raise MaxRetryError(_pool, url, reason) from reason  # type: ignore[arg-type]
    ^^^^^^^^^^^^^^^^^^^^^^^^^^^^^^^^^^^^^^^^^^^^^^^^^^^
urllib3.exceptions.MaxRetryError: HTTPConnectionPool(host='host.docker.internal', port=8123): Max retries exceeded with url: /?wait_end_of_query=1 (Caused by NewConnectionError('<urllib3.connection.HTTPConnection object at 0x79109f53d0a0>: Failed to establish a new connection: [Errno 101] Network is unreachable'))

The above exception was the direct cause of the following exception:

Traceback (most recent call last):
  File "/home/airflow/.local/lib/python3.12/site-packages/airflow/models/taskinstance.py", line 465, in _execute_task
    result = _execute_callable(context=context, **execute_callable_kwargs)
             ^^^^^^^^^^^^^^^^^^^^^^^^^^^^^^^^^^^^^^^^^^^^^^^^^^^^^^^^^^^^^
  File "/home/airflow/.local/lib/python3.12/site-packages/airflow/models/taskinstance.py", line 432, in _execute_callable
    return execute_callable(context=context, **execute_callable_kwargs)
           ^^^^^^^^^^^^^^^^^^^^^^^^^^^^^^^^^^^^^^^^^^^^^^^^^^^^^^^^^^^^
  File "/home/airflow/.local/lib/python3.12/site-packages/airflow/models/baseoperator.py", line 401, in wrapper
    return func(self, *args, **kwargs)
           ^^^^^^^^^^^^^^^^^^^^^^^^^^^
  File "/home/airflow/.local/lib/python3.12/site-packages/airflow/operators/python.py", line 235, in execute
    return_value = self.execute_callable()
                   ^^^^^^^^^^^^^^^^^^^^^^^
  File "/home/airflow/.local/lib/python3.12/site-packages/airflow/operators/python.py", line 252, in execute_callable
    return self.python_callable(*self.op_args, **self.op_kwargs)
           ^^^^^^^^^^^^^^^^^^^^^^^^^^^^^^^^^^^^^^^^^^^^^^^^^^^^^
  File "/opt/airflow/dags/test_ch_3.py", line 11, in load_with_clickhouse_connect
    client = clickhouse_connect.get_client(host='host.docker.internal')
             ^^^^^^^^^^^^^^^^^^^^^^^^^^^^^^^^^^^^^^^^^^^^^^^^^^^^^^^^^^
  File "/home/airflow/.local/lib/python3.12/site-packages/clickhouse_connect/driver/__init__.py", line 115, in create_client
    return HttpClient(interface, host, port, username, password, database, settings=settings, **kwargs)
           ^^^^^^^^^^^^^^^^^^^^^^^^^^^^^^^^^^^^^^^^^^^^^^^^^^^^^^^^^^^^^^^^^^^^^^^^^^^^^^^^^^^^^^^^^^^^
  File "/home/airflow/.local/lib/python3.12/site-packages/clickhouse_connect/driver/httpclient.py", line 155, in __init__
    super().__init__(database=database,
  File "/home/airflow/.local/lib/python3.12/site-packages/clickhouse_connect/driver/client.py", line 67, in __init__
    tuple(self.command('SELECT version(), timezone()', use_database=False))
          ^^^^^^^^^^^^^^^^^^^^^^^^^^^^^^^^^^^^^^^^^^^^^^^^^^^^^^^^^^^^^^^^
  File "/home/airflow/.local/lib/python3.12/site-packages/clickhouse_connect/driver/httpclient.py", line 349, in command
    response = self._raw_request(payload, params, headers, method, fields=fields)
               ^^^^^^^^^^^^^^^^^^^^^^^^^^^^^^^^^^^^^^^^^^^^^^^^^^^^^^^^^^^^^^^^^^
  File "/home/airflow/.local/lib/python3.12/site-packages/clickhouse_connect/driver/httpclient.py", line 443, in _raw_request
    raise OperationalError(f'Error {ex} executing HTTP request attempt {attempts}{err_url}') from ex
clickhouse_connect.driver.exceptions.OperationalError: Error HTTPConnectionPool(host='host.docker.internal', port=8123): Max retries exceeded with url: /?wait_end_of_query=1 (Caused by NewConnectionError('<urllib3.connection.HTTPConnection object at 0x79109f53d0a0>: Failed to establish a new connection: [Errno 101] Network is unreachable')) executing HTTP request attempt 1 (http://host.docker.internal:8123)
[2025-11-20T17:23:09.701+0000] {taskinstance.py:1206} INFO - Marking task as FAILED. dag_id=clickhouse_connect_test, task_id=load_with_connect, run_id=scheduled__2025-11-19T00:00:00+00:00, execution_date=20251119T000000, start_date=20251120T172309, end_date=20251120T172309
[2025-11-20T17:23:09.729+0000] {standard_task_runner.py:110} ERROR - Failed to execute job 205 for task load_with_connect (Error HTTPConnectionPool(host='host.docker.internal', port=8123): Max retries exceeded with url: /?wait_end_of_query=1 (Caused by NewConnectionError('<urllib3.connection.HTTPConnection object at 0x79109f53d0a0>: Failed to establish a new connection: [Errno 101] Network is unreachable')) executing HTTP request attempt 1 (http://host.docker.internal:8123); 69)
[2025-11-20T17:23:09.754+0000] {local_task_job_runner.py:240} INFO - Task exited with return code 1
[2025-11-20T17:23:09.776+0000] {taskinstance.py:3503} INFO - 0 downstream tasks scheduled from follow-on schedule check
[2025-11-20T17:23:09.780+0000] {local_task_job_runner.py:222} INFO - ::endgroup::
