[2025-11-16T14:51:37.148+0000] {local_task_job_runner.py:120} INFO - ::group::Pre task execution logs
[2025-11-16T14:51:37.167+0000] {taskinstance.py:2076} INFO - Dependencies all met for dep_context=non-requeueable deps ti=<TaskInstance: process_csv_pyspark_only.process_csv_simple manual__2025-11-16T14:51:36.606280+00:00 [queued]>
[2025-11-16T14:51:37.174+0000] {taskinstance.py:2076} INFO - Dependencies all met for dep_context=requeueable deps ti=<TaskInstance: process_csv_pyspark_only.process_csv_simple manual__2025-11-16T14:51:36.606280+00:00 [queued]>
[2025-11-16T14:51:37.174+0000] {taskinstance.py:2306} INFO - Starting attempt 1 of 1
[2025-11-16T14:51:37.184+0000] {taskinstance.py:2330} INFO - Executing <Task(PythonOperator): process_csv_simple> on 2025-11-16 14:51:36.606280+00:00
[2025-11-16T14:51:37.189+0000] {warnings.py:112} WARNING - /home/***/.local/lib/python3.12/site-packages/***/task/task_runner/standard_task_runner.py:61: DeprecationWarning: This process (pid=1139) is multi-threaded, use of fork() may lead to deadlocks in the child.
  pid = os.fork()

[2025-11-16T14:51:37.190+0000] {standard_task_runner.py:63} INFO - Started process 1140 to run task
[2025-11-16T14:51:37.190+0000] {standard_task_runner.py:90} INFO - Running: ['***', 'tasks', 'run', 'process_csv_pyspark_only', 'process_csv_simple', 'manual__2025-11-16T14:51:36.606280+00:00', '--job-id', '129', '--raw', '--subdir', 'DAGS_FOLDER/test_read_csv.py', '--cfg-path', '/tmp/tmpr249iz99']
[2025-11-16T14:51:37.191+0000] {standard_task_runner.py:91} INFO - Job 129: Subtask process_csv_simple
[2025-11-16T14:51:37.225+0000] {task_command.py:426} INFO - Running <TaskInstance: process_csv_pyspark_only.process_csv_simple manual__2025-11-16T14:51:36.606280+00:00 [running]> on host 8374c225f2b5
[2025-11-16T14:51:37.293+0000] {taskinstance.py:2648} INFO - Exporting env vars: AIRFLOW_CTX_DAG_OWNER='***' AIRFLOW_CTX_DAG_ID='process_csv_pyspark_only' AIRFLOW_CTX_TASK_ID='process_csv_simple' AIRFLOW_CTX_EXECUTION_DATE='2025-11-16T14:51:36.606280+00:00' AIRFLOW_CTX_TRY_NUMBER='1' AIRFLOW_CTX_DAG_RUN_ID='manual__2025-11-16T14:51:36.606280+00:00'
[2025-11-16T14:51:37.294+0000] {taskinstance.py:430} INFO - ::endgroup::
[2025-11-16T14:51:37.306+0000] {logging_mixin.py:188} INFO - === УПРОЩЕННАЯ ОБРАБОТКА CSV ===
[2025-11-16T14:52:17.542+0000] {taskinstance.py:441} INFO - ::group::Post task execution logs
[2025-11-16T14:52:17.544+0000] {taskinstance.py:2905} ERROR - Task failed with exception
Traceback (most recent call last):
  File "/home/airflow/.local/lib/python3.12/site-packages/airflow/models/taskinstance.py", line 465, in _execute_task
    result = _execute_callable(context=context, **execute_callable_kwargs)
             ^^^^^^^^^^^^^^^^^^^^^^^^^^^^^^^^^^^^^^^^^^^^^^^^^^^^^^^^^^^^^
  File "/home/airflow/.local/lib/python3.12/site-packages/airflow/models/taskinstance.py", line 432, in _execute_callable
    return execute_callable(context=context, **execute_callable_kwargs)
           ^^^^^^^^^^^^^^^^^^^^^^^^^^^^^^^^^^^^^^^^^^^^^^^^^^^^^^^^^^^^
  File "/home/airflow/.local/lib/python3.12/site-packages/airflow/models/baseoperator.py", line 401, in wrapper
    return func(self, *args, **kwargs)
           ^^^^^^^^^^^^^^^^^^^^^^^^^^^
  File "/home/airflow/.local/lib/python3.12/site-packages/airflow/operators/python.py", line 235, in execute
    return_value = self.execute_callable()
                   ^^^^^^^^^^^^^^^^^^^^^^^
  File "/home/airflow/.local/lib/python3.12/site-packages/airflow/operators/python.py", line 252, in execute_callable
    return self.python_callable(*self.op_args, **self.op_kwargs)
           ^^^^^^^^^^^^^^^^^^^^^^^^^^^^^^^^^^^^^^^^^^^^^^^^^^^^^
  File "/opt/airflow/dags/test_read_csv.py", line 48, in simple_csv_processing
    .csv('/content/russian_houses.csv')
     ^^^^^^^^^^^^^^^^^^^^^^^^^^^^^^^^^^
  File "/home/airflow/.local/lib/python3.12/site-packages/pyspark/sql/readwriter.py", line 727, in csv
    return self._df(self._jreader.csv(self._spark._sc._jvm.PythonUtils.toSeq(path)))
                    ^^^^^^^^^^^^^^^^^^^^^^^^^^^^^^^^^^^^^^^^^^^^^^^^^^^^^^^^^^^^^^^
  File "/opt/spark/spark-3.4.2-bin-hadoop3/python/lib/py4j-0.10.9.7-src.zip/py4j/java_gateway.py", line 1322, in __call__
    return_value = get_return_value(
                   ^^^^^^^^^^^^^^^^^
  File "/home/airflow/.local/lib/python3.12/site-packages/pyspark/errors/exceptions/captured.py", line 175, in deco
    raise converted from None
pyspark.errors.exceptions.captured.AnalysisException: [PATH_NOT_FOUND] Path does not exist: file:/content/russian_houses.csv.
[2025-11-16T14:52:17.561+0000] {taskinstance.py:1206} INFO - Marking task as FAILED. dag_id=process_csv_pyspark_only, task_id=process_csv_simple, run_id=manual__2025-11-16T14:51:36.606280+00:00, execution_date=20251116T145136, start_date=20251116T145137, end_date=20251116T145217
[2025-11-16T14:52:17.573+0000] {standard_task_runner.py:110} ERROR - Failed to execute job 129 for task process_csv_simple ([PATH_NOT_FOUND] Path does not exist: file:/content/russian_houses.csv.; 1140)
[2025-11-16T14:52:17.602+0000] {local_task_job_runner.py:240} INFO - Task exited with return code 1
[2025-11-16T14:52:17.618+0000] {taskinstance.py:3503} INFO - 0 downstream tasks scheduled from follow-on schedule check
[2025-11-16T14:52:17.619+0000] {local_task_job_runner.py:222} INFO - ::endgroup::
