[2025-11-16T08:31:54.083+0000] {processor.py:161} INFO - Started process (PID=46) to work on /opt/airflow/dags/test_pyspark_dag.py
[2025-11-16T08:31:54.085+0000] {processor.py:830} INFO - Processing file /opt/airflow/dags/test_pyspark_dag.py for tasks to queue
[2025-11-16T08:31:54.087+0000] {logging_mixin.py:188} INFO - [2025-11-16T08:31:54.087+0000] {dagbag.py:545} INFO - Filling up the DagBag from /opt/airflow/dags/test_pyspark_dag.py
[2025-11-16T08:31:54.101+0000] {logging_mixin.py:188} INFO - [2025-11-16T08:31:54.100+0000] {dagbag.py:355} ERROR - Failed to import: /opt/airflow/dags/test_pyspark_dag.py
Traceback (most recent call last):
  File "/home/airflow/.local/lib/python3.12/site-packages/airflow/models/dagbag.py", line 351, in parse
    loader.exec_module(new_module)
  File "<frozen importlib._bootstrap_external>", line 991, in exec_module
  File "<frozen importlib._bootstrap_external>", line 1129, in get_code
  File "<frozen importlib._bootstrap_external>", line 1059, in source_to_code
  File "<frozen importlib._bootstrap>", line 488, in _call_with_frames_removed
  File "/opt/airflow/dags/test_pyspark_dag.py", line 43
    .master("local[1]") \  # Используем только 1 ядро для стабильности
                                                                      ^
SyntaxError: unexpected character after line continuation character
[2025-11-16T08:31:54.103+0000] {processor.py:842} WARNING - No viable dags retrieved from /opt/airflow/dags/test_pyspark_dag.py
[2025-11-16T08:31:54.123+0000] {processor.py:183} INFO - Processing /opt/airflow/dags/test_pyspark_dag.py took 0.045 seconds
[2025-11-16T08:32:24.260+0000] {processor.py:161} INFO - Started process (PID=53) to work on /opt/airflow/dags/test_pyspark_dag.py
[2025-11-16T08:32:24.261+0000] {processor.py:830} INFO - Processing file /opt/airflow/dags/test_pyspark_dag.py for tasks to queue
[2025-11-16T08:32:24.263+0000] {logging_mixin.py:188} INFO - [2025-11-16T08:32:24.263+0000] {dagbag.py:545} INFO - Filling up the DagBag from /opt/airflow/dags/test_pyspark_dag.py
[2025-11-16T08:32:24.270+0000] {logging_mixin.py:188} INFO - [2025-11-16T08:32:24.270+0000] {dagbag.py:355} ERROR - Failed to import: /opt/airflow/dags/test_pyspark_dag.py
Traceback (most recent call last):
  File "/home/airflow/.local/lib/python3.12/site-packages/airflow/models/dagbag.py", line 351, in parse
    loader.exec_module(new_module)
  File "<frozen importlib._bootstrap_external>", line 991, in exec_module
  File "<frozen importlib._bootstrap_external>", line 1129, in get_code
  File "<frozen importlib._bootstrap_external>", line 1059, in source_to_code
  File "<frozen importlib._bootstrap>", line 488, in _call_with_frames_removed
  File "/opt/airflow/dags/test_pyspark_dag.py", line 43
    .master("local[1]") \  # Используем только 1 ядро для стабильности
                                                                      ^
SyntaxError: unexpected character after line continuation character
[2025-11-16T08:32:24.271+0000] {processor.py:842} WARNING - No viable dags retrieved from /opt/airflow/dags/test_pyspark_dag.py
[2025-11-16T08:32:24.284+0000] {processor.py:183} INFO - Processing /opt/airflow/dags/test_pyspark_dag.py took 0.028 seconds
[2025-11-16T08:32:54.423+0000] {processor.py:161} INFO - Started process (PID=60) to work on /opt/airflow/dags/test_pyspark_dag.py
[2025-11-16T08:32:54.424+0000] {processor.py:830} INFO - Processing file /opt/airflow/dags/test_pyspark_dag.py for tasks to queue
[2025-11-16T08:32:54.425+0000] {logging_mixin.py:188} INFO - [2025-11-16T08:32:54.425+0000] {dagbag.py:545} INFO - Filling up the DagBag from /opt/airflow/dags/test_pyspark_dag.py
[2025-11-16T08:32:54.433+0000] {logging_mixin.py:188} INFO - [2025-11-16T08:32:54.432+0000] {dagbag.py:355} ERROR - Failed to import: /opt/airflow/dags/test_pyspark_dag.py
Traceback (most recent call last):
  File "/home/airflow/.local/lib/python3.12/site-packages/airflow/models/dagbag.py", line 351, in parse
    loader.exec_module(new_module)
  File "<frozen importlib._bootstrap_external>", line 991, in exec_module
  File "<frozen importlib._bootstrap_external>", line 1129, in get_code
  File "<frozen importlib._bootstrap_external>", line 1059, in source_to_code
  File "<frozen importlib._bootstrap>", line 488, in _call_with_frames_removed
  File "/opt/airflow/dags/test_pyspark_dag.py", line 43
    .master("local[1]") \  # Используем только 1 ядро для стабильности
                                                                      ^
SyntaxError: unexpected character after line continuation character
[2025-11-16T08:32:54.433+0000] {processor.py:842} WARNING - No viable dags retrieved from /opt/airflow/dags/test_pyspark_dag.py
[2025-11-16T08:32:54.444+0000] {processor.py:183} INFO - Processing /opt/airflow/dags/test_pyspark_dag.py took 0.025 seconds
[2025-11-16T08:33:24.588+0000] {processor.py:161} INFO - Started process (PID=67) to work on /opt/airflow/dags/test_pyspark_dag.py
[2025-11-16T08:33:24.588+0000] {processor.py:830} INFO - Processing file /opt/airflow/dags/test_pyspark_dag.py for tasks to queue
[2025-11-16T08:33:24.590+0000] {logging_mixin.py:188} INFO - [2025-11-16T08:33:24.590+0000] {dagbag.py:545} INFO - Filling up the DagBag from /opt/airflow/dags/test_pyspark_dag.py
[2025-11-16T08:33:24.599+0000] {logging_mixin.py:188} INFO - [2025-11-16T08:33:24.598+0000] {dagbag.py:355} ERROR - Failed to import: /opt/airflow/dags/test_pyspark_dag.py
Traceback (most recent call last):
  File "/home/airflow/.local/lib/python3.12/site-packages/airflow/models/dagbag.py", line 351, in parse
    loader.exec_module(new_module)
  File "<frozen importlib._bootstrap_external>", line 991, in exec_module
  File "<frozen importlib._bootstrap_external>", line 1129, in get_code
  File "<frozen importlib._bootstrap_external>", line 1059, in source_to_code
  File "<frozen importlib._bootstrap>", line 488, in _call_with_frames_removed
  File "/opt/airflow/dags/test_pyspark_dag.py", line 43
    .master("local[1]") \  # Используем только 1 ядро для стабильности
                                                                      ^
SyntaxError: unexpected character after line continuation character
[2025-11-16T08:33:24.599+0000] {processor.py:842} WARNING - No viable dags retrieved from /opt/airflow/dags/test_pyspark_dag.py
[2025-11-16T08:33:24.612+0000] {processor.py:183} INFO - Processing /opt/airflow/dags/test_pyspark_dag.py took 0.028 seconds
[2025-11-16T08:33:54.755+0000] {processor.py:161} INFO - Started process (PID=74) to work on /opt/airflow/dags/test_pyspark_dag.py
[2025-11-16T08:33:54.755+0000] {processor.py:830} INFO - Processing file /opt/airflow/dags/test_pyspark_dag.py for tasks to queue
[2025-11-16T08:33:54.757+0000] {logging_mixin.py:188} INFO - [2025-11-16T08:33:54.757+0000] {dagbag.py:545} INFO - Filling up the DagBag from /opt/airflow/dags/test_pyspark_dag.py
[2025-11-16T08:33:54.765+0000] {logging_mixin.py:188} INFO - [2025-11-16T08:33:54.765+0000] {dagbag.py:355} ERROR - Failed to import: /opt/airflow/dags/test_pyspark_dag.py
Traceback (most recent call last):
  File "/home/airflow/.local/lib/python3.12/site-packages/airflow/models/dagbag.py", line 351, in parse
    loader.exec_module(new_module)
  File "<frozen importlib._bootstrap_external>", line 991, in exec_module
  File "<frozen importlib._bootstrap_external>", line 1129, in get_code
  File "<frozen importlib._bootstrap_external>", line 1059, in source_to_code
  File "<frozen importlib._bootstrap>", line 488, in _call_with_frames_removed
  File "/opt/airflow/dags/test_pyspark_dag.py", line 43
    .master("local[1]") \  # Используем только 1 ядро для стабильности
                                                                      ^
SyntaxError: unexpected character after line continuation character
[2025-11-16T08:33:54.766+0000] {processor.py:842} WARNING - No viable dags retrieved from /opt/airflow/dags/test_pyspark_dag.py
[2025-11-16T08:33:54.779+0000] {processor.py:183} INFO - Processing /opt/airflow/dags/test_pyspark_dag.py took 0.029 seconds
[2025-11-16T08:34:24.924+0000] {processor.py:161} INFO - Started process (PID=81) to work on /opt/airflow/dags/test_pyspark_dag.py
[2025-11-16T08:34:24.925+0000] {processor.py:830} INFO - Processing file /opt/airflow/dags/test_pyspark_dag.py for tasks to queue
[2025-11-16T08:34:24.926+0000] {logging_mixin.py:188} INFO - [2025-11-16T08:34:24.926+0000] {dagbag.py:545} INFO - Filling up the DagBag from /opt/airflow/dags/test_pyspark_dag.py
[2025-11-16T08:34:24.934+0000] {logging_mixin.py:188} INFO - [2025-11-16T08:34:24.933+0000] {dagbag.py:355} ERROR - Failed to import: /opt/airflow/dags/test_pyspark_dag.py
Traceback (most recent call last):
  File "/home/airflow/.local/lib/python3.12/site-packages/airflow/models/dagbag.py", line 351, in parse
    loader.exec_module(new_module)
  File "<frozen importlib._bootstrap_external>", line 991, in exec_module
  File "<frozen importlib._bootstrap_external>", line 1129, in get_code
  File "<frozen importlib._bootstrap_external>", line 1059, in source_to_code
  File "<frozen importlib._bootstrap>", line 488, in _call_with_frames_removed
  File "/opt/airflow/dags/test_pyspark_dag.py", line 43
    .master("local[1]") \  # Используем только 1 ядро для стабильности
                                                                      ^
SyntaxError: unexpected character after line continuation character
[2025-11-16T08:34:24.935+0000] {processor.py:842} WARNING - No viable dags retrieved from /opt/airflow/dags/test_pyspark_dag.py
[2025-11-16T08:34:24.948+0000] {processor.py:183} INFO - Processing /opt/airflow/dags/test_pyspark_dag.py took 0.029 seconds
[2025-11-16T08:34:55.109+0000] {processor.py:161} INFO - Started process (PID=89) to work on /opt/airflow/dags/test_pyspark_dag.py
[2025-11-16T08:34:55.110+0000] {processor.py:830} INFO - Processing file /opt/airflow/dags/test_pyspark_dag.py for tasks to queue
[2025-11-16T08:34:55.112+0000] {logging_mixin.py:188} INFO - [2025-11-16T08:34:55.111+0000] {dagbag.py:545} INFO - Filling up the DagBag from /opt/airflow/dags/test_pyspark_dag.py
[2025-11-16T08:34:55.120+0000] {logging_mixin.py:188} INFO - [2025-11-16T08:34:55.119+0000] {dagbag.py:355} ERROR - Failed to import: /opt/airflow/dags/test_pyspark_dag.py
Traceback (most recent call last):
  File "/home/airflow/.local/lib/python3.12/site-packages/airflow/models/dagbag.py", line 351, in parse
    loader.exec_module(new_module)
  File "<frozen importlib._bootstrap_external>", line 991, in exec_module
  File "<frozen importlib._bootstrap_external>", line 1129, in get_code
  File "<frozen importlib._bootstrap_external>", line 1059, in source_to_code
  File "<frozen importlib._bootstrap>", line 488, in _call_with_frames_removed
  File "/opt/airflow/dags/test_pyspark_dag.py", line 43
    .master("local[1]") \  # Используем только 1 ядро для стабильности
                                                                      ^
SyntaxError: unexpected character after line continuation character
[2025-11-16T08:34:55.121+0000] {processor.py:842} WARNING - No viable dags retrieved from /opt/airflow/dags/test_pyspark_dag.py
[2025-11-16T08:34:55.134+0000] {processor.py:183} INFO - Processing /opt/airflow/dags/test_pyspark_dag.py took 0.028 seconds
[2025-11-16T08:35:25.312+0000] {processor.py:161} INFO - Started process (PID=96) to work on /opt/airflow/dags/test_pyspark_dag.py
[2025-11-16T08:35:25.312+0000] {processor.py:830} INFO - Processing file /opt/airflow/dags/test_pyspark_dag.py for tasks to queue
[2025-11-16T08:35:25.314+0000] {logging_mixin.py:188} INFO - [2025-11-16T08:35:25.314+0000] {dagbag.py:545} INFO - Filling up the DagBag from /opt/airflow/dags/test_pyspark_dag.py
[2025-11-16T08:35:25.323+0000] {logging_mixin.py:188} INFO - [2025-11-16T08:35:25.322+0000] {dagbag.py:355} ERROR - Failed to import: /opt/airflow/dags/test_pyspark_dag.py
Traceback (most recent call last):
  File "/home/airflow/.local/lib/python3.12/site-packages/airflow/models/dagbag.py", line 351, in parse
    loader.exec_module(new_module)
  File "<frozen importlib._bootstrap_external>", line 991, in exec_module
  File "<frozen importlib._bootstrap_external>", line 1129, in get_code
  File "<frozen importlib._bootstrap_external>", line 1059, in source_to_code
  File "<frozen importlib._bootstrap>", line 488, in _call_with_frames_removed
  File "/opt/airflow/dags/test_pyspark_dag.py", line 43
    .master("local[1]") \  # Используем только 1 ядро для стабильности
                                                                      ^
SyntaxError: unexpected character after line continuation character
[2025-11-16T08:35:25.323+0000] {processor.py:842} WARNING - No viable dags retrieved from /opt/airflow/dags/test_pyspark_dag.py
[2025-11-16T08:35:25.336+0000] {processor.py:183} INFO - Processing /opt/airflow/dags/test_pyspark_dag.py took 0.029 seconds
[2025-11-16T08:35:55.479+0000] {processor.py:161} INFO - Started process (PID=103) to work on /opt/airflow/dags/test_pyspark_dag.py
[2025-11-16T08:35:55.480+0000] {processor.py:830} INFO - Processing file /opt/airflow/dags/test_pyspark_dag.py for tasks to queue
[2025-11-16T08:35:55.481+0000] {logging_mixin.py:188} INFO - [2025-11-16T08:35:55.481+0000] {dagbag.py:545} INFO - Filling up the DagBag from /opt/airflow/dags/test_pyspark_dag.py
[2025-11-16T08:35:55.491+0000] {logging_mixin.py:188} INFO - [2025-11-16T08:35:55.490+0000] {dagbag.py:355} ERROR - Failed to import: /opt/airflow/dags/test_pyspark_dag.py
Traceback (most recent call last):
  File "/home/airflow/.local/lib/python3.12/site-packages/airflow/models/dagbag.py", line 351, in parse
    loader.exec_module(new_module)
  File "<frozen importlib._bootstrap_external>", line 991, in exec_module
  File "<frozen importlib._bootstrap_external>", line 1129, in get_code
  File "<frozen importlib._bootstrap_external>", line 1059, in source_to_code
  File "<frozen importlib._bootstrap>", line 488, in _call_with_frames_removed
  File "/opt/airflow/dags/test_pyspark_dag.py", line 43
    .master("local[1]") \  # Используем только 1 ядро для стабильности
                                                                      ^
SyntaxError: unexpected character after line continuation character
[2025-11-16T08:35:55.492+0000] {processor.py:842} WARNING - No viable dags retrieved from /opt/airflow/dags/test_pyspark_dag.py
[2025-11-16T08:35:55.507+0000] {processor.py:183} INFO - Processing /opt/airflow/dags/test_pyspark_dag.py took 0.035 seconds
[2025-11-16T08:36:25.684+0000] {processor.py:161} INFO - Started process (PID=110) to work on /opt/airflow/dags/test_pyspark_dag.py
[2025-11-16T08:36:25.685+0000] {processor.py:830} INFO - Processing file /opt/airflow/dags/test_pyspark_dag.py for tasks to queue
[2025-11-16T08:36:25.687+0000] {logging_mixin.py:188} INFO - [2025-11-16T08:36:25.687+0000] {dagbag.py:545} INFO - Filling up the DagBag from /opt/airflow/dags/test_pyspark_dag.py
[2025-11-16T08:36:25.702+0000] {logging_mixin.py:188} INFO - [2025-11-16T08:36:25.701+0000] {dagbag.py:355} ERROR - Failed to import: /opt/airflow/dags/test_pyspark_dag.py
Traceback (most recent call last):
  File "/home/airflow/.local/lib/python3.12/site-packages/airflow/models/dagbag.py", line 351, in parse
    loader.exec_module(new_module)
  File "<frozen importlib._bootstrap_external>", line 991, in exec_module
  File "<frozen importlib._bootstrap_external>", line 1129, in get_code
  File "<frozen importlib._bootstrap_external>", line 1059, in source_to_code
  File "<frozen importlib._bootstrap>", line 488, in _call_with_frames_removed
  File "/opt/airflow/dags/test_pyspark_dag.py", line 43
    .master("local[1]") \  # Используем только 1 ядро для стабильности
                                                                      ^
SyntaxError: unexpected character after line continuation character
[2025-11-16T08:36:25.703+0000] {processor.py:842} WARNING - No viable dags retrieved from /opt/airflow/dags/test_pyspark_dag.py
[2025-11-16T08:36:25.724+0000] {processor.py:183} INFO - Processing /opt/airflow/dags/test_pyspark_dag.py took 0.046 seconds
[2025-11-16T08:36:55.880+0000] {processor.py:161} INFO - Started process (PID=117) to work on /opt/airflow/dags/test_pyspark_dag.py
[2025-11-16T08:36:55.881+0000] {processor.py:830} INFO - Processing file /opt/airflow/dags/test_pyspark_dag.py for tasks to queue
[2025-11-16T08:36:55.882+0000] {logging_mixin.py:188} INFO - [2025-11-16T08:36:55.882+0000] {dagbag.py:545} INFO - Filling up the DagBag from /opt/airflow/dags/test_pyspark_dag.py
[2025-11-16T08:36:55.890+0000] {logging_mixin.py:188} INFO - [2025-11-16T08:36:55.889+0000] {dagbag.py:355} ERROR - Failed to import: /opt/airflow/dags/test_pyspark_dag.py
Traceback (most recent call last):
  File "/home/airflow/.local/lib/python3.12/site-packages/airflow/models/dagbag.py", line 351, in parse
    loader.exec_module(new_module)
  File "<frozen importlib._bootstrap_external>", line 991, in exec_module
  File "<frozen importlib._bootstrap_external>", line 1129, in get_code
  File "<frozen importlib._bootstrap_external>", line 1059, in source_to_code
  File "<frozen importlib._bootstrap>", line 488, in _call_with_frames_removed
  File "/opt/airflow/dags/test_pyspark_dag.py", line 43
    .master("local[1]") \  # Используем только 1 ядро для стабильности
                                                                      ^
SyntaxError: unexpected character after line continuation character
[2025-11-16T08:36:55.891+0000] {processor.py:842} WARNING - No viable dags retrieved from /opt/airflow/dags/test_pyspark_dag.py
[2025-11-16T08:36:55.905+0000] {processor.py:183} INFO - Processing /opt/airflow/dags/test_pyspark_dag.py took 0.029 seconds
[2025-11-16T08:37:26.038+0000] {processor.py:161} INFO - Started process (PID=124) to work on /opt/airflow/dags/test_pyspark_dag.py
[2025-11-16T08:37:26.038+0000] {processor.py:830} INFO - Processing file /opt/airflow/dags/test_pyspark_dag.py for tasks to queue
[2025-11-16T08:37:26.039+0000] {logging_mixin.py:188} INFO - [2025-11-16T08:37:26.039+0000] {dagbag.py:545} INFO - Filling up the DagBag from /opt/airflow/dags/test_pyspark_dag.py
[2025-11-16T08:37:26.047+0000] {logging_mixin.py:188} INFO - [2025-11-16T08:37:26.047+0000] {dagbag.py:355} ERROR - Failed to import: /opt/airflow/dags/test_pyspark_dag.py
Traceback (most recent call last):
  File "/home/airflow/.local/lib/python3.12/site-packages/airflow/models/dagbag.py", line 351, in parse
    loader.exec_module(new_module)
  File "<frozen importlib._bootstrap_external>", line 991, in exec_module
  File "<frozen importlib._bootstrap_external>", line 1129, in get_code
  File "<frozen importlib._bootstrap_external>", line 1059, in source_to_code
  File "<frozen importlib._bootstrap>", line 488, in _call_with_frames_removed
  File "/opt/airflow/dags/test_pyspark_dag.py", line 43
    .master("local[1]") \  # Используем только 1 ядро для стабильности
                                                                      ^
SyntaxError: unexpected character after line continuation character
[2025-11-16T08:37:26.048+0000] {processor.py:842} WARNING - No viable dags retrieved from /opt/airflow/dags/test_pyspark_dag.py
[2025-11-16T08:37:26.060+0000] {processor.py:183} INFO - Processing /opt/airflow/dags/test_pyspark_dag.py took 0.027 seconds
[2025-11-16T08:37:56.195+0000] {processor.py:161} INFO - Started process (PID=131) to work on /opt/airflow/dags/test_pyspark_dag.py
[2025-11-16T08:37:56.196+0000] {processor.py:830} INFO - Processing file /opt/airflow/dags/test_pyspark_dag.py for tasks to queue
[2025-11-16T08:37:56.197+0000] {logging_mixin.py:188} INFO - [2025-11-16T08:37:56.197+0000] {dagbag.py:545} INFO - Filling up the DagBag from /opt/airflow/dags/test_pyspark_dag.py
[2025-11-16T08:37:56.207+0000] {logging_mixin.py:188} INFO - [2025-11-16T08:37:56.207+0000] {dagbag.py:355} ERROR - Failed to import: /opt/airflow/dags/test_pyspark_dag.py
Traceback (most recent call last):
  File "/home/airflow/.local/lib/python3.12/site-packages/airflow/models/dagbag.py", line 351, in parse
    loader.exec_module(new_module)
  File "<frozen importlib._bootstrap_external>", line 991, in exec_module
  File "<frozen importlib._bootstrap_external>", line 1129, in get_code
  File "<frozen importlib._bootstrap_external>", line 1059, in source_to_code
  File "<frozen importlib._bootstrap>", line 488, in _call_with_frames_removed
  File "/opt/airflow/dags/test_pyspark_dag.py", line 43
    .master("local[1]") \  # Используем только 1 ядро для стабильности
                                                                      ^
SyntaxError: unexpected character after line continuation character
[2025-11-16T08:37:56.208+0000] {processor.py:842} WARNING - No viable dags retrieved from /opt/airflow/dags/test_pyspark_dag.py
[2025-11-16T08:37:56.221+0000] {processor.py:183} INFO - Processing /opt/airflow/dags/test_pyspark_dag.py took 0.032 seconds
