[2025-11-18T14:40:37.632+0000] {local_task_job_runner.py:120} INFO - ::group::Pre task execution logs
[2025-11-18T14:40:37.648+0000] {taskinstance.py:2076} INFO - Dependencies all met for dep_context=non-requeueable deps ti=<TaskInstance: test_push_clickhouse.simple_clickhouse_test manual__2025-11-18T14:35:34.103670+00:00 [queued]>
[2025-11-18T14:40:37.653+0000] {taskinstance.py:2076} INFO - Dependencies all met for dep_context=requeueable deps ti=<TaskInstance: test_push_clickhouse.simple_clickhouse_test manual__2025-11-18T14:35:34.103670+00:00 [queued]>
[2025-11-18T14:40:37.654+0000] {taskinstance.py:2306} INFO - Starting attempt 2 of 2
[2025-11-18T14:40:37.662+0000] {taskinstance.py:2330} INFO - Executing <Task(PythonOperator): simple_clickhouse_test> on 2025-11-18 14:35:34.103670+00:00
[2025-11-18T14:40:37.666+0000] {warnings.py:112} WARNING - /home/***/.local/lib/python3.12/site-packages/***/task/task_runner/standard_task_runner.py:61: DeprecationWarning: This process (pid=2735) is multi-threaded, use of fork() may lead to deadlocks in the child.
  pid = os.fork()

[2025-11-18T14:40:37.667+0000] {standard_task_runner.py:63} INFO - Started process 2736 to run task
[2025-11-18T14:40:37.667+0000] {standard_task_runner.py:90} INFO - Running: ['***', 'tasks', 'run', 'test_push_clickhouse', 'simple_clickhouse_test', 'manual__2025-11-18T14:35:34.103670+00:00', '--job-id', '145', '--raw', '--subdir', 'DAGS_FOLDER/test_push_clickhouse.py', '--cfg-path', '/tmp/tmpvy8hf916']
[2025-11-18T14:40:37.668+0000] {standard_task_runner.py:91} INFO - Job 145: Subtask simple_clickhouse_test
[2025-11-18T14:40:37.699+0000] {task_command.py:426} INFO - Running <TaskInstance: test_push_clickhouse.simple_clickhouse_test manual__2025-11-18T14:35:34.103670+00:00 [running]> on host 8374c225f2b5
[2025-11-18T14:40:37.752+0000] {taskinstance.py:2648} INFO - Exporting env vars: AIRFLOW_CTX_DAG_OWNER='***' AIRFLOW_CTX_DAG_ID='test_push_clickhouse' AIRFLOW_CTX_TASK_ID='simple_clickhouse_test' AIRFLOW_CTX_EXECUTION_DATE='2025-11-18T14:35:34.103670+00:00' AIRFLOW_CTX_TRY_NUMBER='2' AIRFLOW_CTX_DAG_RUN_ID='manual__2025-11-18T14:35:34.103670+00:00'
[2025-11-18T14:40:37.753+0000] {taskinstance.py:430} INFO - ::endgroup::
[2025-11-18T14:40:38.980+0000] {taskinstance.py:441} INFO - ::group::Post task execution logs
[2025-11-18T14:40:38.982+0000] {taskinstance.py:2905} ERROR - Task failed with exception
Traceback (most recent call last):
  File "/home/airflow/.local/lib/python3.12/site-packages/airflow/models/taskinstance.py", line 465, in _execute_task
    result = _execute_callable(context=context, **execute_callable_kwargs)
             ^^^^^^^^^^^^^^^^^^^^^^^^^^^^^^^^^^^^^^^^^^^^^^^^^^^^^^^^^^^^^
  File "/home/airflow/.local/lib/python3.12/site-packages/airflow/models/taskinstance.py", line 432, in _execute_callable
    return execute_callable(context=context, **execute_callable_kwargs)
           ^^^^^^^^^^^^^^^^^^^^^^^^^^^^^^^^^^^^^^^^^^^^^^^^^^^^^^^^^^^^
  File "/home/airflow/.local/lib/python3.12/site-packages/airflow/models/baseoperator.py", line 401, in wrapper
    return func(self, *args, **kwargs)
           ^^^^^^^^^^^^^^^^^^^^^^^^^^^
  File "/home/airflow/.local/lib/python3.12/site-packages/airflow/operators/python.py", line 235, in execute
    return_value = self.execute_callable()
                   ^^^^^^^^^^^^^^^^^^^^^^^
  File "/home/airflow/.local/lib/python3.12/site-packages/airflow/operators/python.py", line 252, in execute_callable
    return self.python_callable(*self.op_args, **self.op_kwargs)
           ^^^^^^^^^^^^^^^^^^^^^^^^^^^^^^^^^^^^^^^^^^^^^^^^^^^^^
  File "/opt/airflow/dags/test_push_clickhouse.py", line 12, in simple_clickhouse_test
    .getOrCreate()
     ^^^^^^^^^^^^^
  File "/home/airflow/.local/lib/python3.12/site-packages/pyspark/sql/session.py", line 477, in getOrCreate
    sc = SparkContext.getOrCreate(sparkConf)
         ^^^^^^^^^^^^^^^^^^^^^^^^^^^^^^^^^^^
  File "/home/airflow/.local/lib/python3.12/site-packages/pyspark/context.py", line 512, in getOrCreate
    SparkContext(conf=conf or SparkConf())
  File "/home/airflow/.local/lib/python3.12/site-packages/pyspark/context.py", line 198, in __init__
    SparkContext._ensure_initialized(self, gateway=gateway, conf=conf)
  File "/home/airflow/.local/lib/python3.12/site-packages/pyspark/context.py", line 432, in _ensure_initialized
    SparkContext._gateway = gateway or launch_gateway(conf)
                                       ^^^^^^^^^^^^^^^^^^^^
  File "/home/airflow/.local/lib/python3.12/site-packages/pyspark/java_gateway.py", line 106, in launch_gateway
    raise RuntimeError("Java gateway process exited before sending its port number")
RuntimeError: Java gateway process exited before sending its port number
[2025-11-18T14:40:38.991+0000] {taskinstance.py:1206} INFO - Marking task as FAILED. dag_id=test_push_clickhouse, task_id=simple_clickhouse_test, run_id=manual__2025-11-18T14:35:34.103670+00:00, execution_date=20251118T143534, start_date=20251118T144037, end_date=20251118T144038
[2025-11-18T14:40:39.001+0000] {standard_task_runner.py:110} ERROR - Failed to execute job 145 for task simple_clickhouse_test (Java gateway process exited before sending its port number; 2736)
[2025-11-18T14:40:39.044+0000] {local_task_job_runner.py:240} INFO - Task exited with return code 1
[2025-11-18T14:40:39.059+0000] {taskinstance.py:3503} INFO - 0 downstream tasks scheduled from follow-on schedule check
[2025-11-18T14:40:39.060+0000] {local_task_job_runner.py:222} INFO - ::endgroup::
