[2025-11-22T10:20:24.620+0000] {local_task_job_runner.py:120} INFO - ::group::Pre task execution logs
[2025-11-22T10:20:24.636+0000] {taskinstance.py:2076} INFO - Dependencies all met for dep_context=non-requeueable deps ti=<TaskInstance: coursework.process_csv_simple scheduled__2025-11-21T00:00:00+00:00 [queued]>
[2025-11-22T10:20:24.642+0000] {taskinstance.py:2076} INFO - Dependencies all met for dep_context=requeueable deps ti=<TaskInstance: coursework.process_csv_simple scheduled__2025-11-21T00:00:00+00:00 [queued]>
[2025-11-22T10:20:24.643+0000] {taskinstance.py:2306} INFO - Starting attempt 1 of 1
[2025-11-22T10:20:24.655+0000] {taskinstance.py:2330} INFO - Executing <Task(PythonOperator): process_csv_simple> on 2025-11-21 00:00:00+00:00
[2025-11-22T10:20:24.662+0000] {warnings.py:112} WARNING - /home/***/.local/lib/python3.12/site-packages/***/task/task_runner/standard_task_runner.py:61: DeprecationWarning: This process (pid=7112) is multi-threaded, use of fork() may lead to deadlocks in the child.
  pid = os.fork()

[2025-11-22T10:20:24.663+0000] {standard_task_runner.py:63} INFO - Started process 7116 to run task
[2025-11-22T10:20:24.663+0000] {standard_task_runner.py:90} INFO - Running: ['***', 'tasks', 'run', 'coursework', 'process_csv_simple', 'scheduled__2025-11-21T00:00:00+00:00', '--job-id', '231', '--raw', '--subdir', 'DAGS_FOLDER/coursework.py', '--cfg-path', '/tmp/tmpd6gsqn7x']
[2025-11-22T10:20:24.665+0000] {standard_task_runner.py:91} INFO - Job 231: Subtask process_csv_simple
[2025-11-22T10:20:24.704+0000] {task_command.py:426} INFO - Running <TaskInstance: coursework.process_csv_simple scheduled__2025-11-21T00:00:00+00:00 [running]> on host 8374c225f2b5
[2025-11-22T10:20:24.778+0000] {taskinstance.py:2648} INFO - Exporting env vars: AIRFLOW_CTX_DAG_OWNER='***' AIRFLOW_CTX_DAG_ID='coursework' AIRFLOW_CTX_TASK_ID='process_csv_simple' AIRFLOW_CTX_EXECUTION_DATE='2025-11-21T00:00:00+00:00' AIRFLOW_CTX_TRY_NUMBER='1' AIRFLOW_CTX_DAG_RUN_ID='scheduled__2025-11-21T00:00:00+00:00'
[2025-11-22T10:20:24.780+0000] {taskinstance.py:430} INFO - ::endgroup::
[2025-11-22T10:21:33.520+0000] {coursework.py:60} INFO - Проверка схемы данных
[2025-11-22T10:21:33.533+0000] {logging_mixin.py:188} INFO - root
 |-- house_id: integer (nullable = true)
 |-- latitude: double (nullable = true)
 |-- longitude: double (nullable = true)
 |-- maintenance_year: string (nullable = true)
 |-- square: string (nullable = true)
 |-- population: string (nullable = true)
 |-- region: string (nullable = true)
 |-- locality_name: string (nullable = true)
 |-- address: string (nullable = true)
 |-- full_address: string (nullable = true)
 |-- communal_service_id: string (nullable = true)
 |-- description: string (nullable = true)
[2025-11-22T10:21:35.835+0000] {coursework.py:65} INFO - Количество записей в файле: 590707
[2025-11-22T10:21:37.482+0000] {coursework.py:73} INFO - Количество записей после удаления пустых строк: 517124
[2025-11-22T10:21:37.573+0000] {coursework.py:110} INFO - Схема данных после преобразований:
[2025-11-22T10:21:37.574+0000] {logging_mixin.py:188} INFO - root
 |-- house_id: integer (nullable = true)
 |-- latitude: double (nullable = true)
 |-- longitude: double (nullable = true)
 |-- maintenance_year: string (nullable = true)
 |-- square: double (nullable = true)
 |-- population: integer (nullable = true)
 |-- region: string (nullable = true)
 |-- locality_name: string (nullable = true)
 |-- address: string (nullable = true)
 |-- full_address: string (nullable = true)
 |-- communal_service_id: double (nullable = true)
 |-- description: string (nullable = true)
 |-- maintenance_year_int: integer (nullable = true)
[2025-11-22T10:21:37.576+0000] {coursework.py:112} INFO - Первые 5 строк:
[2025-11-22T10:21:37.810+0000] {logging_mixin.py:188} INFO - +--------+------------------+------------------+----------------+-------+----------+-------------------+--------------------+----------------------------------------+-----------------------------------------------------------------------------------+-------------------+----------------------------------------------------------------------------------------------------------------------+--------------------+
|house_id|latitude          |longitude         |maintenance_year|square |population|region             |locality_name       |address                                 |full_address                                                                       |communal_service_id|description                                                                                                           |maintenance_year_int|
+--------+------------------+------------------+----------------+-------+----------+-------------------+--------------------+----------------------------------------+-----------------------------------------------------------------------------------+-------------------+----------------------------------------------------------------------------------------------------------------------+--------------------+
|1       |44.707617         |43.006476         |1974            |2661.1 |89        |Ставропольский край|село Александровское|с. Александровское, ул. Войтика, д. 31  |Ставропольский край, р-н. Александровский, с. Александровское, ул. Войтика, д. 31  |1.0                |Жилой дом в , по адресу с. Александровское, ул. Войтика, д. 31, 1974 года постройки, под управлением УК «Жилсервис».  |1974                |
|2       |44.706720000000004|43.005281         |1989            |3111.1 |115       |Ставропольский край|село Александровское|с. Александровское, ул. Войтика, д. 39  |Ставропольский край, р-н. Александровский, с. Александровское, ул. Войтика, д. 39  |1.0                |Жилой дом в , по адресу с. Александровское, ул. Войтика, д. 39, 1989 года постройки, под управлением УК «Жилсервис».  |1989                |
|3       |44.708302         |43.006665000000005|1977            |2896.04|89        |Ставропольский край|село Александровское|с. Александровское, ул. Калинина, д. 25 |Ставропольский край, р-н. Александровский, с. Александровское, ул. Калинина, д. 25 |1.0                |Жилой дом в , по адресу с. Александровское, ул. Калинина, д. 25, 1977 года постройки, под управлением УК «Жилсервис». |1977                |
|5       |44.711946999999995|42.97358          |1978            |1061.92|26        |Ставропольский край|село Александровское|с. Александровское, ул. Советская, д. 97|Ставропольский край, р-н. Александровский, с. Александровское, ул. Советская, д. 97|1.0                |Жилой дом в , по адресу с. Александровское, ул. Советская, д. 97, 1978 года постройки, под управлением УК «Жилсервис».|1978                |
|6       |44.707751         |43.005515         |1978            |2688.7 |105       |Ставропольский край|село Александровское|с. Александровское, ул. Войтика, д. 29  |Ставропольский край, р-н. Александровский, с. Александровское, ул. Войтика, д. 29  |2.0                |Жилой дом в , по адресу с. Александровское, ул. Войтика, д. 29, 1978 года постройки, под управлением ТСЖ «Виктория».  |1978                |
+--------+------------------+------------------+----------------+-------+----------+-------------------+--------------------+----------------------------------------+-----------------------------------------------------------------------------------+-------------------+----------------------------------------------------------------------------------------------------------------------+--------------------+
only showing top 5 rows
[2025-11-22T10:21:37.811+0000] {coursework.py:115} INFO - ---Вычисления и аналитика преобразованных данных---
[2025-11-22T10:21:41.735+0000] {coursework.py:125} INFO - Средний год постройки зданий: 1969
[2025-11-22T10:21:41.735+0000] {coursework.py:126} INFO - Медианный год постройки: 1970
[2025-11-22T10:21:41.748+0000] {coursework.py:130} INFO - Топ 10 регионов по количеству объектов
[2025-11-22T10:21:43.813+0000] {logging_mixin.py:188} INFO - +--------------------+-----+
|              region|count|
+--------------------+-----+
|  Московская область|30498|
|Свердловская область|27341|
|              Москва|24755|
|Нижегородская обл...|18054|
|   Самарская область|15921|
|Республика Татарстан|14634|
|   Красноярский край|14366|
| Кемеровская область|13318|
|  Ростовская область|12065|
|   Иркутская область|12014|
+--------------------+-----+
only showing top 10 rows
[2025-11-22T10:21:43.821+0000] {coursework.py:134} INFO - Топ 10 городов по количеству объектов
[2025-11-22T10:21:45.822+0000] {logging_mixin.py:188} INFO - +---------------+-----+
|  locality_name|count|
+---------------+-----+
|         Москва|24655|
|         Самара| 9035|
|   Екатеринбург| 6871|
|Санкт-Петербург| 6140|
|Нижний Новгород| 5911|
|    Новосибирск| 5466|
|     Красноярск| 5302|
| Ростов-на-Дону| 5147|
|         Казань| 5088|
|    Калининград| 4960|
+---------------+-----+
only showing top 10 rows
[2025-11-22T10:21:45.972+0000] {coursework.py:166} INFO - --Здания с максимальной и минимальной площадью в рамках каждой области--
[2025-11-22T10:21:49.267+0000] {logging_mixin.py:188} INFO - +------------------------------+----------+---------------------------------------------------------------------------+----------+--------------------------------------------------------------------------+
|region                        |min_square|min_square_address                                                         |max_square|max_square_address                                                        |
+------------------------------+----------+---------------------------------------------------------------------------+----------+--------------------------------------------------------------------------+
|Алматы                        |457.08    |д. г Навашино ул Соболева д.12                                             |3403.0    |ул. Орджоникидзе, д. 169                                                  |
|Алтайский край                |3.26      |Алтайский край, г. Барнаул, ул. Витебская, д. 2                            |88871.7   |Алтайский край, г. Барнаул, ул. Папанинцев, д. 121а                       |
|Амурская область              |26.6      |Амурская область, г. Благовещенск, пер. Кооперативный, д. 9                |429720.0  |Амурская область, р-н. Селемджинский, пгт. Февральск, ул. Саянская, д. 4 А|
|Архангельская область         |1.0       |Архангельская область, р-н. Устьянский, п. Илеза, ул. Первомайская, д. 13  |39452.7   |Архангельская область, г. Архангельск, пр-кт. Московский, д. 43, к. 3     |
|Астраханская область          |55.9      |Астраханская область, г. Астрахань, ул. Лиманская, д. 45, к. литер А       |15026.0   |Астраханская область, г. Астрахань, ул. С.Перовской, д. 84                |
|Белгородская область          |16.3      |обл. Белгородская, г. Белгород, ул. Разина, д. 10                          |7058900.0 |обл. Белгородская, г. Старый Оскол, мкр. Дубрава квартал 1, д. 18         |
|Брянская область              |18.8      |Брянская область, г. Брянск, ул. Почтовая, д. 48                           |40764.3   |Брянская область, г. Брянск, ул. Красноармейская, д. 100                  |
|Владимирская область          |3.01      |Владимирская область, р-н. Кольчугинский, г. Кольчугино, ул. Чапаева, д. 1Б|26959.0   |Владимирская область, г. Владимир, пр-кт. Октябрьский, д. 36              |
|Волгоградская область         |6.73      |Волгоградская область, г. Волгоград, ул. им Циолковского, д. 39            |55789.0   |Волгоградская область, г. Волжский, пр-кт. им Ленина, д. 97               |
|Вологодская область           |1.71      |Вологодская область, г. Череповец, ул. Милютина, д. 17                     |40878.18  |Вологодская область, г. Вологда, ул. Возрождения, д. 82а                  |
|Воронежская область           |21.0      |Воронежская область, г. Воронеж, ул. 20-летия ВЛКСМ, д. 54а                |198476.7  |Воронежская область, г. Воронеж, ул. Урывского, д. 9                      |
|Восточно-Казахстанская область|7704.0    |ул. Пархоменко, д. 60                                                      |7704.0    |ул. Пархоменко, д. 60                                                     |
|Гродненская область           |806.1     |ул. Поповича, д. 28                                                        |806.1     |ул. Поповича, д. 28                                                       |
|Днепропетровская область      |596.0     |ул. Орджоникидзе, д. 60                                                    |1341.0    |ул. Комсомольская, д. 4                                                   |
|Днепропетровская область      |596.0     |ул. Орджоникидзе, д. 60                                                    |1341.0    |ул. Комсомольская, д. 5                                                   |
|Донецкая область              |382.0     |д. г Осинники ул Кирова д.10                                               |6911.7    |ул. Красноармейская, д. 67                                                |
|Еврейская автономная область  |20.85     |Еврейская АО, р-н. Биробиджанский, с. Пронькино, ул. Набережная, д. 9      |14884.0   |Еврейская АО, г. Биробиджан, пр-кт. 60-летия СССР, д. 11.                 |
|Забайкальский край            |18.2      |Забайкальский край, п. Восточный, ул. Назара Губина, д. 5                  |41307.0   |Забайкальский край, г. Чита, ул. Карла Маркса, д. 16                      |
|Запорожская область           |3347.7    |ул. А.Невского, д. 4                                                       |3347.7    |ул. А.Невского, д. 4                                                      |
|Ивановская область            |23.9      |Ивановская область, р-н. Шуйский, г. Шуя, ул. Северная 7-я, д. 9           |32617.6   |Ивановская область, г. Иваново, ш. Кохомское, д. 11                       |
+------------------------------+----------+---------------------------------------------------------------------------+----------+--------------------------------------------------------------------------+
only showing top 20 rows
[2025-11-22T10:21:49.296+0000] {coursework.py:178} INFO - Количество зданий по десятилетиям:
[2025-11-22T10:21:51.021+0000] {logging_mixin.py:188} INFO - +------+--------------+
|decade|building_count|
+------+--------------+
|  1800|            22|
|  1810|            16|
|  1820|            47|
|  1830|            69|
|  1840|            72|
|  1850|           127|
|  1860|           187|
|  1870|           379|
|  1880|           690|
|  1890|          1202|
|  1900|         10712|
|  1910|         13717|
|  1920|          4762|
|  1930|         12472|
|  1940|         18664|
|  1950|         82721|
|  1960|        109138|
|  1970|         95115|
|  1980|         88624|
|  1990|         41858|
|  2000|         22809|
|  2010|         13720|
|  2020|             1|
+------+--------------+
[2025-11-22T10:21:51.035+0000] {coursework.py:200} INFO - Финальная схема данных: 
[2025-11-22T10:21:51.036+0000] {logging_mixin.py:188} INFO - root
 |-- house_id: integer (nullable = true)
 |-- latitude: double (nullable = true)
 |-- longitude: double (nullable = true)
 |-- maintenance_year: integer (nullable = true)
 |-- square: double (nullable = true)
 |-- population: integer (nullable = true)
 |-- region: string (nullable = true)
 |-- locality_name: string (nullable = true)
 |-- address: string (nullable = true)
 |-- full_address: string (nullable = true)
 |-- communal_service_id: double (nullable = true)
 |-- description: string (nullable = true)
[2025-11-22T10:21:51.037+0000] {coursework.py:202} INFO - Пример 5 строк: 
[2025-11-22T10:21:51.119+0000] {logging_mixin.py:188} INFO - +--------+------------------+------------------+----------------+-------+----------+-------------------+--------------------+----------------------------------------+-----------------------------------------------------------------------------------+-------------------+----------------------------------------------------------------------------------------------------------------------+
|house_id|latitude          |longitude         |maintenance_year|square |population|region             |locality_name       |address                                 |full_address                                                                       |communal_service_id|description                                                                                                           |
+--------+------------------+------------------+----------------+-------+----------+-------------------+--------------------+----------------------------------------+-----------------------------------------------------------------------------------+-------------------+----------------------------------------------------------------------------------------------------------------------+
|1       |44.707617         |43.006476         |1974            |2661.1 |89        |Ставропольский край|село Александровское|с. Александровское, ул. Войтика, д. 31  |Ставропольский край, р-н. Александровский, с. Александровское, ул. Войтика, д. 31  |1.0                |Жилой дом в , по адресу с. Александровское, ул. Войтика, д. 31, 1974 года постройки, под управлением УК «Жилсервис».  |
|2       |44.706720000000004|43.005281         |1989            |3111.1 |115       |Ставропольский край|село Александровское|с. Александровское, ул. Войтика, д. 39  |Ставропольский край, р-н. Александровский, с. Александровское, ул. Войтика, д. 39  |1.0                |Жилой дом в , по адресу с. Александровское, ул. Войтика, д. 39, 1989 года постройки, под управлением УК «Жилсервис».  |
|3       |44.708302         |43.006665000000005|1977            |2896.04|89        |Ставропольский край|село Александровское|с. Александровское, ул. Калинина, д. 25 |Ставропольский край, р-н. Александровский, с. Александровское, ул. Калинина, д. 25 |1.0                |Жилой дом в , по адресу с. Александровское, ул. Калинина, д. 25, 1977 года постройки, под управлением УК «Жилсервис». |
|5       |44.711946999999995|42.97358          |1978            |1061.92|26        |Ставропольский край|село Александровское|с. Александровское, ул. Советская, д. 97|Ставропольский край, р-н. Александровский, с. Александровское, ул. Советская, д. 97|1.0                |Жилой дом в , по адресу с. Александровское, ул. Советская, д. 97, 1978 года постройки, под управлением УК «Жилсервис».|
|6       |44.707751         |43.005515         |1978            |2688.7 |105       |Ставропольский край|село Александровское|с. Александровское, ул. Войтика, д. 29  |Ставропольский край, р-н. Александровский, с. Александровское, ул. Войтика, д. 29  |2.0                |Жилой дом в , по адресу с. Александровское, ул. Войтика, д. 29, 1978 года постройки, под управлением ТСЖ «Виктория».  |
+--------+------------------+------------------+----------------+-------+----------+-------------------+--------------------+----------------------------------------+-----------------------------------------------------------------------------------+-------------------+----------------------------------------------------------------------------------------------------------------------+
only showing top 5 rows
[2025-11-22T10:22:04.184+0000] {coursework.py:207} INFO - Размер Pandas DataFrame: 517124 строк
[2025-11-22T10:22:04.646+0000] {coursework.py:233} INFO - Подключаемся к ClickHouse
[2025-11-22T10:22:04.860+0000] {coursework.py:240} INFO - Подключение установлено
[2025-11-22T10:22:04.898+0000] {coursework.py:265} INFO - Таблица создана
[2025-11-22T10:22:04.899+0000] {coursework.py:268} INFO - Начинаем загрузку данных
[2025-11-22T10:22:23.114+0000] {httpclient.py:441} WARNING - Unexpected Http Driver Exception
[2025-11-22T10:22:23.156+0000] {coursework.py:303} ERROR - Ошибка при обработки данных: Error ('Connection aborted.', TimeoutError('timed out')) executing HTTP request attempt 1 (http://host.docker.internal:8123)
[2025-11-22T10:22:23.165+0000] {coursework.py:304} ERROR - Детали ошибки:
Traceback (most recent call last):
  File "/home/airflow/.local/lib/python3.12/site-packages/urllib3/connectionpool.py", line 793, in urlopen
    response = self._make_request(
               ^^^^^^^^^^^^^^^^^^^
  File "/home/airflow/.local/lib/python3.12/site-packages/urllib3/connectionpool.py", line 496, in _make_request
    conn.request(
  File "/home/airflow/.local/lib/python3.12/site-packages/urllib3/connection.py", line 412, in request
    self.send(b"%x\r\n%b\r\n" % (len(chunk), chunk))
  File "/usr/local/lib/python3.12/http/client.py", line 1055, in send
    self.sock.sendall(data)
TimeoutError: timed out

During handling of the above exception, another exception occurred:

Traceback (most recent call last):
  File "/home/airflow/.local/lib/python3.12/site-packages/clickhouse_connect/driver/httpclient.py", line 431, in _raw_request
    response = self.http.request(method, url, **kwargs)
               ^^^^^^^^^^^^^^^^^^^^^^^^^^^^^^^^^^^^^^^^
  File "/home/airflow/.local/lib/python3.12/site-packages/urllib3/_request_methods.py", line 144, in request
    return self.request_encode_body(
           ^^^^^^^^^^^^^^^^^^^^^^^^^
  File "/home/airflow/.local/lib/python3.12/site-packages/urllib3/_request_methods.py", line 279, in request_encode_body
    return self.urlopen(method, url, **extra_kw)
           ^^^^^^^^^^^^^^^^^^^^^^^^^^^^^^^^^^^^^
  File "/home/airflow/.local/lib/python3.12/site-packages/urllib3/poolmanager.py", line 444, in urlopen
    response = conn.urlopen(method, u.request_uri, **kw)
               ^^^^^^^^^^^^^^^^^^^^^^^^^^^^^^^^^^^^^^^^^
  File "/home/airflow/.local/lib/python3.12/site-packages/urllib3/connectionpool.py", line 847, in urlopen
    retries = retries.increment(
              ^^^^^^^^^^^^^^^^^^
  File "/home/airflow/.local/lib/python3.12/site-packages/urllib3/util/retry.py", line 470, in increment
    raise reraise(type(error), error, _stacktrace)
          ^^^^^^^^^^^^^^^^^^^^^^^^^^^^^^^^^^^^^^^^
  File "/home/airflow/.local/lib/python3.12/site-packages/urllib3/util/util.py", line 38, in reraise
    raise value.with_traceback(tb)
  File "/home/airflow/.local/lib/python3.12/site-packages/urllib3/connectionpool.py", line 793, in urlopen
    response = self._make_request(
               ^^^^^^^^^^^^^^^^^^^
  File "/home/airflow/.local/lib/python3.12/site-packages/urllib3/connectionpool.py", line 496, in _make_request
    conn.request(
  File "/home/airflow/.local/lib/python3.12/site-packages/urllib3/connection.py", line 412, in request
    self.send(b"%x\r\n%b\r\n" % (len(chunk), chunk))
  File "/usr/local/lib/python3.12/http/client.py", line 1055, in send
    self.sock.sendall(data)
urllib3.exceptions.ProtocolError: ('Connection aborted.', TimeoutError('timed out'))

The above exception was the direct cause of the following exception:

Traceback (most recent call last):
  File "/opt/airflow/dags/coursework.py", line 270, in russian_houses_analysis
    client.insert_df('russian_houses',pandas_df)
  File "/home/airflow/.local/lib/python3.12/site-packages/clickhouse_connect/driver/client.py", line 649, in insert_df
    return self.insert(table,
           ^^^^^^^^^^^^^^^^^^
  File "/home/airflow/.local/lib/python3.12/site-packages/clickhouse_connect/driver/client.py", line 618, in insert
    return self.data_insert(context)
           ^^^^^^^^^^^^^^^^^^^^^^^^^
  File "/home/airflow/.local/lib/python3.12/site-packages/clickhouse_connect/driver/httpclient.py", line 268, in data_insert
    response = self._raw_request(block_gen, params, headers, error_handler=error_handler, server_wait=False)
               ^^^^^^^^^^^^^^^^^^^^^^^^^^^^^^^^^^^^^^^^^^^^^^^^^^^^^^^^^^^^^^^^^^^^^^^^^^^^^^^^^^^^^^^^^^^^^
  File "/home/airflow/.local/lib/python3.12/site-packages/clickhouse_connect/driver/httpclient.py", line 443, in _raw_request
    raise OperationalError(f'Error {ex} executing HTTP request attempt {attempts}{err_url}') from ex
clickhouse_connect.driver.exceptions.OperationalError: Error ('Connection aborted.', TimeoutError('timed out')) executing HTTP request attempt 1 (http://host.docker.internal:8123)
[2025-11-22T10:22:23.326+0000] {job.py:218} ERROR - Job heartbeat got an exception
Traceback (most recent call last):
  File "/home/airflow/.local/lib/python3.12/site-packages/sqlalchemy/engine/base.py", line 3371, in _wrap_pool_connect
    return fn()
           ^^^^
  File "/home/airflow/.local/lib/python3.12/site-packages/sqlalchemy/pool/base.py", line 327, in connect
    return _ConnectionFairy._checkout(self)
           ^^^^^^^^^^^^^^^^^^^^^^^^^^^^^^^^
  File "/home/airflow/.local/lib/python3.12/site-packages/sqlalchemy/pool/base.py", line 894, in _checkout
    fairy = _ConnectionRecord.checkout(pool)
            ^^^^^^^^^^^^^^^^^^^^^^^^^^^^^^^^
  File "/home/airflow/.local/lib/python3.12/site-packages/sqlalchemy/pool/base.py", line 493, in checkout
    rec = pool._do_get()
          ^^^^^^^^^^^^^^
  File "/home/airflow/.local/lib/python3.12/site-packages/sqlalchemy/pool/impl.py", line 256, in _do_get
    return self._create_connection()
           ^^^^^^^^^^^^^^^^^^^^^^^^^
  File "/home/airflow/.local/lib/python3.12/site-packages/sqlalchemy/pool/base.py", line 273, in _create_connection
    return _ConnectionRecord(self)
           ^^^^^^^^^^^^^^^^^^^^^^^
  File "/home/airflow/.local/lib/python3.12/site-packages/sqlalchemy/pool/base.py", line 388, in __init__
    self.__connect()
  File "/home/airflow/.local/lib/python3.12/site-packages/sqlalchemy/pool/base.py", line 690, in __connect
    with util.safe_reraise():
  File "/home/airflow/.local/lib/python3.12/site-packages/sqlalchemy/util/langhelpers.py", line 70, in __exit__
    compat.raise_(
  File "/home/airflow/.local/lib/python3.12/site-packages/sqlalchemy/util/compat.py", line 211, in raise_
    raise exception
  File "/home/airflow/.local/lib/python3.12/site-packages/sqlalchemy/pool/base.py", line 686, in __connect
    self.dbapi_connection = connection = pool._invoke_creator(self)
                                         ^^^^^^^^^^^^^^^^^^^^^^^^^^
  File "/home/airflow/.local/lib/python3.12/site-packages/sqlalchemy/engine/create.py", line 574, in connect
    return dialect.connect(*cargs, **cparams)
           ^^^^^^^^^^^^^^^^^^^^^^^^^^^^^^^^^^
  File "/home/airflow/.local/lib/python3.12/site-packages/sqlalchemy/engine/default.py", line 598, in connect
    return self.dbapi.connect(*cargs, **cparams)
           ^^^^^^^^^^^^^^^^^^^^^^^^^^^^^^^^^^^^^
  File "/home/airflow/.local/lib/python3.12/site-packages/psycopg2/__init__.py", line 122, in connect
    conn = _connect(dsn, connection_factory=connection_factory, **kwasync)
           ^^^^^^^^^^^^^^^^^^^^^^^^^^^^^^^^^^^^^^^^^^^^^^^^^^^^^^^^^^^^^^^
psycopg2.OperationalError: could not translate host name "postgres" to address: Temporary failure in name resolution


The above exception was the direct cause of the following exception:

Traceback (most recent call last):
  File "/home/airflow/.local/lib/python3.12/site-packages/airflow/jobs/job.py", line 213, in heartbeat
    heartbeat_callback(session)
  File "/home/airflow/.local/lib/python3.12/site-packages/airflow/utils/session.py", line 76, in wrapper
    return func(*args, **kwargs)
           ^^^^^^^^^^^^^^^^^^^^^
  File "/home/airflow/.local/lib/python3.12/site-packages/airflow/jobs/local_task_job_runner.py", line 258, in heartbeat_callback
    self.task_instance.refresh_from_db()
  File "/home/airflow/.local/lib/python3.12/site-packages/airflow/utils/session.py", line 79, in wrapper
    return func(*args, session=session, **kwargs)
           ^^^^^^^^^^^^^^^^^^^^^^^^^^^^^^^^^^^^^^
  File "/home/airflow/.local/lib/python3.12/site-packages/airflow/models/taskinstance.py", line 1821, in refresh_from_db
    _refresh_from_db(task_instance=self, session=session, lock_for_update=lock_for_update)
  File "/home/airflow/.local/lib/python3.12/site-packages/airflow/models/taskinstance.py", line 510, in _refresh_from_db
    ti = TaskInstance.get_task_instance(
         ^^^^^^^^^^^^^^^^^^^^^^^^^^^^^^^
  File "/home/airflow/.local/lib/python3.12/site-packages/airflow/api_internal/internal_api_call.py", line 115, in wrapper
    return func(*args, **kwargs)
           ^^^^^^^^^^^^^^^^^^^^^
  File "/home/airflow/.local/lib/python3.12/site-packages/airflow/utils/session.py", line 76, in wrapper
    return func(*args, **kwargs)
           ^^^^^^^^^^^^^^^^^^^^^
  File "/home/airflow/.local/lib/python3.12/site-packages/airflow/models/taskinstance.py", line 1807, in get_task_instance
    return query.one_or_none()
           ^^^^^^^^^^^^^^^^^^^
  File "/home/airflow/.local/lib/python3.12/site-packages/sqlalchemy/orm/query.py", line 2850, in one_or_none
    return self._iter().one_or_none()
           ^^^^^^^^^^^^
  File "/home/airflow/.local/lib/python3.12/site-packages/sqlalchemy/orm/query.py", line 2916, in _iter
    result = self.session.execute(
             ^^^^^^^^^^^^^^^^^^^^^
  File "/home/airflow/.local/lib/python3.12/site-packages/sqlalchemy/orm/session.py", line 1716, in execute
    conn = self._connection_for_bind(bind)
           ^^^^^^^^^^^^^^^^^^^^^^^^^^^^^^^
  File "/home/airflow/.local/lib/python3.12/site-packages/sqlalchemy/orm/session.py", line 1555, in _connection_for_bind
    return self._transaction._connection_for_bind(
           ^^^^^^^^^^^^^^^^^^^^^^^^^^^^^^^^^^^^^^^
  File "/home/airflow/.local/lib/python3.12/site-packages/sqlalchemy/orm/session.py", line 750, in _connection_for_bind
    conn = bind.connect()
           ^^^^^^^^^^^^^^
  File "/home/airflow/.local/lib/python3.12/site-packages/sqlalchemy/future/engine.py", line 412, in connect
    return super(Engine, self).connect()
           ^^^^^^^^^^^^^^^^^^^^^^^^^^^^^
  File "/home/airflow/.local/lib/python3.12/site-packages/sqlalchemy/engine/base.py", line 3325, in connect
    return self._connection_cls(self, close_with_result=close_with_result)
           ^^^^^^^^^^^^^^^^^^^^^^^^^^^^^^^^^^^^^^^^^^^^^^^^^^^^^^^^^^^^^^^
  File "/home/airflow/.local/lib/python3.12/site-packages/sqlalchemy/engine/base.py", line 96, in __init__
    else engine.raw_connection()
         ^^^^^^^^^^^^^^^^^^^^^^^
  File "/home/airflow/.local/lib/python3.12/site-packages/sqlalchemy/engine/base.py", line 3404, in raw_connection
    return self._wrap_pool_connect(self.pool.connect, _connection)
           ^^^^^^^^^^^^^^^^^^^^^^^^^^^^^^^^^^^^^^^^^^^^^^^^^^^^^^^
  File "/home/airflow/.local/lib/python3.12/site-packages/sqlalchemy/engine/base.py", line 3374, in _wrap_pool_connect
    Connection._handle_dbapi_exception_noconnection(
  File "/home/airflow/.local/lib/python3.12/site-packages/sqlalchemy/engine/base.py", line 2208, in _handle_dbapi_exception_noconnection
    util.raise_(
  File "/home/airflow/.local/lib/python3.12/site-packages/sqlalchemy/util/compat.py", line 211, in raise_
    raise exception
  File "/home/airflow/.local/lib/python3.12/site-packages/sqlalchemy/engine/base.py", line 3371, in _wrap_pool_connect
    return fn()
           ^^^^
  File "/home/airflow/.local/lib/python3.12/site-packages/sqlalchemy/pool/base.py", line 327, in connect
    return _ConnectionFairy._checkout(self)
           ^^^^^^^^^^^^^^^^^^^^^^^^^^^^^^^^
  File "/home/airflow/.local/lib/python3.12/site-packages/sqlalchemy/pool/base.py", line 894, in _checkout
    fairy = _ConnectionRecord.checkout(pool)
            ^^^^^^^^^^^^^^^^^^^^^^^^^^^^^^^^
  File "/home/airflow/.local/lib/python3.12/site-packages/sqlalchemy/pool/base.py", line 493, in checkout
    rec = pool._do_get()
          ^^^^^^^^^^^^^^
  File "/home/airflow/.local/lib/python3.12/site-packages/sqlalchemy/pool/impl.py", line 256, in _do_get
    return self._create_connection()
           ^^^^^^^^^^^^^^^^^^^^^^^^^
  File "/home/airflow/.local/lib/python3.12/site-packages/sqlalchemy/pool/base.py", line 273, in _create_connection
    return _ConnectionRecord(self)
           ^^^^^^^^^^^^^^^^^^^^^^^
  File "/home/airflow/.local/lib/python3.12/site-packages/sqlalchemy/pool/base.py", line 388, in __init__
    self.__connect()
  File "/home/airflow/.local/lib/python3.12/site-packages/sqlalchemy/pool/base.py", line 690, in __connect
    with util.safe_reraise():
  File "/home/airflow/.local/lib/python3.12/site-packages/sqlalchemy/util/langhelpers.py", line 70, in __exit__
    compat.raise_(
  File "/home/airflow/.local/lib/python3.12/site-packages/sqlalchemy/util/compat.py", line 211, in raise_
    raise exception
  File "/home/airflow/.local/lib/python3.12/site-packages/sqlalchemy/pool/base.py", line 686, in __connect
    self.dbapi_connection = connection = pool._invoke_creator(self)
                                         ^^^^^^^^^^^^^^^^^^^^^^^^^^
  File "/home/airflow/.local/lib/python3.12/site-packages/sqlalchemy/engine/create.py", line 574, in connect
    return dialect.connect(*cargs, **cparams)
           ^^^^^^^^^^^^^^^^^^^^^^^^^^^^^^^^^^
  File "/home/airflow/.local/lib/python3.12/site-packages/sqlalchemy/engine/default.py", line 598, in connect
    return self.dbapi.connect(*cargs, **cparams)
           ^^^^^^^^^^^^^^^^^^^^^^^^^^^^^^^^^^^^^
  File "/home/airflow/.local/lib/python3.12/site-packages/psycopg2/__init__.py", line 122, in connect
    conn = _connect(dsn, connection_factory=connection_factory, **kwasync)
           ^^^^^^^^^^^^^^^^^^^^^^^^^^^^^^^^^^^^^^^^^^^^^^^^^^^^^^^^^^^^^^^
sqlalchemy.exc.OperationalError: (psycopg2.OperationalError) could not translate host name "postgres" to address: Temporary failure in name resolution

(Background on this error at: https://sqlalche.me/e/14/e3q8)
[2025-11-22T10:22:23.862+0000] {job.py:226} ERROR - Job heartbeat failed with error. Scheduler is in unhealthy state
[2025-11-22T10:22:24.206+0000] {coursework.py:309} INFO - Spark сессия остановлена
[2025-11-22T10:22:24.268+0000] {coursework.py:312} INFO - Временный файл удален
[2025-11-22T10:22:24.277+0000] {taskinstance.py:441} INFO - ::group::Post task execution logs
[2025-11-22T10:22:24.331+0000] {taskinstance.py:2905} ERROR - Task failed with exception
Traceback (most recent call last):
  File "/home/airflow/.local/lib/python3.12/site-packages/urllib3/connectionpool.py", line 793, in urlopen
    response = self._make_request(
               ^^^^^^^^^^^^^^^^^^^
  File "/home/airflow/.local/lib/python3.12/site-packages/urllib3/connectionpool.py", line 496, in _make_request
    conn.request(
  File "/home/airflow/.local/lib/python3.12/site-packages/urllib3/connection.py", line 412, in request
    self.send(b"%x\r\n%b\r\n" % (len(chunk), chunk))
  File "/usr/local/lib/python3.12/http/client.py", line 1055, in send
    self.sock.sendall(data)
TimeoutError: timed out

During handling of the above exception, another exception occurred:

Traceback (most recent call last):
  File "/home/airflow/.local/lib/python3.12/site-packages/clickhouse_connect/driver/httpclient.py", line 431, in _raw_request
    response = self.http.request(method, url, **kwargs)
               ^^^^^^^^^^^^^^^^^^^^^^^^^^^^^^^^^^^^^^^^
  File "/home/airflow/.local/lib/python3.12/site-packages/urllib3/_request_methods.py", line 144, in request
    return self.request_encode_body(
           ^^^^^^^^^^^^^^^^^^^^^^^^^
  File "/home/airflow/.local/lib/python3.12/site-packages/urllib3/_request_methods.py", line 279, in request_encode_body
    return self.urlopen(method, url, **extra_kw)
           ^^^^^^^^^^^^^^^^^^^^^^^^^^^^^^^^^^^^^
  File "/home/airflow/.local/lib/python3.12/site-packages/urllib3/poolmanager.py", line 444, in urlopen
    response = conn.urlopen(method, u.request_uri, **kw)
               ^^^^^^^^^^^^^^^^^^^^^^^^^^^^^^^^^^^^^^^^^
  File "/home/airflow/.local/lib/python3.12/site-packages/urllib3/connectionpool.py", line 847, in urlopen
    retries = retries.increment(
              ^^^^^^^^^^^^^^^^^^
  File "/home/airflow/.local/lib/python3.12/site-packages/urllib3/util/retry.py", line 470, in increment
    raise reraise(type(error), error, _stacktrace)
          ^^^^^^^^^^^^^^^^^^^^^^^^^^^^^^^^^^^^^^^^
  File "/home/airflow/.local/lib/python3.12/site-packages/urllib3/util/util.py", line 38, in reraise
    raise value.with_traceback(tb)
  File "/home/airflow/.local/lib/python3.12/site-packages/urllib3/connectionpool.py", line 793, in urlopen
    response = self._make_request(
               ^^^^^^^^^^^^^^^^^^^
  File "/home/airflow/.local/lib/python3.12/site-packages/urllib3/connectionpool.py", line 496, in _make_request
    conn.request(
  File "/home/airflow/.local/lib/python3.12/site-packages/urllib3/connection.py", line 412, in request
    self.send(b"%x\r\n%b\r\n" % (len(chunk), chunk))
  File "/usr/local/lib/python3.12/http/client.py", line 1055, in send
    self.sock.sendall(data)
urllib3.exceptions.ProtocolError: ('Connection aborted.', TimeoutError('timed out'))

The above exception was the direct cause of the following exception:

Traceback (most recent call last):
  File "/home/airflow/.local/lib/python3.12/site-packages/airflow/models/taskinstance.py", line 465, in _execute_task
    result = _execute_callable(context=context, **execute_callable_kwargs)
             ^^^^^^^^^^^^^^^^^^^^^^^^^^^^^^^^^^^^^^^^^^^^^^^^^^^^^^^^^^^^^
  File "/home/airflow/.local/lib/python3.12/site-packages/airflow/models/taskinstance.py", line 432, in _execute_callable
    return execute_callable(context=context, **execute_callable_kwargs)
           ^^^^^^^^^^^^^^^^^^^^^^^^^^^^^^^^^^^^^^^^^^^^^^^^^^^^^^^^^^^^
  File "/home/airflow/.local/lib/python3.12/site-packages/airflow/models/baseoperator.py", line 401, in wrapper
    return func(self, *args, **kwargs)
           ^^^^^^^^^^^^^^^^^^^^^^^^^^^
  File "/home/airflow/.local/lib/python3.12/site-packages/airflow/operators/python.py", line 235, in execute
    return_value = self.execute_callable()
                   ^^^^^^^^^^^^^^^^^^^^^^^
  File "/home/airflow/.local/lib/python3.12/site-packages/airflow/operators/python.py", line 252, in execute_callable
    return self.python_callable(*self.op_args, **self.op_kwargs)
           ^^^^^^^^^^^^^^^^^^^^^^^^^^^^^^^^^^^^^^^^^^^^^^^^^^^^^
  File "/opt/airflow/dags/coursework.py", line 270, in russian_houses_analysis
    client.insert_df('russian_houses',pandas_df)
  File "/home/airflow/.local/lib/python3.12/site-packages/clickhouse_connect/driver/client.py", line 649, in insert_df
    return self.insert(table,
           ^^^^^^^^^^^^^^^^^^
  File "/home/airflow/.local/lib/python3.12/site-packages/clickhouse_connect/driver/client.py", line 618, in insert
    return self.data_insert(context)
           ^^^^^^^^^^^^^^^^^^^^^^^^^
  File "/home/airflow/.local/lib/python3.12/site-packages/clickhouse_connect/driver/httpclient.py", line 268, in data_insert
    response = self._raw_request(block_gen, params, headers, error_handler=error_handler, server_wait=False)
               ^^^^^^^^^^^^^^^^^^^^^^^^^^^^^^^^^^^^^^^^^^^^^^^^^^^^^^^^^^^^^^^^^^^^^^^^^^^^^^^^^^^^^^^^^^^^^
  File "/home/airflow/.local/lib/python3.12/site-packages/clickhouse_connect/driver/httpclient.py", line 443, in _raw_request
    raise OperationalError(f'Error {ex} executing HTTP request attempt {attempts}{err_url}') from ex
clickhouse_connect.driver.exceptions.OperationalError: Error ('Connection aborted.', TimeoutError('timed out')) executing HTTP request attempt 1 (http://host.docker.internal:8123)
[2025-11-22T10:22:24.994+0000] {taskinstance.py:1206} INFO - Marking task as FAILED. dag_id=coursework, task_id=process_csv_simple, run_id=scheduled__2025-11-21T00:00:00+00:00, execution_date=20251121T000000, start_date=20251122T102024, end_date=20251122T102224
[2025-11-22T10:22:25.027+0000] {standard_task_runner.py:110} ERROR - Failed to execute job 231 for task process_csv_simple (Error ('Connection aborted.', TimeoutError('timed out')) executing HTTP request attempt 1 (http://host.docker.internal:8123); 7116)
[2025-11-22T10:22:25.146+0000] {local_task_job_runner.py:240} INFO - Task exited with return code 1
[2025-11-22T10:22:25.432+0000] {taskinstance.py:3503} INFO - 0 downstream tasks scheduled from follow-on schedule check
[2025-11-22T10:22:25.438+0000] {local_task_job_runner.py:222} INFO - ::endgroup::
