[2025-11-18T14:25:45.817+0000] {processor.py:161} INFO - Started process (PID=2136) to work on /opt/airflow/dags/test_push_clickhouse.py
[2025-11-18T14:25:45.818+0000] {processor.py:830} INFO - Processing file /opt/airflow/dags/test_push_clickhouse.py for tasks to queue
[2025-11-18T14:25:45.819+0000] {logging_mixin.py:188} INFO - [2025-11-18T14:25:45.819+0000] {dagbag.py:545} INFO - Filling up the DagBag from /opt/airflow/dags/test_push_clickhouse.py
[2025-11-18T14:25:47.438+0000] {logging_mixin.py:188} INFO - [2025-11-18T14:25:47.435+0000] {dagbag.py:355} ERROR - Failed to import: /opt/airflow/dags/test_push_clickhouse.py
Traceback (most recent call last):
  File "/home/airflow/.local/lib/python3.12/site-packages/airflow/models/dagbag.py", line 351, in parse
    loader.exec_module(new_module)
  File "<frozen importlib._bootstrap_external>", line 995, in exec_module
  File "<frozen importlib._bootstrap>", line 488, in _call_with_frames_removed
  File "/opt/airflow/dags/test_push_clickhouse.py", line 11, in <module>
    .getOrCreate()
     ^^^^^^^^^^^^^
  File "/home/airflow/.local/lib/python3.12/site-packages/pyspark/sql/session.py", line 477, in getOrCreate
    sc = SparkContext.getOrCreate(sparkConf)
         ^^^^^^^^^^^^^^^^^^^^^^^^^^^^^^^^^^^
  File "/home/airflow/.local/lib/python3.12/site-packages/pyspark/context.py", line 512, in getOrCreate
    SparkContext(conf=conf or SparkConf())
  File "/home/airflow/.local/lib/python3.12/site-packages/pyspark/context.py", line 198, in __init__
    SparkContext._ensure_initialized(self, gateway=gateway, conf=conf)
  File "/home/airflow/.local/lib/python3.12/site-packages/pyspark/context.py", line 432, in _ensure_initialized
    SparkContext._gateway = gateway or launch_gateway(conf)
                                       ^^^^^^^^^^^^^^^^^^^^
  File "/home/airflow/.local/lib/python3.12/site-packages/pyspark/java_gateway.py", line 106, in launch_gateway
    raise RuntimeError("Java gateway process exited before sending its port number")
RuntimeError: Java gateway process exited before sending its port number
[2025-11-18T14:25:47.439+0000] {processor.py:842} WARNING - No viable dags retrieved from /opt/airflow/dags/test_push_clickhouse.py
[2025-11-18T14:25:47.455+0000] {processor.py:183} INFO - Processing /opt/airflow/dags/test_push_clickhouse.py took 1.643 seconds
[2025-11-18T14:26:17.892+0000] {processor.py:161} INFO - Started process (PID=2208) to work on /opt/airflow/dags/test_push_clickhouse.py
[2025-11-18T14:26:17.893+0000] {processor.py:830} INFO - Processing file /opt/airflow/dags/test_push_clickhouse.py for tasks to queue
[2025-11-18T14:26:17.894+0000] {logging_mixin.py:188} INFO - [2025-11-18T14:26:17.894+0000] {dagbag.py:545} INFO - Filling up the DagBag from /opt/airflow/dags/test_push_clickhouse.py
[2025-11-18T14:26:19.188+0000] {logging_mixin.py:188} INFO - [2025-11-18T14:26:19.186+0000] {dagbag.py:355} ERROR - Failed to import: /opt/airflow/dags/test_push_clickhouse.py
Traceback (most recent call last):
  File "/home/airflow/.local/lib/python3.12/site-packages/airflow/models/dagbag.py", line 351, in parse
    loader.exec_module(new_module)
  File "<frozen importlib._bootstrap_external>", line 995, in exec_module
  File "<frozen importlib._bootstrap>", line 488, in _call_with_frames_removed
  File "/opt/airflow/dags/test_push_clickhouse.py", line 11, in <module>
    .getOrCreate()
     ^^^^^^^^^^^^^
  File "/home/airflow/.local/lib/python3.12/site-packages/pyspark/sql/session.py", line 477, in getOrCreate
    sc = SparkContext.getOrCreate(sparkConf)
         ^^^^^^^^^^^^^^^^^^^^^^^^^^^^^^^^^^^
  File "/home/airflow/.local/lib/python3.12/site-packages/pyspark/context.py", line 512, in getOrCreate
    SparkContext(conf=conf or SparkConf())
  File "/home/airflow/.local/lib/python3.12/site-packages/pyspark/context.py", line 198, in __init__
    SparkContext._ensure_initialized(self, gateway=gateway, conf=conf)
  File "/home/airflow/.local/lib/python3.12/site-packages/pyspark/context.py", line 432, in _ensure_initialized
    SparkContext._gateway = gateway or launch_gateway(conf)
                                       ^^^^^^^^^^^^^^^^^^^^
  File "/home/airflow/.local/lib/python3.12/site-packages/pyspark/java_gateway.py", line 106, in launch_gateway
    raise RuntimeError("Java gateway process exited before sending its port number")
RuntimeError: Java gateway process exited before sending its port number
[2025-11-18T14:26:19.189+0000] {processor.py:842} WARNING - No viable dags retrieved from /opt/airflow/dags/test_push_clickhouse.py
[2025-11-18T14:26:19.204+0000] {processor.py:183} INFO - Processing /opt/airflow/dags/test_push_clickhouse.py took 1.316 seconds
[2025-11-18T14:26:29.115+0000] {processor.py:161} INFO - Started process (PID=2276) to work on /opt/airflow/dags/test_push_clickhouse.py
[2025-11-18T14:26:29.116+0000] {processor.py:830} INFO - Processing file /opt/airflow/dags/test_push_clickhouse.py for tasks to queue
[2025-11-18T14:26:29.119+0000] {logging_mixin.py:188} INFO - [2025-11-18T14:26:29.118+0000] {dagbag.py:545} INFO - Filling up the DagBag from /opt/airflow/dags/test_push_clickhouse.py
[2025-11-18T14:26:29.124+0000] {logging_mixin.py:188} INFO - [2025-11-18T14:26:29.124+0000] {dagbag.py:334} INFO - File /opt/airflow/dags/test_push_clickhouse.py assumed to contain no DAGs. Skipping.
[2025-11-18T14:26:29.124+0000] {processor.py:842} WARNING - No viable dags retrieved from /opt/airflow/dags/test_push_clickhouse.py
[2025-11-18T14:26:29.138+0000] {processor.py:183} INFO - Processing /opt/airflow/dags/test_push_clickhouse.py took 0.030 seconds
[2025-11-18T14:26:35.661+0000] {processor.py:161} INFO - Started process (PID=2279) to work on /opt/airflow/dags/test_push_clickhouse.py
[2025-11-18T14:26:35.662+0000] {processor.py:830} INFO - Processing file /opt/airflow/dags/test_push_clickhouse.py for tasks to queue
[2025-11-18T14:26:35.664+0000] {logging_mixin.py:188} INFO - [2025-11-18T14:26:35.663+0000] {dagbag.py:545} INFO - Filling up the DagBag from /opt/airflow/dags/test_push_clickhouse.py
[2025-11-18T14:26:35.779+0000] {logging_mixin.py:188} INFO - [2025-11-18T14:26:35.776+0000] {dagbag.py:355} ERROR - Failed to import: /opt/airflow/dags/test_push_clickhouse.py
Traceback (most recent call last):
  File "/home/airflow/.local/lib/python3.12/site-packages/airflow/models/dagbag.py", line 351, in parse
    loader.exec_module(new_module)
  File "<frozen importlib._bootstrap_external>", line 995, in exec_module
  File "<frozen importlib._bootstrap>", line 488, in _call_with_frames_removed
  File "/opt/airflow/dags/test_push_clickhouse.py", line 5, in <module>
    import jaydebeapi
ModuleNotFoundError: No module named 'jaydebeapi'
[2025-11-18T14:26:35.780+0000] {processor.py:842} WARNING - No viable dags retrieved from /opt/airflow/dags/test_push_clickhouse.py
[2025-11-18T14:26:35.796+0000] {processor.py:183} INFO - Processing /opt/airflow/dags/test_push_clickhouse.py took 0.142 seconds
[2025-11-18T14:27:06.035+0000] {processor.py:161} INFO - Started process (PID=2291) to work on /opt/airflow/dags/test_push_clickhouse.py
[2025-11-18T14:27:06.035+0000] {processor.py:830} INFO - Processing file /opt/airflow/dags/test_push_clickhouse.py for tasks to queue
[2025-11-18T14:27:06.037+0000] {logging_mixin.py:188} INFO - [2025-11-18T14:27:06.037+0000] {dagbag.py:545} INFO - Filling up the DagBag from /opt/airflow/dags/test_push_clickhouse.py
[2025-11-18T14:27:06.125+0000] {logging_mixin.py:188} INFO - [2025-11-18T14:27:06.121+0000] {dagbag.py:355} ERROR - Failed to import: /opt/airflow/dags/test_push_clickhouse.py
Traceback (most recent call last):
  File "/home/airflow/.local/lib/python3.12/site-packages/airflow/models/dagbag.py", line 351, in parse
    loader.exec_module(new_module)
  File "<frozen importlib._bootstrap_external>", line 995, in exec_module
  File "<frozen importlib._bootstrap>", line 488, in _call_with_frames_removed
  File "/opt/airflow/dags/test_push_clickhouse.py", line 5, in <module>
    import jaydebeapi
ModuleNotFoundError: No module named 'jaydebeapi'
[2025-11-18T14:27:06.126+0000] {processor.py:842} WARNING - No viable dags retrieved from /opt/airflow/dags/test_push_clickhouse.py
[2025-11-18T14:27:06.140+0000] {processor.py:183} INFO - Processing /opt/airflow/dags/test_push_clickhouse.py took 0.110 seconds
[2025-11-18T14:27:36.453+0000] {processor.py:161} INFO - Started process (PID=2303) to work on /opt/airflow/dags/test_push_clickhouse.py
[2025-11-18T14:27:36.454+0000] {processor.py:830} INFO - Processing file /opt/airflow/dags/test_push_clickhouse.py for tasks to queue
[2025-11-18T14:27:36.455+0000] {logging_mixin.py:188} INFO - [2025-11-18T14:27:36.455+0000] {dagbag.py:545} INFO - Filling up the DagBag from /opt/airflow/dags/test_push_clickhouse.py
[2025-11-18T14:27:36.541+0000] {logging_mixin.py:188} INFO - [2025-11-18T14:27:36.538+0000] {dagbag.py:355} ERROR - Failed to import: /opt/airflow/dags/test_push_clickhouse.py
Traceback (most recent call last):
  File "/home/airflow/.local/lib/python3.12/site-packages/airflow/models/dagbag.py", line 351, in parse
    loader.exec_module(new_module)
  File "<frozen importlib._bootstrap_external>", line 995, in exec_module
  File "<frozen importlib._bootstrap>", line 488, in _call_with_frames_removed
  File "/opt/airflow/dags/test_push_clickhouse.py", line 5, in <module>
    import jaydebeapi
ModuleNotFoundError: No module named 'jaydebeapi'
[2025-11-18T14:27:36.542+0000] {processor.py:842} WARNING - No viable dags retrieved from /opt/airflow/dags/test_push_clickhouse.py
[2025-11-18T14:27:36.556+0000] {processor.py:183} INFO - Processing /opt/airflow/dags/test_push_clickhouse.py took 0.108 seconds
[2025-11-18T14:28:06.784+0000] {processor.py:161} INFO - Started process (PID=2313) to work on /opt/airflow/dags/test_push_clickhouse.py
[2025-11-18T14:28:06.786+0000] {processor.py:830} INFO - Processing file /opt/airflow/dags/test_push_clickhouse.py for tasks to queue
[2025-11-18T14:28:06.788+0000] {logging_mixin.py:188} INFO - [2025-11-18T14:28:06.787+0000] {dagbag.py:545} INFO - Filling up the DagBag from /opt/airflow/dags/test_push_clickhouse.py
[2025-11-18T14:28:06.900+0000] {logging_mixin.py:188} INFO - [2025-11-18T14:28:06.897+0000] {dagbag.py:355} ERROR - Failed to import: /opt/airflow/dags/test_push_clickhouse.py
Traceback (most recent call last):
  File "/home/airflow/.local/lib/python3.12/site-packages/airflow/models/dagbag.py", line 351, in parse
    loader.exec_module(new_module)
  File "<frozen importlib._bootstrap_external>", line 995, in exec_module
  File "<frozen importlib._bootstrap>", line 488, in _call_with_frames_removed
  File "/opt/airflow/dags/test_push_clickhouse.py", line 5, in <module>
    import jaydebeapi
ModuleNotFoundError: No module named 'jaydebeapi'
[2025-11-18T14:28:06.901+0000] {processor.py:842} WARNING - No viable dags retrieved from /opt/airflow/dags/test_push_clickhouse.py
[2025-11-18T14:28:06.920+0000] {processor.py:183} INFO - Processing /opt/airflow/dags/test_push_clickhouse.py took 0.142 seconds
[2025-11-18T14:28:37.289+0000] {processor.py:161} INFO - Started process (PID=2325) to work on /opt/airflow/dags/test_push_clickhouse.py
[2025-11-18T14:28:37.290+0000] {processor.py:830} INFO - Processing file /opt/airflow/dags/test_push_clickhouse.py for tasks to queue
[2025-11-18T14:28:37.292+0000] {logging_mixin.py:188} INFO - [2025-11-18T14:28:37.292+0000] {dagbag.py:545} INFO - Filling up the DagBag from /opt/airflow/dags/test_push_clickhouse.py
[2025-11-18T14:28:37.396+0000] {logging_mixin.py:188} INFO - [2025-11-18T14:28:37.393+0000] {dagbag.py:355} ERROR - Failed to import: /opt/airflow/dags/test_push_clickhouse.py
Traceback (most recent call last):
  File "/home/airflow/.local/lib/python3.12/site-packages/airflow/models/dagbag.py", line 351, in parse
    loader.exec_module(new_module)
  File "<frozen importlib._bootstrap_external>", line 995, in exec_module
  File "<frozen importlib._bootstrap>", line 488, in _call_with_frames_removed
  File "/opt/airflow/dags/test_push_clickhouse.py", line 5, in <module>
    import jaydebeapi
ModuleNotFoundError: No module named 'jaydebeapi'
[2025-11-18T14:28:37.397+0000] {processor.py:842} WARNING - No viable dags retrieved from /opt/airflow/dags/test_push_clickhouse.py
[2025-11-18T14:28:37.413+0000] {processor.py:183} INFO - Processing /opt/airflow/dags/test_push_clickhouse.py took 0.129 seconds
[2025-11-18T14:29:07.782+0000] {processor.py:161} INFO - Started process (PID=2337) to work on /opt/airflow/dags/test_push_clickhouse.py
[2025-11-18T14:29:07.783+0000] {processor.py:830} INFO - Processing file /opt/airflow/dags/test_push_clickhouse.py for tasks to queue
[2025-11-18T14:29:07.784+0000] {logging_mixin.py:188} INFO - [2025-11-18T14:29:07.784+0000] {dagbag.py:545} INFO - Filling up the DagBag from /opt/airflow/dags/test_push_clickhouse.py
[2025-11-18T14:29:07.875+0000] {logging_mixin.py:188} INFO - [2025-11-18T14:29:07.873+0000] {dagbag.py:355} ERROR - Failed to import: /opt/airflow/dags/test_push_clickhouse.py
Traceback (most recent call last):
  File "/home/airflow/.local/lib/python3.12/site-packages/airflow/models/dagbag.py", line 351, in parse
    loader.exec_module(new_module)
  File "<frozen importlib._bootstrap_external>", line 995, in exec_module
  File "<frozen importlib._bootstrap>", line 488, in _call_with_frames_removed
  File "/opt/airflow/dags/test_push_clickhouse.py", line 5, in <module>
    import jaydebeapi
ModuleNotFoundError: No module named 'jaydebeapi'
[2025-11-18T14:29:07.876+0000] {processor.py:842} WARNING - No viable dags retrieved from /opt/airflow/dags/test_push_clickhouse.py
[2025-11-18T14:29:07.894+0000] {processor.py:183} INFO - Processing /opt/airflow/dags/test_push_clickhouse.py took 0.117 seconds
[2025-11-18T14:29:38.264+0000] {processor.py:161} INFO - Started process (PID=2349) to work on /opt/airflow/dags/test_push_clickhouse.py
[2025-11-18T14:29:38.265+0000] {processor.py:830} INFO - Processing file /opt/airflow/dags/test_push_clickhouse.py for tasks to queue
[2025-11-18T14:29:38.266+0000] {logging_mixin.py:188} INFO - [2025-11-18T14:29:38.266+0000] {dagbag.py:545} INFO - Filling up the DagBag from /opt/airflow/dags/test_push_clickhouse.py
[2025-11-18T14:29:38.362+0000] {logging_mixin.py:188} INFO - [2025-11-18T14:29:38.359+0000] {dagbag.py:355} ERROR - Failed to import: /opt/airflow/dags/test_push_clickhouse.py
Traceback (most recent call last):
  File "/home/airflow/.local/lib/python3.12/site-packages/airflow/models/dagbag.py", line 351, in parse
    loader.exec_module(new_module)
  File "<frozen importlib._bootstrap_external>", line 995, in exec_module
  File "<frozen importlib._bootstrap>", line 488, in _call_with_frames_removed
  File "/opt/airflow/dags/test_push_clickhouse.py", line 5, in <module>
    import jaydebeapi
ModuleNotFoundError: No module named 'jaydebeapi'
[2025-11-18T14:29:38.363+0000] {processor.py:842} WARNING - No viable dags retrieved from /opt/airflow/dags/test_push_clickhouse.py
[2025-11-18T14:29:38.378+0000] {processor.py:183} INFO - Processing /opt/airflow/dags/test_push_clickhouse.py took 0.119 seconds
[2025-11-18T14:30:08.714+0000] {processor.py:161} INFO - Started process (PID=2361) to work on /opt/airflow/dags/test_push_clickhouse.py
[2025-11-18T14:30:08.715+0000] {processor.py:830} INFO - Processing file /opt/airflow/dags/test_push_clickhouse.py for tasks to queue
[2025-11-18T14:30:08.717+0000] {logging_mixin.py:188} INFO - [2025-11-18T14:30:08.717+0000] {dagbag.py:545} INFO - Filling up the DagBag from /opt/airflow/dags/test_push_clickhouse.py
[2025-11-18T14:30:08.822+0000] {logging_mixin.py:188} INFO - [2025-11-18T14:30:08.819+0000] {dagbag.py:355} ERROR - Failed to import: /opt/airflow/dags/test_push_clickhouse.py
Traceback (most recent call last):
  File "/home/airflow/.local/lib/python3.12/site-packages/airflow/models/dagbag.py", line 351, in parse
    loader.exec_module(new_module)
  File "<frozen importlib._bootstrap_external>", line 995, in exec_module
  File "<frozen importlib._bootstrap>", line 488, in _call_with_frames_removed
  File "/opt/airflow/dags/test_push_clickhouse.py", line 5, in <module>
    import jaydebeapi
ModuleNotFoundError: No module named 'jaydebeapi'
[2025-11-18T14:30:08.823+0000] {processor.py:842} WARNING - No viable dags retrieved from /opt/airflow/dags/test_push_clickhouse.py
[2025-11-18T14:30:08.835+0000] {processor.py:183} INFO - Processing /opt/airflow/dags/test_push_clickhouse.py took 0.126 seconds
[2025-11-18T14:30:13.898+0000] {processor.py:161} INFO - Started process (PID=2364) to work on /opt/airflow/dags/test_push_clickhouse.py
[2025-11-18T14:30:13.899+0000] {processor.py:830} INFO - Processing file /opt/airflow/dags/test_push_clickhouse.py for tasks to queue
[2025-11-18T14:30:13.901+0000] {logging_mixin.py:188} INFO - [2025-11-18T14:30:13.901+0000] {dagbag.py:545} INFO - Filling up the DagBag from /opt/airflow/dags/test_push_clickhouse.py
[2025-11-18T14:30:14.029+0000] {logging_mixin.py:188} INFO - [2025-11-18T14:30:14.026+0000] {dagbag.py:355} ERROR - Failed to import: /opt/airflow/dags/test_push_clickhouse.py
Traceback (most recent call last):
  File "/home/airflow/.local/lib/python3.12/site-packages/airflow/models/dagbag.py", line 351, in parse
    loader.exec_module(new_module)
  File "<frozen importlib._bootstrap_external>", line 995, in exec_module
  File "<frozen importlib._bootstrap>", line 488, in _call_with_frames_removed
  File "/opt/airflow/dags/test_push_clickhouse.py", line 5, in <module>
    import jaydebeapi
ModuleNotFoundError: No module named 'jaydebeapi'
[2025-11-18T14:30:14.030+0000] {processor.py:842} WARNING - No viable dags retrieved from /opt/airflow/dags/test_push_clickhouse.py
[2025-11-18T14:30:14.049+0000] {processor.py:183} INFO - Processing /opt/airflow/dags/test_push_clickhouse.py took 0.158 seconds
[2025-11-18T14:30:44.318+0000] {processor.py:161} INFO - Started process (PID=2376) to work on /opt/airflow/dags/test_push_clickhouse.py
[2025-11-18T14:30:44.319+0000] {processor.py:830} INFO - Processing file /opt/airflow/dags/test_push_clickhouse.py for tasks to queue
[2025-11-18T14:30:44.321+0000] {logging_mixin.py:188} INFO - [2025-11-18T14:30:44.320+0000] {dagbag.py:545} INFO - Filling up the DagBag from /opt/airflow/dags/test_push_clickhouse.py
[2025-11-18T14:30:44.408+0000] {logging_mixin.py:188} INFO - [2025-11-18T14:30:44.406+0000] {dagbag.py:355} ERROR - Failed to import: /opt/airflow/dags/test_push_clickhouse.py
Traceback (most recent call last):
  File "/home/airflow/.local/lib/python3.12/site-packages/airflow/models/dagbag.py", line 351, in parse
    loader.exec_module(new_module)
  File "<frozen importlib._bootstrap_external>", line 995, in exec_module
  File "<frozen importlib._bootstrap>", line 488, in _call_with_frames_removed
  File "/opt/airflow/dags/test_push_clickhouse.py", line 5, in <module>
    import jaydebeapi
ModuleNotFoundError: No module named 'jaydebeapi'
[2025-11-18T14:30:44.409+0000] {processor.py:842} WARNING - No viable dags retrieved from /opt/airflow/dags/test_push_clickhouse.py
[2025-11-18T14:30:44.424+0000] {processor.py:183} INFO - Processing /opt/airflow/dags/test_push_clickhouse.py took 0.110 seconds
[2025-11-18T14:31:14.857+0000] {processor.py:161} INFO - Started process (PID=2388) to work on /opt/airflow/dags/test_push_clickhouse.py
[2025-11-18T14:31:14.858+0000] {processor.py:830} INFO - Processing file /opt/airflow/dags/test_push_clickhouse.py for tasks to queue
[2025-11-18T14:31:14.859+0000] {logging_mixin.py:188} INFO - [2025-11-18T14:31:14.859+0000] {dagbag.py:545} INFO - Filling up the DagBag from /opt/airflow/dags/test_push_clickhouse.py
[2025-11-18T14:31:14.948+0000] {logging_mixin.py:188} INFO - [2025-11-18T14:31:14.946+0000] {dagbag.py:355} ERROR - Failed to import: /opt/airflow/dags/test_push_clickhouse.py
Traceback (most recent call last):
  File "/home/airflow/.local/lib/python3.12/site-packages/airflow/models/dagbag.py", line 351, in parse
    loader.exec_module(new_module)
  File "<frozen importlib._bootstrap_external>", line 995, in exec_module
  File "<frozen importlib._bootstrap>", line 488, in _call_with_frames_removed
  File "/opt/airflow/dags/test_push_clickhouse.py", line 5, in <module>
    import jaydebeapi
ModuleNotFoundError: No module named 'jaydebeapi'
[2025-11-18T14:31:14.949+0000] {processor.py:842} WARNING - No viable dags retrieved from /opt/airflow/dags/test_push_clickhouse.py
[2025-11-18T14:31:14.964+0000] {processor.py:183} INFO - Processing /opt/airflow/dags/test_push_clickhouse.py took 0.111 seconds
[2025-11-18T14:31:45.246+0000] {processor.py:161} INFO - Started process (PID=2400) to work on /opt/airflow/dags/test_push_clickhouse.py
[2025-11-18T14:31:45.247+0000] {processor.py:830} INFO - Processing file /opt/airflow/dags/test_push_clickhouse.py for tasks to queue
[2025-11-18T14:31:45.249+0000] {logging_mixin.py:188} INFO - [2025-11-18T14:31:45.249+0000] {dagbag.py:545} INFO - Filling up the DagBag from /opt/airflow/dags/test_push_clickhouse.py
[2025-11-18T14:31:45.350+0000] {logging_mixin.py:188} INFO - [2025-11-18T14:31:45.348+0000] {dagbag.py:355} ERROR - Failed to import: /opt/airflow/dags/test_push_clickhouse.py
Traceback (most recent call last):
  File "/home/airflow/.local/lib/python3.12/site-packages/airflow/models/dagbag.py", line 351, in parse
    loader.exec_module(new_module)
  File "<frozen importlib._bootstrap_external>", line 995, in exec_module
  File "<frozen importlib._bootstrap>", line 488, in _call_with_frames_removed
  File "/opt/airflow/dags/test_push_clickhouse.py", line 5, in <module>
    import jaydebeapi
ModuleNotFoundError: No module named 'jaydebeapi'
[2025-11-18T14:31:45.351+0000] {processor.py:842} WARNING - No viable dags retrieved from /opt/airflow/dags/test_push_clickhouse.py
[2025-11-18T14:31:45.364+0000] {processor.py:183} INFO - Processing /opt/airflow/dags/test_push_clickhouse.py took 0.123 seconds
[2025-11-18T14:32:15.737+0000] {processor.py:161} INFO - Started process (PID=2412) to work on /opt/airflow/dags/test_push_clickhouse.py
[2025-11-18T14:32:15.738+0000] {processor.py:830} INFO - Processing file /opt/airflow/dags/test_push_clickhouse.py for tasks to queue
[2025-11-18T14:32:15.739+0000] {logging_mixin.py:188} INFO - [2025-11-18T14:32:15.739+0000] {dagbag.py:545} INFO - Filling up the DagBag from /opt/airflow/dags/test_push_clickhouse.py
[2025-11-18T14:32:15.827+0000] {logging_mixin.py:188} INFO - [2025-11-18T14:32:15.824+0000] {dagbag.py:355} ERROR - Failed to import: /opt/airflow/dags/test_push_clickhouse.py
Traceback (most recent call last):
  File "/home/airflow/.local/lib/python3.12/site-packages/airflow/models/dagbag.py", line 351, in parse
    loader.exec_module(new_module)
  File "<frozen importlib._bootstrap_external>", line 995, in exec_module
  File "<frozen importlib._bootstrap>", line 488, in _call_with_frames_removed
  File "/opt/airflow/dags/test_push_clickhouse.py", line 5, in <module>
    import jaydebeapi
ModuleNotFoundError: No module named 'jaydebeapi'
[2025-11-18T14:32:15.829+0000] {processor.py:842} WARNING - No viable dags retrieved from /opt/airflow/dags/test_push_clickhouse.py
[2025-11-18T14:32:15.848+0000] {processor.py:183} INFO - Processing /opt/airflow/dags/test_push_clickhouse.py took 0.116 seconds
[2025-11-18T14:32:42.673+0000] {processor.py:161} INFO - Started process (PID=2424) to work on /opt/airflow/dags/test_push_clickhouse.py
[2025-11-18T14:32:42.674+0000] {processor.py:830} INFO - Processing file /opt/airflow/dags/test_push_clickhouse.py for tasks to queue
[2025-11-18T14:32:42.676+0000] {logging_mixin.py:188} INFO - [2025-11-18T14:32:42.675+0000] {dagbag.py:545} INFO - Filling up the DagBag from /opt/airflow/dags/test_push_clickhouse.py
[2025-11-18T14:32:42.679+0000] {logging_mixin.py:188} INFO - [2025-11-18T14:32:42.679+0000] {dagbag.py:334} INFO - File /opt/airflow/dags/test_push_clickhouse.py assumed to contain no DAGs. Skipping.
[2025-11-18T14:32:42.679+0000] {processor.py:842} WARNING - No viable dags retrieved from /opt/airflow/dags/test_push_clickhouse.py
[2025-11-18T14:32:42.692+0000] {processor.py:183} INFO - Processing /opt/airflow/dags/test_push_clickhouse.py took 0.024 seconds
[2025-11-18T14:33:06.072+0000] {processor.py:161} INFO - Started process (PID=2434) to work on /opt/airflow/dags/test_push_clickhouse.py
[2025-11-18T14:33:06.073+0000] {processor.py:830} INFO - Processing file /opt/airflow/dags/test_push_clickhouse.py for tasks to queue
[2025-11-18T14:33:06.075+0000] {logging_mixin.py:188} INFO - [2025-11-18T14:33:06.074+0000] {dagbag.py:545} INFO - Filling up the DagBag from /opt/airflow/dags/test_push_clickhouse.py
[2025-11-18T14:33:06.180+0000] {processor.py:840} INFO - DAG(s) 'test_push_clickhouse' retrieved from /opt/airflow/dags/test_push_clickhouse.py
[2025-11-18T14:33:06.307+0000] {logging_mixin.py:188} INFO - [2025-11-18T14:33:06.307+0000] {override.py:1829} INFO - Created Permission View: can edit on DAG:test_push_clickhouse
[2025-11-18T14:33:06.316+0000] {logging_mixin.py:188} INFO - [2025-11-18T14:33:06.316+0000] {override.py:1829} INFO - Created Permission View: can read on DAG:test_push_clickhouse
[2025-11-18T14:33:06.321+0000] {logging_mixin.py:188} INFO - [2025-11-18T14:33:06.320+0000] {override.py:1829} INFO - Created Permission View: can delete on DAG:test_push_clickhouse
[2025-11-18T14:33:06.321+0000] {logging_mixin.py:188} INFO - [2025-11-18T14:33:06.321+0000] {dag.py:3096} INFO - Sync 1 DAGs
[2025-11-18T14:33:06.329+0000] {logging_mixin.py:188} INFO - [2025-11-18T14:33:06.329+0000] {dag.py:3118} INFO - Creating ORM DAG for test_push_clickhouse
[2025-11-18T14:33:06.330+0000] {logging_mixin.py:188} INFO - [2025-11-18T14:33:06.330+0000] {dag.py:3954} INFO - Setting next_dagrun for test_push_clickhouse to None, run_after=None
[2025-11-18T14:33:06.348+0000] {processor.py:183} INFO - Processing /opt/airflow/dags/test_push_clickhouse.py took 0.281 seconds
[2025-11-18T14:33:36.711+0000] {processor.py:161} INFO - Started process (PID=2446) to work on /opt/airflow/dags/test_push_clickhouse.py
[2025-11-18T14:33:36.712+0000] {processor.py:830} INFO - Processing file /opt/airflow/dags/test_push_clickhouse.py for tasks to queue
[2025-11-18T14:33:36.714+0000] {logging_mixin.py:188} INFO - [2025-11-18T14:33:36.714+0000] {dagbag.py:545} INFO - Filling up the DagBag from /opt/airflow/dags/test_push_clickhouse.py
[2025-11-18T14:33:36.811+0000] {processor.py:840} INFO - DAG(s) 'test_push_clickhouse' retrieved from /opt/airflow/dags/test_push_clickhouse.py
[2025-11-18T14:33:36.829+0000] {logging_mixin.py:188} INFO - [2025-11-18T14:33:36.828+0000] {dag.py:3096} INFO - Sync 1 DAGs
[2025-11-18T14:33:36.839+0000] {logging_mixin.py:188} INFO - [2025-11-18T14:33:36.839+0000] {dag.py:3954} INFO - Setting next_dagrun for test_push_clickhouse to None, run_after=None
[2025-11-18T14:33:36.857+0000] {processor.py:183} INFO - Processing /opt/airflow/dags/test_push_clickhouse.py took 0.151 seconds
[2025-11-18T14:34:07.295+0000] {processor.py:161} INFO - Started process (PID=2458) to work on /opt/airflow/dags/test_push_clickhouse.py
[2025-11-18T14:34:07.296+0000] {processor.py:830} INFO - Processing file /opt/airflow/dags/test_push_clickhouse.py for tasks to queue
[2025-11-18T14:34:07.297+0000] {logging_mixin.py:188} INFO - [2025-11-18T14:34:07.297+0000] {dagbag.py:545} INFO - Filling up the DagBag from /opt/airflow/dags/test_push_clickhouse.py
[2025-11-18T14:34:07.380+0000] {processor.py:840} INFO - DAG(s) 'test_push_clickhouse' retrieved from /opt/airflow/dags/test_push_clickhouse.py
[2025-11-18T14:34:07.398+0000] {logging_mixin.py:188} INFO - [2025-11-18T14:34:07.397+0000] {dag.py:3096} INFO - Sync 1 DAGs
[2025-11-18T14:34:07.406+0000] {logging_mixin.py:188} INFO - [2025-11-18T14:34:07.406+0000] {dag.py:3954} INFO - Setting next_dagrun for test_push_clickhouse to None, run_after=None
[2025-11-18T14:34:07.420+0000] {processor.py:183} INFO - Processing /opt/airflow/dags/test_push_clickhouse.py took 0.129 seconds
[2025-11-18T14:34:37.777+0000] {processor.py:161} INFO - Started process (PID=2470) to work on /opt/airflow/dags/test_push_clickhouse.py
[2025-11-18T14:34:37.778+0000] {processor.py:830} INFO - Processing file /opt/airflow/dags/test_push_clickhouse.py for tasks to queue
[2025-11-18T14:34:37.780+0000] {logging_mixin.py:188} INFO - [2025-11-18T14:34:37.779+0000] {dagbag.py:545} INFO - Filling up the DagBag from /opt/airflow/dags/test_push_clickhouse.py
[2025-11-18T14:34:37.878+0000] {processor.py:840} INFO - DAG(s) 'test_push_clickhouse' retrieved from /opt/airflow/dags/test_push_clickhouse.py
[2025-11-18T14:34:37.899+0000] {logging_mixin.py:188} INFO - [2025-11-18T14:34:37.899+0000] {dag.py:3096} INFO - Sync 1 DAGs
[2025-11-18T14:34:37.909+0000] {logging_mixin.py:188} INFO - [2025-11-18T14:34:37.909+0000] {dag.py:3954} INFO - Setting next_dagrun for test_push_clickhouse to None, run_after=None
[2025-11-18T14:34:37.924+0000] {processor.py:183} INFO - Processing /opt/airflow/dags/test_push_clickhouse.py took 0.153 seconds
[2025-11-18T14:35:08.279+0000] {processor.py:161} INFO - Started process (PID=2482) to work on /opt/airflow/dags/test_push_clickhouse.py
[2025-11-18T14:35:08.280+0000] {processor.py:830} INFO - Processing file /opt/airflow/dags/test_push_clickhouse.py for tasks to queue
[2025-11-18T14:35:08.281+0000] {logging_mixin.py:188} INFO - [2025-11-18T14:35:08.281+0000] {dagbag.py:545} INFO - Filling up the DagBag from /opt/airflow/dags/test_push_clickhouse.py
[2025-11-18T14:35:08.378+0000] {processor.py:840} INFO - DAG(s) 'test_push_clickhouse' retrieved from /opt/airflow/dags/test_push_clickhouse.py
[2025-11-18T14:35:08.397+0000] {logging_mixin.py:188} INFO - [2025-11-18T14:35:08.396+0000] {dag.py:3096} INFO - Sync 1 DAGs
[2025-11-18T14:35:08.405+0000] {logging_mixin.py:188} INFO - [2025-11-18T14:35:08.405+0000] {dag.py:3954} INFO - Setting next_dagrun for test_push_clickhouse to None, run_after=None
[2025-11-18T14:35:08.421+0000] {processor.py:183} INFO - Processing /opt/airflow/dags/test_push_clickhouse.py took 0.147 seconds
[2025-11-18T14:35:38.768+0000] {processor.py:161} INFO - Started process (PID=2494) to work on /opt/airflow/dags/test_push_clickhouse.py
[2025-11-18T14:35:38.768+0000] {processor.py:830} INFO - Processing file /opt/airflow/dags/test_push_clickhouse.py for tasks to queue
[2025-11-18T14:35:38.770+0000] {logging_mixin.py:188} INFO - [2025-11-18T14:35:38.769+0000] {dagbag.py:545} INFO - Filling up the DagBag from /opt/airflow/dags/test_push_clickhouse.py
[2025-11-18T14:35:38.862+0000] {processor.py:840} INFO - DAG(s) 'test_push_clickhouse' retrieved from /opt/airflow/dags/test_push_clickhouse.py
[2025-11-18T14:35:38.881+0000] {logging_mixin.py:188} INFO - [2025-11-18T14:35:38.881+0000] {dag.py:3096} INFO - Sync 1 DAGs
[2025-11-18T14:35:38.891+0000] {logging_mixin.py:188} INFO - [2025-11-18T14:35:38.891+0000] {dag.py:3954} INFO - Setting next_dagrun for test_push_clickhouse to None, run_after=None
[2025-11-18T14:35:38.904+0000] {processor.py:183} INFO - Processing /opt/airflow/dags/test_push_clickhouse.py took 0.140 seconds
[2025-11-18T14:36:09.309+0000] {processor.py:161} INFO - Started process (PID=2506) to work on /opt/airflow/dags/test_push_clickhouse.py
[2025-11-18T14:36:09.310+0000] {processor.py:830} INFO - Processing file /opt/airflow/dags/test_push_clickhouse.py for tasks to queue
[2025-11-18T14:36:09.311+0000] {logging_mixin.py:188} INFO - [2025-11-18T14:36:09.311+0000] {dagbag.py:545} INFO - Filling up the DagBag from /opt/airflow/dags/test_push_clickhouse.py
[2025-11-18T14:36:09.398+0000] {processor.py:840} INFO - DAG(s) 'test_push_clickhouse' retrieved from /opt/airflow/dags/test_push_clickhouse.py
[2025-11-18T14:36:09.414+0000] {logging_mixin.py:188} INFO - [2025-11-18T14:36:09.414+0000] {dag.py:3096} INFO - Sync 1 DAGs
[2025-11-18T14:36:09.422+0000] {logging_mixin.py:188} INFO - [2025-11-18T14:36:09.422+0000] {dag.py:3954} INFO - Setting next_dagrun for test_push_clickhouse to None, run_after=None
[2025-11-18T14:36:09.435+0000] {processor.py:183} INFO - Processing /opt/airflow/dags/test_push_clickhouse.py took 0.130 seconds
[2025-11-18T14:36:39.787+0000] {processor.py:161} INFO - Started process (PID=2518) to work on /opt/airflow/dags/test_push_clickhouse.py
[2025-11-18T14:36:39.788+0000] {processor.py:830} INFO - Processing file /opt/airflow/dags/test_push_clickhouse.py for tasks to queue
[2025-11-18T14:36:39.789+0000] {logging_mixin.py:188} INFO - [2025-11-18T14:36:39.789+0000] {dagbag.py:545} INFO - Filling up the DagBag from /opt/airflow/dags/test_push_clickhouse.py
[2025-11-18T14:36:39.893+0000] {processor.py:840} INFO - DAG(s) 'test_push_clickhouse' retrieved from /opt/airflow/dags/test_push_clickhouse.py
[2025-11-18T14:36:39.916+0000] {logging_mixin.py:188} INFO - [2025-11-18T14:36:39.916+0000] {dag.py:3096} INFO - Sync 1 DAGs
[2025-11-18T14:36:39.926+0000] {logging_mixin.py:188} INFO - [2025-11-18T14:36:39.926+0000] {dag.py:3954} INFO - Setting next_dagrun for test_push_clickhouse to None, run_after=None
[2025-11-18T14:36:39.940+0000] {processor.py:183} INFO - Processing /opt/airflow/dags/test_push_clickhouse.py took 0.158 seconds
[2025-11-18T14:37:10.255+0000] {processor.py:161} INFO - Started process (PID=2530) to work on /opt/airflow/dags/test_push_clickhouse.py
[2025-11-18T14:37:10.256+0000] {processor.py:830} INFO - Processing file /opt/airflow/dags/test_push_clickhouse.py for tasks to queue
[2025-11-18T14:37:10.258+0000] {logging_mixin.py:188} INFO - [2025-11-18T14:37:10.257+0000] {dagbag.py:545} INFO - Filling up the DagBag from /opt/airflow/dags/test_push_clickhouse.py
[2025-11-18T14:37:10.373+0000] {processor.py:840} INFO - DAG(s) 'test_push_clickhouse' retrieved from /opt/airflow/dags/test_push_clickhouse.py
[2025-11-18T14:37:10.399+0000] {logging_mixin.py:188} INFO - [2025-11-18T14:37:10.399+0000] {dag.py:3096} INFO - Sync 1 DAGs
[2025-11-18T14:37:10.410+0000] {logging_mixin.py:188} INFO - [2025-11-18T14:37:10.410+0000] {dag.py:3954} INFO - Setting next_dagrun for test_push_clickhouse to None, run_after=None
[2025-11-18T14:37:10.426+0000] {processor.py:183} INFO - Processing /opt/airflow/dags/test_push_clickhouse.py took 0.176 seconds
[2025-11-18T14:37:40.746+0000] {processor.py:161} INFO - Started process (PID=2542) to work on /opt/airflow/dags/test_push_clickhouse.py
[2025-11-18T14:37:40.747+0000] {processor.py:830} INFO - Processing file /opt/airflow/dags/test_push_clickhouse.py for tasks to queue
[2025-11-18T14:37:40.749+0000] {logging_mixin.py:188} INFO - [2025-11-18T14:37:40.749+0000] {dagbag.py:545} INFO - Filling up the DagBag from /opt/airflow/dags/test_push_clickhouse.py
[2025-11-18T14:37:40.849+0000] {processor.py:840} INFO - DAG(s) 'test_push_clickhouse' retrieved from /opt/airflow/dags/test_push_clickhouse.py
[2025-11-18T14:37:40.867+0000] {logging_mixin.py:188} INFO - [2025-11-18T14:37:40.867+0000] {dag.py:3096} INFO - Sync 1 DAGs
[2025-11-18T14:37:40.875+0000] {logging_mixin.py:188} INFO - [2025-11-18T14:37:40.875+0000] {dag.py:3954} INFO - Setting next_dagrun for test_push_clickhouse to None, run_after=None
[2025-11-18T14:37:40.887+0000] {processor.py:183} INFO - Processing /opt/airflow/dags/test_push_clickhouse.py took 0.146 seconds
[2025-11-18T14:38:11.268+0000] {processor.py:161} INFO - Started process (PID=2554) to work on /opt/airflow/dags/test_push_clickhouse.py
[2025-11-18T14:38:11.269+0000] {processor.py:830} INFO - Processing file /opt/airflow/dags/test_push_clickhouse.py for tasks to queue
[2025-11-18T14:38:11.270+0000] {logging_mixin.py:188} INFO - [2025-11-18T14:38:11.270+0000] {dagbag.py:545} INFO - Filling up the DagBag from /opt/airflow/dags/test_push_clickhouse.py
[2025-11-18T14:38:11.357+0000] {processor.py:840} INFO - DAG(s) 'test_push_clickhouse' retrieved from /opt/airflow/dags/test_push_clickhouse.py
[2025-11-18T14:38:11.374+0000] {logging_mixin.py:188} INFO - [2025-11-18T14:38:11.374+0000] {dag.py:3096} INFO - Sync 1 DAGs
[2025-11-18T14:38:11.383+0000] {logging_mixin.py:188} INFO - [2025-11-18T14:38:11.383+0000] {dag.py:3954} INFO - Setting next_dagrun for test_push_clickhouse to None, run_after=None
[2025-11-18T14:38:11.397+0000] {processor.py:183} INFO - Processing /opt/airflow/dags/test_push_clickhouse.py took 0.134 seconds
[2025-11-18T14:38:41.724+0000] {processor.py:161} INFO - Started process (PID=2566) to work on /opt/airflow/dags/test_push_clickhouse.py
[2025-11-18T14:38:41.725+0000] {processor.py:830} INFO - Processing file /opt/airflow/dags/test_push_clickhouse.py for tasks to queue
[2025-11-18T14:38:41.727+0000] {logging_mixin.py:188} INFO - [2025-11-18T14:38:41.726+0000] {dagbag.py:545} INFO - Filling up the DagBag from /opt/airflow/dags/test_push_clickhouse.py
[2025-11-18T14:38:41.820+0000] {processor.py:840} INFO - DAG(s) 'test_push_clickhouse' retrieved from /opt/airflow/dags/test_push_clickhouse.py
[2025-11-18T14:38:41.838+0000] {logging_mixin.py:188} INFO - [2025-11-18T14:38:41.838+0000] {dag.py:3096} INFO - Sync 1 DAGs
[2025-11-18T14:38:41.846+0000] {logging_mixin.py:188} INFO - [2025-11-18T14:38:41.846+0000] {dag.py:3954} INFO - Setting next_dagrun for test_push_clickhouse to None, run_after=None
[2025-11-18T14:38:41.865+0000] {processor.py:183} INFO - Processing /opt/airflow/dags/test_push_clickhouse.py took 0.146 seconds
[2025-11-18T14:39:12.184+0000] {processor.py:161} INFO - Started process (PID=2578) to work on /opt/airflow/dags/test_push_clickhouse.py
[2025-11-18T14:39:12.185+0000] {processor.py:830} INFO - Processing file /opt/airflow/dags/test_push_clickhouse.py for tasks to queue
[2025-11-18T14:39:12.186+0000] {logging_mixin.py:188} INFO - [2025-11-18T14:39:12.186+0000] {dagbag.py:545} INFO - Filling up the DagBag from /opt/airflow/dags/test_push_clickhouse.py
[2025-11-18T14:39:12.280+0000] {processor.py:840} INFO - DAG(s) 'test_push_clickhouse' retrieved from /opt/airflow/dags/test_push_clickhouse.py
[2025-11-18T14:39:12.316+0000] {logging_mixin.py:188} INFO - [2025-11-18T14:39:12.316+0000] {dag.py:3096} INFO - Sync 1 DAGs
[2025-11-18T14:39:12.343+0000] {logging_mixin.py:188} INFO - [2025-11-18T14:39:12.343+0000] {dag.py:3954} INFO - Setting next_dagrun for test_push_clickhouse to None, run_after=None
[2025-11-18T14:39:12.420+0000] {processor.py:183} INFO - Processing /opt/airflow/dags/test_push_clickhouse.py took 0.241 seconds
[2025-11-18T14:39:42.729+0000] {processor.py:161} INFO - Started process (PID=2590) to work on /opt/airflow/dags/test_push_clickhouse.py
[2025-11-18T14:39:42.730+0000] {processor.py:830} INFO - Processing file /opt/airflow/dags/test_push_clickhouse.py for tasks to queue
[2025-11-18T14:39:42.731+0000] {logging_mixin.py:188} INFO - [2025-11-18T14:39:42.731+0000] {dagbag.py:545} INFO - Filling up the DagBag from /opt/airflow/dags/test_push_clickhouse.py
[2025-11-18T14:39:42.828+0000] {processor.py:840} INFO - DAG(s) 'test_push_clickhouse' retrieved from /opt/airflow/dags/test_push_clickhouse.py
[2025-11-18T14:39:42.846+0000] {logging_mixin.py:188} INFO - [2025-11-18T14:39:42.846+0000] {dag.py:3096} INFO - Sync 1 DAGs
[2025-11-18T14:39:42.857+0000] {logging_mixin.py:188} INFO - [2025-11-18T14:39:42.857+0000] {dag.py:3954} INFO - Setting next_dagrun for test_push_clickhouse to None, run_after=None
[2025-11-18T14:39:42.869+0000] {processor.py:183} INFO - Processing /opt/airflow/dags/test_push_clickhouse.py took 0.145 seconds
[2025-11-18T14:40:13.238+0000] {processor.py:161} INFO - Started process (PID=2602) to work on /opt/airflow/dags/test_push_clickhouse.py
[2025-11-18T14:40:13.239+0000] {processor.py:830} INFO - Processing file /opt/airflow/dags/test_push_clickhouse.py for tasks to queue
[2025-11-18T14:40:13.241+0000] {logging_mixin.py:188} INFO - [2025-11-18T14:40:13.240+0000] {dagbag.py:545} INFO - Filling up the DagBag from /opt/airflow/dags/test_push_clickhouse.py
[2025-11-18T14:40:13.331+0000] {processor.py:840} INFO - DAG(s) 'test_push_clickhouse' retrieved from /opt/airflow/dags/test_push_clickhouse.py
[2025-11-18T14:40:13.349+0000] {logging_mixin.py:188} INFO - [2025-11-18T14:40:13.349+0000] {dag.py:3096} INFO - Sync 1 DAGs
[2025-11-18T14:40:13.358+0000] {logging_mixin.py:188} INFO - [2025-11-18T14:40:13.358+0000] {dag.py:3954} INFO - Setting next_dagrun for test_push_clickhouse to None, run_after=None
[2025-11-18T14:40:13.371+0000] {processor.py:183} INFO - Processing /opt/airflow/dags/test_push_clickhouse.py took 0.138 seconds
[2025-11-18T14:40:43.734+0000] {processor.py:161} INFO - Started process (PID=2614) to work on /opt/airflow/dags/test_push_clickhouse.py
[2025-11-18T14:40:43.735+0000] {processor.py:830} INFO - Processing file /opt/airflow/dags/test_push_clickhouse.py for tasks to queue
[2025-11-18T14:40:43.737+0000] {logging_mixin.py:188} INFO - [2025-11-18T14:40:43.736+0000] {dagbag.py:545} INFO - Filling up the DagBag from /opt/airflow/dags/test_push_clickhouse.py
[2025-11-18T14:40:43.874+0000] {processor.py:840} INFO - DAG(s) 'test_push_clickhouse' retrieved from /opt/airflow/dags/test_push_clickhouse.py
[2025-11-18T14:40:43.893+0000] {logging_mixin.py:188} INFO - [2025-11-18T14:40:43.893+0000] {dag.py:3096} INFO - Sync 1 DAGs
[2025-11-18T14:40:43.902+0000] {logging_mixin.py:188} INFO - [2025-11-18T14:40:43.902+0000] {dag.py:3954} INFO - Setting next_dagrun for test_push_clickhouse to None, run_after=None
[2025-11-18T14:40:43.914+0000] {processor.py:183} INFO - Processing /opt/airflow/dags/test_push_clickhouse.py took 0.186 seconds
[2025-11-18T14:41:14.261+0000] {processor.py:161} INFO - Started process (PID=2626) to work on /opt/airflow/dags/test_push_clickhouse.py
[2025-11-18T14:41:14.262+0000] {processor.py:830} INFO - Processing file /opt/airflow/dags/test_push_clickhouse.py for tasks to queue
[2025-11-18T14:41:14.263+0000] {logging_mixin.py:188} INFO - [2025-11-18T14:41:14.263+0000] {dagbag.py:545} INFO - Filling up the DagBag from /opt/airflow/dags/test_push_clickhouse.py
[2025-11-18T14:41:14.353+0000] {processor.py:840} INFO - DAG(s) 'test_push_clickhouse' retrieved from /opt/airflow/dags/test_push_clickhouse.py
[2025-11-18T14:41:14.369+0000] {logging_mixin.py:188} INFO - [2025-11-18T14:41:14.369+0000] {dag.py:3096} INFO - Sync 1 DAGs
[2025-11-18T14:41:14.377+0000] {logging_mixin.py:188} INFO - [2025-11-18T14:41:14.377+0000] {dag.py:3954} INFO - Setting next_dagrun for test_push_clickhouse to None, run_after=None
[2025-11-18T14:41:14.389+0000] {processor.py:183} INFO - Processing /opt/airflow/dags/test_push_clickhouse.py took 0.133 seconds
[2025-11-18T14:41:44.719+0000] {processor.py:161} INFO - Started process (PID=2638) to work on /opt/airflow/dags/test_push_clickhouse.py
[2025-11-18T14:41:44.720+0000] {processor.py:830} INFO - Processing file /opt/airflow/dags/test_push_clickhouse.py for tasks to queue
[2025-11-18T14:41:44.722+0000] {logging_mixin.py:188} INFO - [2025-11-18T14:41:44.721+0000] {dagbag.py:545} INFO - Filling up the DagBag from /opt/airflow/dags/test_push_clickhouse.py
[2025-11-18T14:41:44.813+0000] {processor.py:840} INFO - DAG(s) 'test_push_clickhouse' retrieved from /opt/airflow/dags/test_push_clickhouse.py
[2025-11-18T14:41:44.832+0000] {logging_mixin.py:188} INFO - [2025-11-18T14:41:44.832+0000] {dag.py:3096} INFO - Sync 1 DAGs
[2025-11-18T14:41:44.840+0000] {logging_mixin.py:188} INFO - [2025-11-18T14:41:44.840+0000] {dag.py:3954} INFO - Setting next_dagrun for test_push_clickhouse to None, run_after=None
[2025-11-18T14:41:44.853+0000] {processor.py:183} INFO - Processing /opt/airflow/dags/test_push_clickhouse.py took 0.139 seconds
[2025-11-18T14:42:15.210+0000] {processor.py:161} INFO - Started process (PID=2650) to work on /opt/airflow/dags/test_push_clickhouse.py
[2025-11-18T14:42:15.211+0000] {processor.py:830} INFO - Processing file /opt/airflow/dags/test_push_clickhouse.py for tasks to queue
[2025-11-18T14:42:15.213+0000] {logging_mixin.py:188} INFO - [2025-11-18T14:42:15.212+0000] {dagbag.py:545} INFO - Filling up the DagBag from /opt/airflow/dags/test_push_clickhouse.py
[2025-11-18T14:42:15.304+0000] {processor.py:840} INFO - DAG(s) 'test_push_clickhouse' retrieved from /opt/airflow/dags/test_push_clickhouse.py
[2025-11-18T14:42:15.324+0000] {logging_mixin.py:188} INFO - [2025-11-18T14:42:15.324+0000] {dag.py:3096} INFO - Sync 1 DAGs
[2025-11-18T14:42:15.335+0000] {logging_mixin.py:188} INFO - [2025-11-18T14:42:15.334+0000] {dag.py:3954} INFO - Setting next_dagrun for test_push_clickhouse to None, run_after=None
[2025-11-18T14:42:15.347+0000] {processor.py:183} INFO - Processing /opt/airflow/dags/test_push_clickhouse.py took 0.142 seconds
[2025-11-18T14:42:45.820+0000] {processor.py:161} INFO - Started process (PID=2662) to work on /opt/airflow/dags/test_push_clickhouse.py
[2025-11-18T14:42:45.820+0000] {processor.py:830} INFO - Processing file /opt/airflow/dags/test_push_clickhouse.py for tasks to queue
[2025-11-18T14:42:45.822+0000] {logging_mixin.py:188} INFO - [2025-11-18T14:42:45.821+0000] {dagbag.py:545} INFO - Filling up the DagBag from /opt/airflow/dags/test_push_clickhouse.py
[2025-11-18T14:42:45.922+0000] {processor.py:840} INFO - DAG(s) 'test_push_clickhouse' retrieved from /opt/airflow/dags/test_push_clickhouse.py
[2025-11-18T14:42:45.941+0000] {logging_mixin.py:188} INFO - [2025-11-18T14:42:45.941+0000] {dag.py:3096} INFO - Sync 1 DAGs
[2025-11-18T14:42:45.950+0000] {logging_mixin.py:188} INFO - [2025-11-18T14:42:45.949+0000] {dag.py:3954} INFO - Setting next_dagrun for test_push_clickhouse to None, run_after=None
[2025-11-18T14:42:45.962+0000] {processor.py:183} INFO - Processing /opt/airflow/dags/test_push_clickhouse.py took 0.147 seconds
[2025-11-18T14:43:16.312+0000] {processor.py:161} INFO - Started process (PID=2674) to work on /opt/airflow/dags/test_push_clickhouse.py
[2025-11-18T14:43:16.313+0000] {processor.py:830} INFO - Processing file /opt/airflow/dags/test_push_clickhouse.py for tasks to queue
[2025-11-18T14:43:16.314+0000] {logging_mixin.py:188} INFO - [2025-11-18T14:43:16.314+0000] {dagbag.py:545} INFO - Filling up the DagBag from /opt/airflow/dags/test_push_clickhouse.py
[2025-11-18T14:43:16.404+0000] {processor.py:840} INFO - DAG(s) 'test_push_clickhouse' retrieved from /opt/airflow/dags/test_push_clickhouse.py
[2025-11-18T14:43:16.422+0000] {logging_mixin.py:188} INFO - [2025-11-18T14:43:16.422+0000] {dag.py:3096} INFO - Sync 1 DAGs
[2025-11-18T14:43:16.436+0000] {logging_mixin.py:188} INFO - [2025-11-18T14:43:16.435+0000] {dag.py:3954} INFO - Setting next_dagrun for test_push_clickhouse to None, run_after=None
[2025-11-18T14:43:16.451+0000] {processor.py:183} INFO - Processing /opt/airflow/dags/test_push_clickhouse.py took 0.145 seconds
[2025-11-18T14:43:46.810+0000] {processor.py:161} INFO - Started process (PID=2686) to work on /opt/airflow/dags/test_push_clickhouse.py
[2025-11-18T14:43:46.811+0000] {processor.py:830} INFO - Processing file /opt/airflow/dags/test_push_clickhouse.py for tasks to queue
[2025-11-18T14:43:46.813+0000] {logging_mixin.py:188} INFO - [2025-11-18T14:43:46.812+0000] {dagbag.py:545} INFO - Filling up the DagBag from /opt/airflow/dags/test_push_clickhouse.py
[2025-11-18T14:43:46.908+0000] {processor.py:840} INFO - DAG(s) 'test_push_clickhouse' retrieved from /opt/airflow/dags/test_push_clickhouse.py
[2025-11-18T14:43:46.933+0000] {logging_mixin.py:188} INFO - [2025-11-18T14:43:46.933+0000] {dag.py:3096} INFO - Sync 1 DAGs
[2025-11-18T14:43:46.943+0000] {logging_mixin.py:188} INFO - [2025-11-18T14:43:46.942+0000] {dag.py:3954} INFO - Setting next_dagrun for test_push_clickhouse to None, run_after=None
[2025-11-18T14:43:46.961+0000] {processor.py:183} INFO - Processing /opt/airflow/dags/test_push_clickhouse.py took 0.156 seconds
[2025-11-18T14:44:17.422+0000] {processor.py:161} INFO - Started process (PID=2698) to work on /opt/airflow/dags/test_push_clickhouse.py
[2025-11-18T14:44:17.422+0000] {processor.py:830} INFO - Processing file /opt/airflow/dags/test_push_clickhouse.py for tasks to queue
[2025-11-18T14:44:17.424+0000] {logging_mixin.py:188} INFO - [2025-11-18T14:44:17.424+0000] {dagbag.py:545} INFO - Filling up the DagBag from /opt/airflow/dags/test_push_clickhouse.py
[2025-11-18T14:44:17.508+0000] {processor.py:840} INFO - DAG(s) 'test_push_clickhouse' retrieved from /opt/airflow/dags/test_push_clickhouse.py
[2025-11-18T14:44:17.526+0000] {logging_mixin.py:188} INFO - [2025-11-18T14:44:17.526+0000] {dag.py:3096} INFO - Sync 1 DAGs
[2025-11-18T14:44:17.537+0000] {logging_mixin.py:188} INFO - [2025-11-18T14:44:17.536+0000] {dag.py:3954} INFO - Setting next_dagrun for test_push_clickhouse to None, run_after=None
[2025-11-18T14:44:17.549+0000] {processor.py:183} INFO - Processing /opt/airflow/dags/test_push_clickhouse.py took 0.131 seconds
[2025-11-18T14:44:47.870+0000] {processor.py:161} INFO - Started process (PID=2710) to work on /opt/airflow/dags/test_push_clickhouse.py
[2025-11-18T14:44:47.870+0000] {processor.py:830} INFO - Processing file /opt/airflow/dags/test_push_clickhouse.py for tasks to queue
[2025-11-18T14:44:47.872+0000] {logging_mixin.py:188} INFO - [2025-11-18T14:44:47.871+0000] {dagbag.py:545} INFO - Filling up the DagBag from /opt/airflow/dags/test_push_clickhouse.py
[2025-11-18T14:44:47.966+0000] {processor.py:840} INFO - DAG(s) 'test_push_clickhouse' retrieved from /opt/airflow/dags/test_push_clickhouse.py
[2025-11-18T14:44:47.985+0000] {logging_mixin.py:188} INFO - [2025-11-18T14:44:47.985+0000] {dag.py:3096} INFO - Sync 1 DAGs
[2025-11-18T14:44:47.994+0000] {logging_mixin.py:188} INFO - [2025-11-18T14:44:47.994+0000] {dag.py:3954} INFO - Setting next_dagrun for test_push_clickhouse to None, run_after=None
[2025-11-18T14:44:48.005+0000] {processor.py:183} INFO - Processing /opt/airflow/dags/test_push_clickhouse.py took 0.140 seconds
[2025-11-18T14:45:14.297+0000] {processor.py:161} INFO - Started process (PID=2722) to work on /opt/airflow/dags/test_push_clickhouse.py
[2025-11-18T14:45:14.298+0000] {processor.py:830} INFO - Processing file /opt/airflow/dags/test_push_clickhouse.py for tasks to queue
[2025-11-18T14:45:14.300+0000] {logging_mixin.py:188} INFO - [2025-11-18T14:45:14.300+0000] {dagbag.py:545} INFO - Filling up the DagBag from /opt/airflow/dags/test_push_clickhouse.py
[2025-11-18T14:45:14.406+0000] {logging_mixin.py:188} INFO - [2025-11-18T14:45:14.400+0000] {dagbag.py:355} ERROR - Failed to import: /opt/airflow/dags/test_push_clickhouse.py
Traceback (most recent call last):
  File "/home/airflow/.local/lib/python3.12/site-packages/airflow/models/dagbag.py", line 351, in parse
    loader.exec_module(new_module)
  File "<frozen importlib._bootstrap_external>", line 995, in exec_module
  File "<frozen importlib._bootstrap>", line 488, in _call_with_frames_removed
  File "/opt/airflow/dags/test_push_clickhouse.py", line 22, in <module>
    python_callable=simple_clickhouse_test
                    ^^^^^^^^^^^^^^^^^^^^^^
NameError: name 'simple_clickhouse_test' is not defined
[2025-11-18T14:45:14.410+0000] {processor.py:842} WARNING - No viable dags retrieved from /opt/airflow/dags/test_push_clickhouse.py
[2025-11-18T14:45:14.425+0000] {processor.py:183} INFO - Processing /opt/airflow/dags/test_push_clickhouse.py took 0.133 seconds
[2025-11-18T14:45:44.808+0000] {processor.py:161} INFO - Started process (PID=2734) to work on /opt/airflow/dags/test_push_clickhouse.py
[2025-11-18T14:45:44.808+0000] {processor.py:830} INFO - Processing file /opt/airflow/dags/test_push_clickhouse.py for tasks to queue
[2025-11-18T14:45:44.810+0000] {logging_mixin.py:188} INFO - [2025-11-18T14:45:44.810+0000] {dagbag.py:545} INFO - Filling up the DagBag from /opt/airflow/dags/test_push_clickhouse.py
[2025-11-18T14:45:44.910+0000] {logging_mixin.py:188} INFO - [2025-11-18T14:45:44.905+0000] {dagbag.py:355} ERROR - Failed to import: /opt/airflow/dags/test_push_clickhouse.py
Traceback (most recent call last):
  File "/home/airflow/.local/lib/python3.12/site-packages/airflow/models/dagbag.py", line 351, in parse
    loader.exec_module(new_module)
  File "<frozen importlib._bootstrap_external>", line 995, in exec_module
  File "<frozen importlib._bootstrap>", line 488, in _call_with_frames_removed
  File "/opt/airflow/dags/test_push_clickhouse.py", line 22, in <module>
    python_callable=simple_clickhouse_test
                    ^^^^^^^^^^^^^^^^^^^^^^
NameError: name 'simple_clickhouse_test' is not defined
[2025-11-18T14:45:44.914+0000] {processor.py:842} WARNING - No viable dags retrieved from /opt/airflow/dags/test_push_clickhouse.py
[2025-11-18T14:45:44.932+0000] {processor.py:183} INFO - Processing /opt/airflow/dags/test_push_clickhouse.py took 0.132 seconds
[2025-11-18T14:46:15.319+0000] {processor.py:161} INFO - Started process (PID=2746) to work on /opt/airflow/dags/test_push_clickhouse.py
[2025-11-18T14:46:15.320+0000] {processor.py:830} INFO - Processing file /opt/airflow/dags/test_push_clickhouse.py for tasks to queue
[2025-11-18T14:46:15.321+0000] {logging_mixin.py:188} INFO - [2025-11-18T14:46:15.321+0000] {dagbag.py:545} INFO - Filling up the DagBag from /opt/airflow/dags/test_push_clickhouse.py
[2025-11-18T14:46:15.414+0000] {logging_mixin.py:188} INFO - [2025-11-18T14:46:15.409+0000] {dagbag.py:355} ERROR - Failed to import: /opt/airflow/dags/test_push_clickhouse.py
Traceback (most recent call last):
  File "/home/airflow/.local/lib/python3.12/site-packages/airflow/models/dagbag.py", line 351, in parse
    loader.exec_module(new_module)
  File "<frozen importlib._bootstrap_external>", line 995, in exec_module
  File "<frozen importlib._bootstrap>", line 488, in _call_with_frames_removed
  File "/opt/airflow/dags/test_push_clickhouse.py", line 22, in <module>
    python_callable=simple_clickhouse_test
                    ^^^^^^^^^^^^^^^^^^^^^^
NameError: name 'simple_clickhouse_test' is not defined
[2025-11-18T14:46:15.417+0000] {processor.py:842} WARNING - No viable dags retrieved from /opt/airflow/dags/test_push_clickhouse.py
[2025-11-18T14:46:15.430+0000] {processor.py:183} INFO - Processing /opt/airflow/dags/test_push_clickhouse.py took 0.117 seconds
[2025-11-18T14:46:25.508+0000] {processor.py:161} INFO - Started process (PID=2753) to work on /opt/airflow/dags/test_push_clickhouse.py
[2025-11-18T14:46:25.509+0000] {processor.py:830} INFO - Processing file /opt/airflow/dags/test_push_clickhouse.py for tasks to queue
[2025-11-18T14:46:25.510+0000] {logging_mixin.py:188} INFO - [2025-11-18T14:46:25.510+0000] {dagbag.py:545} INFO - Filling up the DagBag from /opt/airflow/dags/test_push_clickhouse.py
[2025-11-18T14:46:28.264+0000] {logging_mixin.py:188} INFO - [2025-11-18T14:46:28.259+0000] {dagbag.py:355} ERROR - Failed to import: /opt/airflow/dags/test_push_clickhouse.py
Traceback (most recent call last):
  File "/home/airflow/.local/lib/python3.12/site-packages/airflow/models/dagbag.py", line 351, in parse
    loader.exec_module(new_module)
  File "<frozen importlib._bootstrap_external>", line 995, in exec_module
  File "<frozen importlib._bootstrap>", line 488, in _call_with_frames_removed
  File "/opt/airflow/dags/test_push_clickhouse.py", line 20, in <module>
    df = spark.read.jdbc(url=url, table="employees", properties=properties)
         ^^^^^^^^^^^^^^^^^^^^^^^^^^^^^^^^^^^^^^^^^^^^^^^^^^^^^^^^^^^^^^^^^^
  File "/home/airflow/.local/lib/python3.12/site-packages/pyspark/sql/readwriter.py", line 927, in jdbc
    return self._df(self._jreader.jdbc(url, table, jprop))
                    ^^^^^^^^^^^^^^^^^^^^^^^^^^^^^^^^^^^^^
  File "/opt/spark/spark-3.4.2-bin-hadoop3/python/lib/py4j-0.10.9.7-src.zip/py4j/java_gateway.py", line 1322, in __call__
    return_value = get_return_value(
                   ^^^^^^^^^^^^^^^^^
  File "/home/airflow/.local/lib/python3.12/site-packages/pyspark/errors/exceptions/captured.py", line 169, in deco
    return f(*a, **kw)
           ^^^^^^^^^^^
  File "/opt/spark/spark-3.4.2-bin-hadoop3/python/lib/py4j-0.10.9.7-src.zip/py4j/protocol.py", line 326, in get_return_value
    raise Py4JJavaError(
py4j.protocol.Py4JJavaError: An error occurred while calling o28.jdbc.
: java.lang.ClassNotFoundException: com.clickhouse.jdbc.ClickHouseDriver
	at java.base/java.net.URLClassLoader.findClass(URLClassLoader.java:445)
	at java.base/java.lang.ClassLoader.loadClass(ClassLoader.java:592)
	at java.base/java.lang.ClassLoader.loadClass(ClassLoader.java:525)
	at org.apache.spark.sql.execution.datasources.jdbc.DriverRegistry$.register(DriverRegistry.scala:46)
	at org.apache.spark.sql.execution.datasources.jdbc.JDBCOptions.$anonfun$driverClass$1(JDBCOptions.scala:103)
	at org.apache.spark.sql.execution.datasources.jdbc.JDBCOptions.$anonfun$driverClass$1$adapted(JDBCOptions.scala:103)
	at scala.Option.foreach(Option.scala:407)
	at org.apache.spark.sql.execution.datasources.jdbc.JDBCOptions.<init>(JDBCOptions.scala:103)
	at org.apache.spark.sql.execution.datasources.jdbc.JDBCOptions.<init>(JDBCOptions.scala:41)
	at org.apache.spark.sql.execution.datasources.jdbc.JdbcRelationProvider.createRelation(JdbcRelationProvider.scala:34)
	at org.apache.spark.sql.execution.datasources.DataSource.resolveRelation(DataSource.scala:346)
	at org.apache.spark.sql.DataFrameReader.loadV1Source(DataFrameReader.scala:229)
	at org.apache.spark.sql.DataFrameReader.$anonfun$load$2(DataFrameReader.scala:211)
	at scala.Option.getOrElse(Option.scala:189)
	at org.apache.spark.sql.DataFrameReader.load(DataFrameReader.scala:211)
	at org.apache.spark.sql.DataFrameReader.load(DataFrameReader.scala:172)
	at org.apache.spark.sql.DataFrameReader.jdbc(DataFrameReader.scala:249)
	at java.base/jdk.internal.reflect.NativeMethodAccessorImpl.invoke0(Native Method)
	at java.base/jdk.internal.reflect.NativeMethodAccessorImpl.invoke(NativeMethodAccessorImpl.java:77)
	at java.base/jdk.internal.reflect.DelegatingMethodAccessorImpl.invoke(DelegatingMethodAccessorImpl.java:43)
	at java.base/java.lang.reflect.Method.invoke(Method.java:569)
	at py4j.reflection.MethodInvoker.invoke(MethodInvoker.java:244)
	at py4j.reflection.ReflectionEngine.invoke(ReflectionEngine.java:374)
	at py4j.Gateway.invoke(Gateway.java:282)
	at py4j.commands.AbstractCommand.invokeMethod(AbstractCommand.java:132)
	at py4j.commands.CallCommand.execute(CallCommand.java:79)
	at py4j.ClientServerConnection.waitForCommands(ClientServerConnection.java:182)
	at py4j.ClientServerConnection.run(ClientServerConnection.java:106)
	at java.base/java.lang.Thread.run(Thread.java:840)
[2025-11-18T14:46:28.266+0000] {processor.py:842} WARNING - No viable dags retrieved from /opt/airflow/dags/test_push_clickhouse.py
[2025-11-18T14:46:28.284+0000] {processor.py:183} INFO - Processing /opt/airflow/dags/test_push_clickhouse.py took 2.784 seconds
[2025-11-18T14:46:58.879+0000] {processor.py:161} INFO - Started process (PID=2916) to work on /opt/airflow/dags/test_push_clickhouse.py
[2025-11-18T14:46:58.880+0000] {processor.py:830} INFO - Processing file /opt/airflow/dags/test_push_clickhouse.py for tasks to queue
[2025-11-18T14:46:58.881+0000] {logging_mixin.py:188} INFO - [2025-11-18T14:46:58.881+0000] {dagbag.py:545} INFO - Filling up the DagBag from /opt/airflow/dags/test_push_clickhouse.py
[2025-11-18T14:47:01.675+0000] {logging_mixin.py:188} INFO - [2025-11-18T14:47:01.668+0000] {dagbag.py:355} ERROR - Failed to import: /opt/airflow/dags/test_push_clickhouse.py
Traceback (most recent call last):
  File "/home/airflow/.local/lib/python3.12/site-packages/airflow/models/dagbag.py", line 351, in parse
    loader.exec_module(new_module)
  File "<frozen importlib._bootstrap_external>", line 995, in exec_module
  File "<frozen importlib._bootstrap>", line 488, in _call_with_frames_removed
  File "/opt/airflow/dags/test_push_clickhouse.py", line 20, in <module>
    df = spark.read.jdbc(url=url, table="employees", properties=properties)
         ^^^^^^^^^^^^^^^^^^^^^^^^^^^^^^^^^^^^^^^^^^^^^^^^^^^^^^^^^^^^^^^^^^
  File "/home/airflow/.local/lib/python3.12/site-packages/pyspark/sql/readwriter.py", line 927, in jdbc
    return self._df(self._jreader.jdbc(url, table, jprop))
                    ^^^^^^^^^^^^^^^^^^^^^^^^^^^^^^^^^^^^^
  File "/opt/spark/spark-3.4.2-bin-hadoop3/python/lib/py4j-0.10.9.7-src.zip/py4j/java_gateway.py", line 1322, in __call__
    return_value = get_return_value(
                   ^^^^^^^^^^^^^^^^^
  File "/home/airflow/.local/lib/python3.12/site-packages/pyspark/errors/exceptions/captured.py", line 169, in deco
    return f(*a, **kw)
           ^^^^^^^^^^^
  File "/opt/spark/spark-3.4.2-bin-hadoop3/python/lib/py4j-0.10.9.7-src.zip/py4j/protocol.py", line 326, in get_return_value
    raise Py4JJavaError(
py4j.protocol.Py4JJavaError: An error occurred while calling o28.jdbc.
: java.lang.ClassNotFoundException: com.clickhouse.jdbc.ClickHouseDriver
	at java.base/java.net.URLClassLoader.findClass(URLClassLoader.java:445)
	at java.base/java.lang.ClassLoader.loadClass(ClassLoader.java:592)
	at java.base/java.lang.ClassLoader.loadClass(ClassLoader.java:525)
	at org.apache.spark.sql.execution.datasources.jdbc.DriverRegistry$.register(DriverRegistry.scala:46)
	at org.apache.spark.sql.execution.datasources.jdbc.JDBCOptions.$anonfun$driverClass$1(JDBCOptions.scala:103)
	at org.apache.spark.sql.execution.datasources.jdbc.JDBCOptions.$anonfun$driverClass$1$adapted(JDBCOptions.scala:103)
	at scala.Option.foreach(Option.scala:407)
	at org.apache.spark.sql.execution.datasources.jdbc.JDBCOptions.<init>(JDBCOptions.scala:103)
	at org.apache.spark.sql.execution.datasources.jdbc.JDBCOptions.<init>(JDBCOptions.scala:41)
	at org.apache.spark.sql.execution.datasources.jdbc.JdbcRelationProvider.createRelation(JdbcRelationProvider.scala:34)
	at org.apache.spark.sql.execution.datasources.DataSource.resolveRelation(DataSource.scala:346)
	at org.apache.spark.sql.DataFrameReader.loadV1Source(DataFrameReader.scala:229)
	at org.apache.spark.sql.DataFrameReader.$anonfun$load$2(DataFrameReader.scala:211)
	at scala.Option.getOrElse(Option.scala:189)
	at org.apache.spark.sql.DataFrameReader.load(DataFrameReader.scala:211)
	at org.apache.spark.sql.DataFrameReader.load(DataFrameReader.scala:172)
	at org.apache.spark.sql.DataFrameReader.jdbc(DataFrameReader.scala:249)
	at java.base/jdk.internal.reflect.NativeMethodAccessorImpl.invoke0(Native Method)
	at java.base/jdk.internal.reflect.NativeMethodAccessorImpl.invoke(NativeMethodAccessorImpl.java:77)
	at java.base/jdk.internal.reflect.DelegatingMethodAccessorImpl.invoke(DelegatingMethodAccessorImpl.java:43)
	at java.base/java.lang.reflect.Method.invoke(Method.java:569)
	at py4j.reflection.MethodInvoker.invoke(MethodInvoker.java:244)
	at py4j.reflection.ReflectionEngine.invoke(ReflectionEngine.java:374)
	at py4j.Gateway.invoke(Gateway.java:282)
	at py4j.commands.AbstractCommand.invokeMethod(AbstractCommand.java:132)
	at py4j.commands.CallCommand.execute(CallCommand.java:79)
	at py4j.ClientServerConnection.waitForCommands(ClientServerConnection.java:182)
	at py4j.ClientServerConnection.run(ClientServerConnection.java:106)
	at java.base/java.lang.Thread.run(Thread.java:840)
[2025-11-18T14:47:01.676+0000] {processor.py:842} WARNING - No viable dags retrieved from /opt/airflow/dags/test_push_clickhouse.py
[2025-11-18T14:47:01.691+0000] {processor.py:183} INFO - Processing /opt/airflow/dags/test_push_clickhouse.py took 2.816 seconds
[2025-11-18T14:47:09.893+0000] {processor.py:161} INFO - Started process (PID=3074) to work on /opt/airflow/dags/test_push_clickhouse.py
[2025-11-18T14:47:09.894+0000] {processor.py:830} INFO - Processing file /opt/airflow/dags/test_push_clickhouse.py for tasks to queue
[2025-11-18T14:47:09.894+0000] {logging_mixin.py:188} INFO - [2025-11-18T14:47:09.894+0000] {dagbag.py:545} INFO - Filling up the DagBag from /opt/airflow/dags/test_push_clickhouse.py
[2025-11-18T14:47:11.192+0000] {logging_mixin.py:188} INFO - [2025-11-18T14:47:11.190+0000] {dagbag.py:355} ERROR - Failed to import: /opt/airflow/dags/test_push_clickhouse.py
Traceback (most recent call last):
  File "/home/airflow/.local/lib/python3.12/site-packages/airflow/models/dagbag.py", line 351, in parse
    loader.exec_module(new_module)
  File "<frozen importlib._bootstrap_external>", line 995, in exec_module
  File "<frozen importlib._bootstrap>", line 488, in _call_with_frames_removed
  File "/opt/airflow/dags/test_push_clickhouse.py", line 10, in <module>
    .getOrCreate()
     ^^^^^^^^^^^^^
  File "/home/airflow/.local/lib/python3.12/site-packages/pyspark/sql/session.py", line 477, in getOrCreate
    sc = SparkContext.getOrCreate(sparkConf)
         ^^^^^^^^^^^^^^^^^^^^^^^^^^^^^^^^^^^
  File "/home/airflow/.local/lib/python3.12/site-packages/pyspark/context.py", line 512, in getOrCreate
    SparkContext(conf=conf or SparkConf())
  File "/home/airflow/.local/lib/python3.12/site-packages/pyspark/context.py", line 198, in __init__
    SparkContext._ensure_initialized(self, gateway=gateway, conf=conf)
  File "/home/airflow/.local/lib/python3.12/site-packages/pyspark/context.py", line 432, in _ensure_initialized
    SparkContext._gateway = gateway or launch_gateway(conf)
                                       ^^^^^^^^^^^^^^^^^^^^
  File "/home/airflow/.local/lib/python3.12/site-packages/pyspark/java_gateway.py", line 106, in launch_gateway
    raise RuntimeError("Java gateway process exited before sending its port number")
RuntimeError: Java gateway process exited before sending its port number
[2025-11-18T14:47:11.193+0000] {processor.py:842} WARNING - No viable dags retrieved from /opt/airflow/dags/test_push_clickhouse.py
[2025-11-18T14:47:11.208+0000] {processor.py:183} INFO - Processing /opt/airflow/dags/test_push_clickhouse.py took 1.320 seconds
[2025-11-18T14:47:41.601+0000] {processor.py:161} INFO - Started process (PID=3147) to work on /opt/airflow/dags/test_push_clickhouse.py
[2025-11-18T14:47:41.602+0000] {processor.py:830} INFO - Processing file /opt/airflow/dags/test_push_clickhouse.py for tasks to queue
[2025-11-18T14:47:41.603+0000] {logging_mixin.py:188} INFO - [2025-11-18T14:47:41.603+0000] {dagbag.py:545} INFO - Filling up the DagBag from /opt/airflow/dags/test_push_clickhouse.py
[2025-11-18T14:47:42.901+0000] {logging_mixin.py:188} INFO - [2025-11-18T14:47:42.899+0000] {dagbag.py:355} ERROR - Failed to import: /opt/airflow/dags/test_push_clickhouse.py
Traceback (most recent call last):
  File "/home/airflow/.local/lib/python3.12/site-packages/airflow/models/dagbag.py", line 351, in parse
    loader.exec_module(new_module)
  File "<frozen importlib._bootstrap_external>", line 995, in exec_module
  File "<frozen importlib._bootstrap>", line 488, in _call_with_frames_removed
  File "/opt/airflow/dags/test_push_clickhouse.py", line 10, in <module>
    .getOrCreate()
     ^^^^^^^^^^^^^
  File "/home/airflow/.local/lib/python3.12/site-packages/pyspark/sql/session.py", line 477, in getOrCreate
    sc = SparkContext.getOrCreate(sparkConf)
         ^^^^^^^^^^^^^^^^^^^^^^^^^^^^^^^^^^^
  File "/home/airflow/.local/lib/python3.12/site-packages/pyspark/context.py", line 512, in getOrCreate
    SparkContext(conf=conf or SparkConf())
  File "/home/airflow/.local/lib/python3.12/site-packages/pyspark/context.py", line 198, in __init__
    SparkContext._ensure_initialized(self, gateway=gateway, conf=conf)
  File "/home/airflow/.local/lib/python3.12/site-packages/pyspark/context.py", line 432, in _ensure_initialized
    SparkContext._gateway = gateway or launch_gateway(conf)
                                       ^^^^^^^^^^^^^^^^^^^^
  File "/home/airflow/.local/lib/python3.12/site-packages/pyspark/java_gateway.py", line 106, in launch_gateway
    raise RuntimeError("Java gateway process exited before sending its port number")
RuntimeError: Java gateway process exited before sending its port number
[2025-11-18T14:47:42.902+0000] {processor.py:842} WARNING - No viable dags retrieved from /opt/airflow/dags/test_push_clickhouse.py
[2025-11-18T14:47:42.914+0000] {processor.py:183} INFO - Processing /opt/airflow/dags/test_push_clickhouse.py took 1.317 seconds
[2025-11-18T14:48:13.251+0000] {processor.py:161} INFO - Started process (PID=3220) to work on /opt/airflow/dags/test_push_clickhouse.py
[2025-11-18T14:48:13.252+0000] {processor.py:830} INFO - Processing file /opt/airflow/dags/test_push_clickhouse.py for tasks to queue
[2025-11-18T14:48:13.253+0000] {logging_mixin.py:188} INFO - [2025-11-18T14:48:13.253+0000] {dagbag.py:545} INFO - Filling up the DagBag from /opt/airflow/dags/test_push_clickhouse.py
[2025-11-18T14:48:14.649+0000] {logging_mixin.py:188} INFO - [2025-11-18T14:48:14.647+0000] {dagbag.py:355} ERROR - Failed to import: /opt/airflow/dags/test_push_clickhouse.py
Traceback (most recent call last):
  File "/home/airflow/.local/lib/python3.12/site-packages/airflow/models/dagbag.py", line 351, in parse
    loader.exec_module(new_module)
  File "<frozen importlib._bootstrap_external>", line 995, in exec_module
  File "<frozen importlib._bootstrap>", line 488, in _call_with_frames_removed
  File "/opt/airflow/dags/test_push_clickhouse.py", line 10, in <module>
    .getOrCreate()
     ^^^^^^^^^^^^^
  File "/home/airflow/.local/lib/python3.12/site-packages/pyspark/sql/session.py", line 477, in getOrCreate
    sc = SparkContext.getOrCreate(sparkConf)
         ^^^^^^^^^^^^^^^^^^^^^^^^^^^^^^^^^^^
  File "/home/airflow/.local/lib/python3.12/site-packages/pyspark/context.py", line 512, in getOrCreate
    SparkContext(conf=conf or SparkConf())
  File "/home/airflow/.local/lib/python3.12/site-packages/pyspark/context.py", line 198, in __init__
    SparkContext._ensure_initialized(self, gateway=gateway, conf=conf)
  File "/home/airflow/.local/lib/python3.12/site-packages/pyspark/context.py", line 432, in _ensure_initialized
    SparkContext._gateway = gateway or launch_gateway(conf)
                                       ^^^^^^^^^^^^^^^^^^^^
  File "/home/airflow/.local/lib/python3.12/site-packages/pyspark/java_gateway.py", line 106, in launch_gateway
    raise RuntimeError("Java gateway process exited before sending its port number")
RuntimeError: Java gateway process exited before sending its port number
[2025-11-18T14:48:14.650+0000] {processor.py:842} WARNING - No viable dags retrieved from /opt/airflow/dags/test_push_clickhouse.py
[2025-11-18T14:48:14.662+0000] {processor.py:183} INFO - Processing /opt/airflow/dags/test_push_clickhouse.py took 1.415 seconds
[2025-11-18T14:48:37.101+0000] {processor.py:161} INFO - Started process (PID=3291) to work on /opt/airflow/dags/test_push_clickhouse.py
[2025-11-18T14:48:37.101+0000] {processor.py:830} INFO - Processing file /opt/airflow/dags/test_push_clickhouse.py for tasks to queue
[2025-11-18T14:48:37.102+0000] {logging_mixin.py:188} INFO - [2025-11-18T14:48:37.102+0000] {dagbag.py:545} INFO - Filling up the DagBag from /opt/airflow/dags/test_push_clickhouse.py
[2025-11-18T14:48:38.620+0000] {logging_mixin.py:188} INFO - [2025-11-18T14:48:38.618+0000] {dagbag.py:355} ERROR - Failed to import: /opt/airflow/dags/test_push_clickhouse.py
Traceback (most recent call last):
  File "/home/airflow/.local/lib/python3.12/site-packages/airflow/models/dagbag.py", line 351, in parse
    loader.exec_module(new_module)
  File "<frozen importlib._bootstrap_external>", line 995, in exec_module
  File "<frozen importlib._bootstrap>", line 488, in _call_with_frames_removed
  File "/opt/airflow/dags/test_push_clickhouse.py", line 10, in <module>
    .getOrCreate()
     ^^^^^^^^^^^^^
  File "/home/airflow/.local/lib/python3.12/site-packages/pyspark/sql/session.py", line 477, in getOrCreate
    sc = SparkContext.getOrCreate(sparkConf)
         ^^^^^^^^^^^^^^^^^^^^^^^^^^^^^^^^^^^
  File "/home/airflow/.local/lib/python3.12/site-packages/pyspark/context.py", line 512, in getOrCreate
    SparkContext(conf=conf or SparkConf())
  File "/home/airflow/.local/lib/python3.12/site-packages/pyspark/context.py", line 198, in __init__
    SparkContext._ensure_initialized(self, gateway=gateway, conf=conf)
  File "/home/airflow/.local/lib/python3.12/site-packages/pyspark/context.py", line 432, in _ensure_initialized
    SparkContext._gateway = gateway or launch_gateway(conf)
                                       ^^^^^^^^^^^^^^^^^^^^
  File "/home/airflow/.local/lib/python3.12/site-packages/pyspark/java_gateway.py", line 106, in launch_gateway
    raise RuntimeError("Java gateway process exited before sending its port number")
RuntimeError: Java gateway process exited before sending its port number
[2025-11-18T14:48:38.620+0000] {processor.py:842} WARNING - No viable dags retrieved from /opt/airflow/dags/test_push_clickhouse.py
[2025-11-18T14:48:38.634+0000] {processor.py:183} INFO - Processing /opt/airflow/dags/test_push_clickhouse.py took 1.538 seconds
[2025-11-18T14:49:09.070+0000] {processor.py:161} INFO - Started process (PID=3365) to work on /opt/airflow/dags/test_push_clickhouse.py
[2025-11-18T14:49:09.071+0000] {processor.py:830} INFO - Processing file /opt/airflow/dags/test_push_clickhouse.py for tasks to queue
[2025-11-18T14:49:09.072+0000] {logging_mixin.py:188} INFO - [2025-11-18T14:49:09.072+0000] {dagbag.py:545} INFO - Filling up the DagBag from /opt/airflow/dags/test_push_clickhouse.py
[2025-11-18T14:49:10.483+0000] {logging_mixin.py:188} INFO - [2025-11-18T14:49:10.481+0000] {dagbag.py:355} ERROR - Failed to import: /opt/airflow/dags/test_push_clickhouse.py
Traceback (most recent call last):
  File "/home/airflow/.local/lib/python3.12/site-packages/airflow/models/dagbag.py", line 351, in parse
    loader.exec_module(new_module)
  File "<frozen importlib._bootstrap_external>", line 995, in exec_module
  File "<frozen importlib._bootstrap>", line 488, in _call_with_frames_removed
  File "/opt/airflow/dags/test_push_clickhouse.py", line 10, in <module>
    .getOrCreate()
     ^^^^^^^^^^^^^
  File "/home/airflow/.local/lib/python3.12/site-packages/pyspark/sql/session.py", line 477, in getOrCreate
    sc = SparkContext.getOrCreate(sparkConf)
         ^^^^^^^^^^^^^^^^^^^^^^^^^^^^^^^^^^^
  File "/home/airflow/.local/lib/python3.12/site-packages/pyspark/context.py", line 512, in getOrCreate
    SparkContext(conf=conf or SparkConf())
  File "/home/airflow/.local/lib/python3.12/site-packages/pyspark/context.py", line 198, in __init__
    SparkContext._ensure_initialized(self, gateway=gateway, conf=conf)
  File "/home/airflow/.local/lib/python3.12/site-packages/pyspark/context.py", line 432, in _ensure_initialized
    SparkContext._gateway = gateway or launch_gateway(conf)
                                       ^^^^^^^^^^^^^^^^^^^^
  File "/home/airflow/.local/lib/python3.12/site-packages/pyspark/java_gateway.py", line 106, in launch_gateway
    raise RuntimeError("Java gateway process exited before sending its port number")
RuntimeError: Java gateway process exited before sending its port number
[2025-11-18T14:49:10.484+0000] {processor.py:842} WARNING - No viable dags retrieved from /opt/airflow/dags/test_push_clickhouse.py
[2025-11-18T14:49:10.499+0000] {processor.py:183} INFO - Processing /opt/airflow/dags/test_push_clickhouse.py took 1.435 seconds
[2025-11-18T14:49:41.571+0000] {processor.py:161} INFO - Started process (PID=3441) to work on /opt/airflow/dags/test_push_clickhouse.py
[2025-11-18T14:49:41.574+0000] {processor.py:830} INFO - Processing file /opt/airflow/dags/test_push_clickhouse.py for tasks to queue
[2025-11-18T14:49:41.578+0000] {logging_mixin.py:188} INFO - [2025-11-18T14:49:41.578+0000] {dagbag.py:545} INFO - Filling up the DagBag from /opt/airflow/dags/test_push_clickhouse.py
[2025-11-18T14:49:42.992+0000] {logging_mixin.py:188} INFO - [2025-11-18T14:49:42.990+0000] {dagbag.py:355} ERROR - Failed to import: /opt/airflow/dags/test_push_clickhouse.py
Traceback (most recent call last):
  File "/home/airflow/.local/lib/python3.12/site-packages/airflow/models/dagbag.py", line 351, in parse
    loader.exec_module(new_module)
  File "<frozen importlib._bootstrap_external>", line 995, in exec_module
  File "<frozen importlib._bootstrap>", line 488, in _call_with_frames_removed
  File "/opt/airflow/dags/test_push_clickhouse.py", line 10, in <module>
    .getOrCreate()
     ^^^^^^^^^^^^^
  File "/home/airflow/.local/lib/python3.12/site-packages/pyspark/sql/session.py", line 477, in getOrCreate
    sc = SparkContext.getOrCreate(sparkConf)
         ^^^^^^^^^^^^^^^^^^^^^^^^^^^^^^^^^^^
  File "/home/airflow/.local/lib/python3.12/site-packages/pyspark/context.py", line 512, in getOrCreate
    SparkContext(conf=conf or SparkConf())
  File "/home/airflow/.local/lib/python3.12/site-packages/pyspark/context.py", line 198, in __init__
    SparkContext._ensure_initialized(self, gateway=gateway, conf=conf)
  File "/home/airflow/.local/lib/python3.12/site-packages/pyspark/context.py", line 432, in _ensure_initialized
    SparkContext._gateway = gateway or launch_gateway(conf)
                                       ^^^^^^^^^^^^^^^^^^^^
  File "/home/airflow/.local/lib/python3.12/site-packages/pyspark/java_gateway.py", line 106, in launch_gateway
    raise RuntimeError("Java gateway process exited before sending its port number")
RuntimeError: Java gateway process exited before sending its port number
[2025-11-18T14:49:42.993+0000] {processor.py:842} WARNING - No viable dags retrieved from /opt/airflow/dags/test_push_clickhouse.py
[2025-11-18T14:49:43.008+0000] {processor.py:183} INFO - Processing /opt/airflow/dags/test_push_clickhouse.py took 1.444 seconds
[2025-11-18T14:50:04.266+0000] {processor.py:161} INFO - Started process (PID=3509) to work on /opt/airflow/dags/test_push_clickhouse.py
[2025-11-18T14:50:04.267+0000] {processor.py:830} INFO - Processing file /opt/airflow/dags/test_push_clickhouse.py for tasks to queue
[2025-11-18T14:50:04.269+0000] {logging_mixin.py:188} INFO - [2025-11-18T14:50:04.268+0000] {dagbag.py:545} INFO - Filling up the DagBag from /opt/airflow/dags/test_push_clickhouse.py
[2025-11-18T14:50:05.905+0000] {logging_mixin.py:188} INFO - [2025-11-18T14:50:05.903+0000] {dagbag.py:355} ERROR - Failed to import: /opt/airflow/dags/test_push_clickhouse.py
Traceback (most recent call last):
  File "/home/airflow/.local/lib/python3.12/site-packages/airflow/models/dagbag.py", line 351, in parse
    loader.exec_module(new_module)
  File "<frozen importlib._bootstrap_external>", line 995, in exec_module
  File "<frozen importlib._bootstrap>", line 488, in _call_with_frames_removed
  File "/opt/airflow/dags/test_push_clickhouse.py", line 10, in <module>
    .getOrCreate()
     ^^^^^^^^^^^^^
  File "/home/airflow/.local/lib/python3.12/site-packages/pyspark/sql/session.py", line 477, in getOrCreate
    sc = SparkContext.getOrCreate(sparkConf)
         ^^^^^^^^^^^^^^^^^^^^^^^^^^^^^^^^^^^
  File "/home/airflow/.local/lib/python3.12/site-packages/pyspark/context.py", line 512, in getOrCreate
    SparkContext(conf=conf or SparkConf())
  File "/home/airflow/.local/lib/python3.12/site-packages/pyspark/context.py", line 198, in __init__
    SparkContext._ensure_initialized(self, gateway=gateway, conf=conf)
  File "/home/airflow/.local/lib/python3.12/site-packages/pyspark/context.py", line 432, in _ensure_initialized
    SparkContext._gateway = gateway or launch_gateway(conf)
                                       ^^^^^^^^^^^^^^^^^^^^
  File "/home/airflow/.local/lib/python3.12/site-packages/pyspark/java_gateway.py", line 106, in launch_gateway
    raise RuntimeError("Java gateway process exited before sending its port number")
RuntimeError: Java gateway process exited before sending its port number
[2025-11-18T14:50:05.906+0000] {processor.py:842} WARNING - No viable dags retrieved from /opt/airflow/dags/test_push_clickhouse.py
[2025-11-18T14:50:05.920+0000] {processor.py:183} INFO - Processing /opt/airflow/dags/test_push_clickhouse.py took 1.659 seconds
[2025-11-18T14:50:36.506+0000] {processor.py:161} INFO - Started process (PID=3581) to work on /opt/airflow/dags/test_push_clickhouse.py
[2025-11-18T14:50:36.507+0000] {processor.py:830} INFO - Processing file /opt/airflow/dags/test_push_clickhouse.py for tasks to queue
[2025-11-18T14:50:36.508+0000] {logging_mixin.py:188} INFO - [2025-11-18T14:50:36.508+0000] {dagbag.py:545} INFO - Filling up the DagBag from /opt/airflow/dags/test_push_clickhouse.py
[2025-11-18T14:50:37.906+0000] {logging_mixin.py:188} INFO - [2025-11-18T14:50:37.905+0000] {dagbag.py:355} ERROR - Failed to import: /opt/airflow/dags/test_push_clickhouse.py
Traceback (most recent call last):
  File "/home/airflow/.local/lib/python3.12/site-packages/airflow/models/dagbag.py", line 351, in parse
    loader.exec_module(new_module)
  File "<frozen importlib._bootstrap_external>", line 995, in exec_module
  File "<frozen importlib._bootstrap>", line 488, in _call_with_frames_removed
  File "/opt/airflow/dags/test_push_clickhouse.py", line 10, in <module>
    .getOrCreate()
     ^^^^^^^^^^^^^
  File "/home/airflow/.local/lib/python3.12/site-packages/pyspark/sql/session.py", line 477, in getOrCreate
    sc = SparkContext.getOrCreate(sparkConf)
         ^^^^^^^^^^^^^^^^^^^^^^^^^^^^^^^^^^^
  File "/home/airflow/.local/lib/python3.12/site-packages/pyspark/context.py", line 512, in getOrCreate
    SparkContext(conf=conf or SparkConf())
  File "/home/airflow/.local/lib/python3.12/site-packages/pyspark/context.py", line 198, in __init__
    SparkContext._ensure_initialized(self, gateway=gateway, conf=conf)
  File "/home/airflow/.local/lib/python3.12/site-packages/pyspark/context.py", line 432, in _ensure_initialized
    SparkContext._gateway = gateway or launch_gateway(conf)
                                       ^^^^^^^^^^^^^^^^^^^^
  File "/home/airflow/.local/lib/python3.12/site-packages/pyspark/java_gateway.py", line 106, in launch_gateway
    raise RuntimeError("Java gateway process exited before sending its port number")
RuntimeError: Java gateway process exited before sending its port number
[2025-11-18T14:50:37.907+0000] {processor.py:842} WARNING - No viable dags retrieved from /opt/airflow/dags/test_push_clickhouse.py
[2025-11-18T14:50:37.920+0000] {processor.py:183} INFO - Processing /opt/airflow/dags/test_push_clickhouse.py took 1.419 seconds
[2025-11-18T14:51:07.947+0000] {processor.py:161} INFO - Started process (PID=3655) to work on /opt/airflow/dags/test_push_clickhouse.py
[2025-11-18T14:51:07.948+0000] {processor.py:830} INFO - Processing file /opt/airflow/dags/test_push_clickhouse.py for tasks to queue
[2025-11-18T14:51:07.948+0000] {logging_mixin.py:188} INFO - [2025-11-18T14:51:07.948+0000] {dagbag.py:545} INFO - Filling up the DagBag from /opt/airflow/dags/test_push_clickhouse.py
[2025-11-18T14:51:09.252+0000] {logging_mixin.py:188} INFO - [2025-11-18T14:51:09.247+0000] {dagbag.py:355} ERROR - Failed to import: /opt/airflow/dags/test_push_clickhouse.py
Traceback (most recent call last):
  File "/home/airflow/.local/lib/python3.12/site-packages/airflow/models/dagbag.py", line 351, in parse
    loader.exec_module(new_module)
  File "<frozen importlib._bootstrap_external>", line 995, in exec_module
  File "<frozen importlib._bootstrap>", line 488, in _call_with_frames_removed
  File "/opt/airflow/dags/test_push_clickhouse.py", line 10, in <module>
    .getOrCreate()
     ^^^^^^^^^^^^^
  File "/home/airflow/.local/lib/python3.12/site-packages/pyspark/sql/session.py", line 477, in getOrCreate
    sc = SparkContext.getOrCreate(sparkConf)
         ^^^^^^^^^^^^^^^^^^^^^^^^^^^^^^^^^^^
  File "/home/airflow/.local/lib/python3.12/site-packages/pyspark/context.py", line 512, in getOrCreate
    SparkContext(conf=conf or SparkConf())
  File "/home/airflow/.local/lib/python3.12/site-packages/pyspark/context.py", line 198, in __init__
    SparkContext._ensure_initialized(self, gateway=gateway, conf=conf)
  File "/home/airflow/.local/lib/python3.12/site-packages/pyspark/context.py", line 432, in _ensure_initialized
    SparkContext._gateway = gateway or launch_gateway(conf)
                                       ^^^^^^^^^^^^^^^^^^^^
  File "/home/airflow/.local/lib/python3.12/site-packages/pyspark/java_gateway.py", line 106, in launch_gateway
    raise RuntimeError("Java gateway process exited before sending its port number")
RuntimeError: Java gateway process exited before sending its port number
[2025-11-18T14:51:09.253+0000] {processor.py:842} WARNING - No viable dags retrieved from /opt/airflow/dags/test_push_clickhouse.py
[2025-11-18T14:51:09.266+0000] {processor.py:183} INFO - Processing /opt/airflow/dags/test_push_clickhouse.py took 1.323 seconds
[2025-11-18T14:51:39.486+0000] {processor.py:161} INFO - Started process (PID=3729) to work on /opt/airflow/dags/test_push_clickhouse.py
[2025-11-18T14:51:39.487+0000] {processor.py:830} INFO - Processing file /opt/airflow/dags/test_push_clickhouse.py for tasks to queue
[2025-11-18T14:51:39.487+0000] {logging_mixin.py:188} INFO - [2025-11-18T14:51:39.487+0000] {dagbag.py:545} INFO - Filling up the DagBag from /opt/airflow/dags/test_push_clickhouse.py
[2025-11-18T14:51:40.794+0000] {logging_mixin.py:188} INFO - [2025-11-18T14:51:40.792+0000] {dagbag.py:355} ERROR - Failed to import: /opt/airflow/dags/test_push_clickhouse.py
Traceback (most recent call last):
  File "/home/airflow/.local/lib/python3.12/site-packages/airflow/models/dagbag.py", line 351, in parse
    loader.exec_module(new_module)
  File "<frozen importlib._bootstrap_external>", line 995, in exec_module
  File "<frozen importlib._bootstrap>", line 488, in _call_with_frames_removed
  File "/opt/airflow/dags/test_push_clickhouse.py", line 10, in <module>
    .getOrCreate()
     ^^^^^^^^^^^^^
  File "/home/airflow/.local/lib/python3.12/site-packages/pyspark/sql/session.py", line 477, in getOrCreate
    sc = SparkContext.getOrCreate(sparkConf)
         ^^^^^^^^^^^^^^^^^^^^^^^^^^^^^^^^^^^
  File "/home/airflow/.local/lib/python3.12/site-packages/pyspark/context.py", line 512, in getOrCreate
    SparkContext(conf=conf or SparkConf())
  File "/home/airflow/.local/lib/python3.12/site-packages/pyspark/context.py", line 198, in __init__
    SparkContext._ensure_initialized(self, gateway=gateway, conf=conf)
  File "/home/airflow/.local/lib/python3.12/site-packages/pyspark/context.py", line 432, in _ensure_initialized
    SparkContext._gateway = gateway or launch_gateway(conf)
                                       ^^^^^^^^^^^^^^^^^^^^
  File "/home/airflow/.local/lib/python3.12/site-packages/pyspark/java_gateway.py", line 106, in launch_gateway
    raise RuntimeError("Java gateway process exited before sending its port number")
RuntimeError: Java gateway process exited before sending its port number
[2025-11-18T14:51:40.795+0000] {processor.py:842} WARNING - No viable dags retrieved from /opt/airflow/dags/test_push_clickhouse.py
[2025-11-18T14:51:40.807+0000] {processor.py:183} INFO - Processing /opt/airflow/dags/test_push_clickhouse.py took 1.326 seconds
[2025-11-18T14:52:11.028+0000] {processor.py:161} INFO - Started process (PID=3802) to work on /opt/airflow/dags/test_push_clickhouse.py
[2025-11-18T14:52:11.029+0000] {processor.py:830} INFO - Processing file /opt/airflow/dags/test_push_clickhouse.py for tasks to queue
[2025-11-18T14:52:11.030+0000] {logging_mixin.py:188} INFO - [2025-11-18T14:52:11.030+0000] {dagbag.py:545} INFO - Filling up the DagBag from /opt/airflow/dags/test_push_clickhouse.py
[2025-11-18T14:52:12.441+0000] {logging_mixin.py:188} INFO - [2025-11-18T14:52:12.439+0000] {dagbag.py:355} ERROR - Failed to import: /opt/airflow/dags/test_push_clickhouse.py
Traceback (most recent call last):
  File "/home/airflow/.local/lib/python3.12/site-packages/airflow/models/dagbag.py", line 351, in parse
    loader.exec_module(new_module)
  File "<frozen importlib._bootstrap_external>", line 995, in exec_module
  File "<frozen importlib._bootstrap>", line 488, in _call_with_frames_removed
  File "/opt/airflow/dags/test_push_clickhouse.py", line 10, in <module>
    .getOrCreate()
     ^^^^^^^^^^^^^
  File "/home/airflow/.local/lib/python3.12/site-packages/pyspark/sql/session.py", line 477, in getOrCreate
    sc = SparkContext.getOrCreate(sparkConf)
         ^^^^^^^^^^^^^^^^^^^^^^^^^^^^^^^^^^^
  File "/home/airflow/.local/lib/python3.12/site-packages/pyspark/context.py", line 512, in getOrCreate
    SparkContext(conf=conf or SparkConf())
  File "/home/airflow/.local/lib/python3.12/site-packages/pyspark/context.py", line 198, in __init__
    SparkContext._ensure_initialized(self, gateway=gateway, conf=conf)
  File "/home/airflow/.local/lib/python3.12/site-packages/pyspark/context.py", line 432, in _ensure_initialized
    SparkContext._gateway = gateway or launch_gateway(conf)
                                       ^^^^^^^^^^^^^^^^^^^^
  File "/home/airflow/.local/lib/python3.12/site-packages/pyspark/java_gateway.py", line 106, in launch_gateway
    raise RuntimeError("Java gateway process exited before sending its port number")
RuntimeError: Java gateway process exited before sending its port number
[2025-11-18T14:52:12.442+0000] {processor.py:842} WARNING - No viable dags retrieved from /opt/airflow/dags/test_push_clickhouse.py
[2025-11-18T14:52:12.455+0000] {processor.py:183} INFO - Processing /opt/airflow/dags/test_push_clickhouse.py took 1.431 seconds
[2025-11-18T14:52:43.194+0000] {processor.py:161} INFO - Started process (PID=3876) to work on /opt/airflow/dags/test_push_clickhouse.py
[2025-11-18T14:52:43.195+0000] {processor.py:830} INFO - Processing file /opt/airflow/dags/test_push_clickhouse.py for tasks to queue
[2025-11-18T14:52:43.196+0000] {logging_mixin.py:188} INFO - [2025-11-18T14:52:43.195+0000] {dagbag.py:545} INFO - Filling up the DagBag from /opt/airflow/dags/test_push_clickhouse.py
[2025-11-18T14:52:44.597+0000] {logging_mixin.py:188} INFO - [2025-11-18T14:52:44.595+0000] {dagbag.py:355} ERROR - Failed to import: /opt/airflow/dags/test_push_clickhouse.py
Traceback (most recent call last):
  File "/home/airflow/.local/lib/python3.12/site-packages/airflow/models/dagbag.py", line 351, in parse
    loader.exec_module(new_module)
  File "<frozen importlib._bootstrap_external>", line 995, in exec_module
  File "<frozen importlib._bootstrap>", line 488, in _call_with_frames_removed
  File "/opt/airflow/dags/test_push_clickhouse.py", line 10, in <module>
    .getOrCreate()
     ^^^^^^^^^^^^^
  File "/home/airflow/.local/lib/python3.12/site-packages/pyspark/sql/session.py", line 477, in getOrCreate
    sc = SparkContext.getOrCreate(sparkConf)
         ^^^^^^^^^^^^^^^^^^^^^^^^^^^^^^^^^^^
  File "/home/airflow/.local/lib/python3.12/site-packages/pyspark/context.py", line 512, in getOrCreate
    SparkContext(conf=conf or SparkConf())
  File "/home/airflow/.local/lib/python3.12/site-packages/pyspark/context.py", line 198, in __init__
    SparkContext._ensure_initialized(self, gateway=gateway, conf=conf)
  File "/home/airflow/.local/lib/python3.12/site-packages/pyspark/context.py", line 432, in _ensure_initialized
    SparkContext._gateway = gateway or launch_gateway(conf)
                                       ^^^^^^^^^^^^^^^^^^^^
  File "/home/airflow/.local/lib/python3.12/site-packages/pyspark/java_gateway.py", line 106, in launch_gateway
    raise RuntimeError("Java gateway process exited before sending its port number")
RuntimeError: Java gateway process exited before sending its port number
[2025-11-18T14:52:44.598+0000] {processor.py:842} WARNING - No viable dags retrieved from /opt/airflow/dags/test_push_clickhouse.py
[2025-11-18T14:52:44.617+0000] {processor.py:183} INFO - Processing /opt/airflow/dags/test_push_clickhouse.py took 1.429 seconds
[2025-11-18T14:53:14.917+0000] {processor.py:161} INFO - Started process (PID=3950) to work on /opt/airflow/dags/test_push_clickhouse.py
[2025-11-18T14:53:14.918+0000] {processor.py:830} INFO - Processing file /opt/airflow/dags/test_push_clickhouse.py for tasks to queue
[2025-11-18T14:53:14.918+0000] {logging_mixin.py:188} INFO - [2025-11-18T14:53:14.918+0000] {dagbag.py:545} INFO - Filling up the DagBag from /opt/airflow/dags/test_push_clickhouse.py
[2025-11-18T14:53:16.215+0000] {logging_mixin.py:188} INFO - [2025-11-18T14:53:16.214+0000] {dagbag.py:355} ERROR - Failed to import: /opt/airflow/dags/test_push_clickhouse.py
Traceback (most recent call last):
  File "/home/airflow/.local/lib/python3.12/site-packages/airflow/models/dagbag.py", line 351, in parse
    loader.exec_module(new_module)
  File "<frozen importlib._bootstrap_external>", line 995, in exec_module
  File "<frozen importlib._bootstrap>", line 488, in _call_with_frames_removed
  File "/opt/airflow/dags/test_push_clickhouse.py", line 10, in <module>
    .getOrCreate()
     ^^^^^^^^^^^^^
  File "/home/airflow/.local/lib/python3.12/site-packages/pyspark/sql/session.py", line 477, in getOrCreate
    sc = SparkContext.getOrCreate(sparkConf)
         ^^^^^^^^^^^^^^^^^^^^^^^^^^^^^^^^^^^
  File "/home/airflow/.local/lib/python3.12/site-packages/pyspark/context.py", line 512, in getOrCreate
    SparkContext(conf=conf or SparkConf())
  File "/home/airflow/.local/lib/python3.12/site-packages/pyspark/context.py", line 198, in __init__
    SparkContext._ensure_initialized(self, gateway=gateway, conf=conf)
  File "/home/airflow/.local/lib/python3.12/site-packages/pyspark/context.py", line 432, in _ensure_initialized
    SparkContext._gateway = gateway or launch_gateway(conf)
                                       ^^^^^^^^^^^^^^^^^^^^
  File "/home/airflow/.local/lib/python3.12/site-packages/pyspark/java_gateway.py", line 106, in launch_gateway
    raise RuntimeError("Java gateway process exited before sending its port number")
RuntimeError: Java gateway process exited before sending its port number
[2025-11-18T14:53:16.216+0000] {processor.py:842} WARNING - No viable dags retrieved from /opt/airflow/dags/test_push_clickhouse.py
[2025-11-18T14:53:16.230+0000] {processor.py:183} INFO - Processing /opt/airflow/dags/test_push_clickhouse.py took 1.317 seconds
[2025-11-18T14:53:46.687+0000] {processor.py:161} INFO - Started process (PID=4024) to work on /opt/airflow/dags/test_push_clickhouse.py
[2025-11-18T14:53:46.688+0000] {processor.py:830} INFO - Processing file /opt/airflow/dags/test_push_clickhouse.py for tasks to queue
[2025-11-18T14:53:46.688+0000] {logging_mixin.py:188} INFO - [2025-11-18T14:53:46.688+0000] {dagbag.py:545} INFO - Filling up the DagBag from /opt/airflow/dags/test_push_clickhouse.py
[2025-11-18T14:53:47.981+0000] {logging_mixin.py:188} INFO - [2025-11-18T14:53:47.978+0000] {dagbag.py:355} ERROR - Failed to import: /opt/airflow/dags/test_push_clickhouse.py
Traceback (most recent call last):
  File "/home/airflow/.local/lib/python3.12/site-packages/airflow/models/dagbag.py", line 351, in parse
    loader.exec_module(new_module)
  File "<frozen importlib._bootstrap_external>", line 995, in exec_module
  File "<frozen importlib._bootstrap>", line 488, in _call_with_frames_removed
  File "/opt/airflow/dags/test_push_clickhouse.py", line 10, in <module>
    .getOrCreate()
     ^^^^^^^^^^^^^
  File "/home/airflow/.local/lib/python3.12/site-packages/pyspark/sql/session.py", line 477, in getOrCreate
    sc = SparkContext.getOrCreate(sparkConf)
         ^^^^^^^^^^^^^^^^^^^^^^^^^^^^^^^^^^^
  File "/home/airflow/.local/lib/python3.12/site-packages/pyspark/context.py", line 512, in getOrCreate
    SparkContext(conf=conf or SparkConf())
  File "/home/airflow/.local/lib/python3.12/site-packages/pyspark/context.py", line 198, in __init__
    SparkContext._ensure_initialized(self, gateway=gateway, conf=conf)
  File "/home/airflow/.local/lib/python3.12/site-packages/pyspark/context.py", line 432, in _ensure_initialized
    SparkContext._gateway = gateway or launch_gateway(conf)
                                       ^^^^^^^^^^^^^^^^^^^^
  File "/home/airflow/.local/lib/python3.12/site-packages/pyspark/java_gateway.py", line 106, in launch_gateway
    raise RuntimeError("Java gateway process exited before sending its port number")
RuntimeError: Java gateway process exited before sending its port number
[2025-11-18T14:53:47.983+0000] {processor.py:842} WARNING - No viable dags retrieved from /opt/airflow/dags/test_push_clickhouse.py
[2025-11-18T14:53:47.995+0000] {processor.py:183} INFO - Processing /opt/airflow/dags/test_push_clickhouse.py took 1.312 seconds
[2025-11-18T14:54:18.522+0000] {processor.py:161} INFO - Started process (PID=4097) to work on /opt/airflow/dags/test_push_clickhouse.py
[2025-11-18T14:54:18.522+0000] {processor.py:830} INFO - Processing file /opt/airflow/dags/test_push_clickhouse.py for tasks to queue
[2025-11-18T14:54:18.523+0000] {logging_mixin.py:188} INFO - [2025-11-18T14:54:18.523+0000] {dagbag.py:545} INFO - Filling up the DagBag from /opt/airflow/dags/test_push_clickhouse.py
[2025-11-18T14:54:19.829+0000] {logging_mixin.py:188} INFO - [2025-11-18T14:54:19.828+0000] {dagbag.py:355} ERROR - Failed to import: /opt/airflow/dags/test_push_clickhouse.py
Traceback (most recent call last):
  File "/home/airflow/.local/lib/python3.12/site-packages/airflow/models/dagbag.py", line 351, in parse
    loader.exec_module(new_module)
  File "<frozen importlib._bootstrap_external>", line 995, in exec_module
  File "<frozen importlib._bootstrap>", line 488, in _call_with_frames_removed
  File "/opt/airflow/dags/test_push_clickhouse.py", line 10, in <module>
    .getOrCreate()
     ^^^^^^^^^^^^^
  File "/home/airflow/.local/lib/python3.12/site-packages/pyspark/sql/session.py", line 477, in getOrCreate
    sc = SparkContext.getOrCreate(sparkConf)
         ^^^^^^^^^^^^^^^^^^^^^^^^^^^^^^^^^^^
  File "/home/airflow/.local/lib/python3.12/site-packages/pyspark/context.py", line 512, in getOrCreate
    SparkContext(conf=conf or SparkConf())
  File "/home/airflow/.local/lib/python3.12/site-packages/pyspark/context.py", line 198, in __init__
    SparkContext._ensure_initialized(self, gateway=gateway, conf=conf)
  File "/home/airflow/.local/lib/python3.12/site-packages/pyspark/context.py", line 432, in _ensure_initialized
    SparkContext._gateway = gateway or launch_gateway(conf)
                                       ^^^^^^^^^^^^^^^^^^^^
  File "/home/airflow/.local/lib/python3.12/site-packages/pyspark/java_gateway.py", line 106, in launch_gateway
    raise RuntimeError("Java gateway process exited before sending its port number")
RuntimeError: Java gateway process exited before sending its port number
[2025-11-18T14:54:19.830+0000] {processor.py:842} WARNING - No viable dags retrieved from /opt/airflow/dags/test_push_clickhouse.py
[2025-11-18T14:54:19.844+0000] {processor.py:183} INFO - Processing /opt/airflow/dags/test_push_clickhouse.py took 1.327 seconds
[2025-11-18T14:54:50.315+0000] {processor.py:161} INFO - Started process (PID=4170) to work on /opt/airflow/dags/test_push_clickhouse.py
[2025-11-18T14:54:50.316+0000] {processor.py:830} INFO - Processing file /opt/airflow/dags/test_push_clickhouse.py for tasks to queue
[2025-11-18T14:54:50.317+0000] {logging_mixin.py:188} INFO - [2025-11-18T14:54:50.317+0000] {dagbag.py:545} INFO - Filling up the DagBag from /opt/airflow/dags/test_push_clickhouse.py
[2025-11-18T14:54:51.715+0000] {logging_mixin.py:188} INFO - [2025-11-18T14:54:51.710+0000] {dagbag.py:355} ERROR - Failed to import: /opt/airflow/dags/test_push_clickhouse.py
Traceback (most recent call last):
  File "/home/airflow/.local/lib/python3.12/site-packages/airflow/models/dagbag.py", line 351, in parse
    loader.exec_module(new_module)
  File "<frozen importlib._bootstrap_external>", line 995, in exec_module
  File "<frozen importlib._bootstrap>", line 488, in _call_with_frames_removed
  File "/opt/airflow/dags/test_push_clickhouse.py", line 10, in <module>
    .getOrCreate()
     ^^^^^^^^^^^^^
  File "/home/airflow/.local/lib/python3.12/site-packages/pyspark/sql/session.py", line 477, in getOrCreate
    sc = SparkContext.getOrCreate(sparkConf)
         ^^^^^^^^^^^^^^^^^^^^^^^^^^^^^^^^^^^
  File "/home/airflow/.local/lib/python3.12/site-packages/pyspark/context.py", line 512, in getOrCreate
    SparkContext(conf=conf or SparkConf())
  File "/home/airflow/.local/lib/python3.12/site-packages/pyspark/context.py", line 198, in __init__
    SparkContext._ensure_initialized(self, gateway=gateway, conf=conf)
  File "/home/airflow/.local/lib/python3.12/site-packages/pyspark/context.py", line 432, in _ensure_initialized
    SparkContext._gateway = gateway or launch_gateway(conf)
                                       ^^^^^^^^^^^^^^^^^^^^
  File "/home/airflow/.local/lib/python3.12/site-packages/pyspark/java_gateway.py", line 106, in launch_gateway
    raise RuntimeError("Java gateway process exited before sending its port number")
RuntimeError: Java gateway process exited before sending its port number
[2025-11-18T14:54:51.717+0000] {processor.py:842} WARNING - No viable dags retrieved from /opt/airflow/dags/test_push_clickhouse.py
[2025-11-18T14:54:51.731+0000] {processor.py:183} INFO - Processing /opt/airflow/dags/test_push_clickhouse.py took 1.420 seconds
[2025-11-18T14:55:22.594+0000] {processor.py:161} INFO - Started process (PID=4243) to work on /opt/airflow/dags/test_push_clickhouse.py
[2025-11-18T14:55:22.595+0000] {processor.py:830} INFO - Processing file /opt/airflow/dags/test_push_clickhouse.py for tasks to queue
[2025-11-18T14:55:22.597+0000] {logging_mixin.py:188} INFO - [2025-11-18T14:55:22.596+0000] {dagbag.py:545} INFO - Filling up the DagBag from /opt/airflow/dags/test_push_clickhouse.py
[2025-11-18T14:55:24.054+0000] {logging_mixin.py:188} INFO - [2025-11-18T14:55:24.051+0000] {dagbag.py:355} ERROR - Failed to import: /opt/airflow/dags/test_push_clickhouse.py
Traceback (most recent call last):
  File "/home/airflow/.local/lib/python3.12/site-packages/airflow/models/dagbag.py", line 351, in parse
    loader.exec_module(new_module)
  File "<frozen importlib._bootstrap_external>", line 995, in exec_module
  File "<frozen importlib._bootstrap>", line 488, in _call_with_frames_removed
  File "/opt/airflow/dags/test_push_clickhouse.py", line 10, in <module>
    .getOrCreate()
     ^^^^^^^^^^^^^
  File "/home/airflow/.local/lib/python3.12/site-packages/pyspark/sql/session.py", line 477, in getOrCreate
    sc = SparkContext.getOrCreate(sparkConf)
         ^^^^^^^^^^^^^^^^^^^^^^^^^^^^^^^^^^^
  File "/home/airflow/.local/lib/python3.12/site-packages/pyspark/context.py", line 512, in getOrCreate
    SparkContext(conf=conf or SparkConf())
  File "/home/airflow/.local/lib/python3.12/site-packages/pyspark/context.py", line 198, in __init__
    SparkContext._ensure_initialized(self, gateway=gateway, conf=conf)
  File "/home/airflow/.local/lib/python3.12/site-packages/pyspark/context.py", line 432, in _ensure_initialized
    SparkContext._gateway = gateway or launch_gateway(conf)
                                       ^^^^^^^^^^^^^^^^^^^^
  File "/home/airflow/.local/lib/python3.12/site-packages/pyspark/java_gateway.py", line 106, in launch_gateway
    raise RuntimeError("Java gateway process exited before sending its port number")
RuntimeError: Java gateway process exited before sending its port number
[2025-11-18T14:55:24.055+0000] {processor.py:842} WARNING - No viable dags retrieved from /opt/airflow/dags/test_push_clickhouse.py
[2025-11-18T14:55:24.071+0000] {processor.py:183} INFO - Processing /opt/airflow/dags/test_push_clickhouse.py took 1.486 seconds
[2025-11-18T14:55:54.102+0000] {processor.py:161} INFO - Started process (PID=4315) to work on /opt/airflow/dags/test_push_clickhouse.py
[2025-11-18T14:55:54.103+0000] {processor.py:830} INFO - Processing file /opt/airflow/dags/test_push_clickhouse.py for tasks to queue
[2025-11-18T14:55:54.103+0000] {logging_mixin.py:188} INFO - [2025-11-18T14:55:54.103+0000] {dagbag.py:545} INFO - Filling up the DagBag from /opt/airflow/dags/test_push_clickhouse.py
[2025-11-18T14:55:55.498+0000] {logging_mixin.py:188} INFO - [2025-11-18T14:55:55.496+0000] {dagbag.py:355} ERROR - Failed to import: /opt/airflow/dags/test_push_clickhouse.py
Traceback (most recent call last):
  File "/home/airflow/.local/lib/python3.12/site-packages/airflow/models/dagbag.py", line 351, in parse
    loader.exec_module(new_module)
  File "<frozen importlib._bootstrap_external>", line 995, in exec_module
  File "<frozen importlib._bootstrap>", line 488, in _call_with_frames_removed
  File "/opt/airflow/dags/test_push_clickhouse.py", line 10, in <module>
    .getOrCreate()
     ^^^^^^^^^^^^^
  File "/home/airflow/.local/lib/python3.12/site-packages/pyspark/sql/session.py", line 477, in getOrCreate
    sc = SparkContext.getOrCreate(sparkConf)
         ^^^^^^^^^^^^^^^^^^^^^^^^^^^^^^^^^^^
  File "/home/airflow/.local/lib/python3.12/site-packages/pyspark/context.py", line 512, in getOrCreate
    SparkContext(conf=conf or SparkConf())
  File "/home/airflow/.local/lib/python3.12/site-packages/pyspark/context.py", line 198, in __init__
    SparkContext._ensure_initialized(self, gateway=gateway, conf=conf)
  File "/home/airflow/.local/lib/python3.12/site-packages/pyspark/context.py", line 432, in _ensure_initialized
    SparkContext._gateway = gateway or launch_gateway(conf)
                                       ^^^^^^^^^^^^^^^^^^^^
  File "/home/airflow/.local/lib/python3.12/site-packages/pyspark/java_gateway.py", line 106, in launch_gateway
    raise RuntimeError("Java gateway process exited before sending its port number")
RuntimeError: Java gateway process exited before sending its port number
[2025-11-18T14:55:55.500+0000] {processor.py:842} WARNING - No viable dags retrieved from /opt/airflow/dags/test_push_clickhouse.py
[2025-11-18T14:55:55.514+0000] {processor.py:183} INFO - Processing /opt/airflow/dags/test_push_clickhouse.py took 1.417 seconds
[2025-11-18T14:56:25.718+0000] {processor.py:161} INFO - Started process (PID=4388) to work on /opt/airflow/dags/test_push_clickhouse.py
[2025-11-18T14:56:25.718+0000] {processor.py:830} INFO - Processing file /opt/airflow/dags/test_push_clickhouse.py for tasks to queue
[2025-11-18T14:56:25.719+0000] {logging_mixin.py:188} INFO - [2025-11-18T14:56:25.719+0000] {dagbag.py:545} INFO - Filling up the DagBag from /opt/airflow/dags/test_push_clickhouse.py
[2025-11-18T14:56:27.120+0000] {logging_mixin.py:188} INFO - [2025-11-18T14:56:27.118+0000] {dagbag.py:355} ERROR - Failed to import: /opt/airflow/dags/test_push_clickhouse.py
Traceback (most recent call last):
  File "/home/airflow/.local/lib/python3.12/site-packages/airflow/models/dagbag.py", line 351, in parse
    loader.exec_module(new_module)
  File "<frozen importlib._bootstrap_external>", line 995, in exec_module
  File "<frozen importlib._bootstrap>", line 488, in _call_with_frames_removed
  File "/opt/airflow/dags/test_push_clickhouse.py", line 10, in <module>
    .getOrCreate()
     ^^^^^^^^^^^^^
  File "/home/airflow/.local/lib/python3.12/site-packages/pyspark/sql/session.py", line 477, in getOrCreate
    sc = SparkContext.getOrCreate(sparkConf)
         ^^^^^^^^^^^^^^^^^^^^^^^^^^^^^^^^^^^
  File "/home/airflow/.local/lib/python3.12/site-packages/pyspark/context.py", line 512, in getOrCreate
    SparkContext(conf=conf or SparkConf())
  File "/home/airflow/.local/lib/python3.12/site-packages/pyspark/context.py", line 198, in __init__
    SparkContext._ensure_initialized(self, gateway=gateway, conf=conf)
  File "/home/airflow/.local/lib/python3.12/site-packages/pyspark/context.py", line 432, in _ensure_initialized
    SparkContext._gateway = gateway or launch_gateway(conf)
                                       ^^^^^^^^^^^^^^^^^^^^
  File "/home/airflow/.local/lib/python3.12/site-packages/pyspark/java_gateway.py", line 106, in launch_gateway
    raise RuntimeError("Java gateway process exited before sending its port number")
RuntimeError: Java gateway process exited before sending its port number
[2025-11-18T14:56:27.121+0000] {processor.py:842} WARNING - No viable dags retrieved from /opt/airflow/dags/test_push_clickhouse.py
[2025-11-18T14:56:27.135+0000] {processor.py:183} INFO - Processing /opt/airflow/dags/test_push_clickhouse.py took 1.421 seconds
[2025-11-18T14:56:57.224+0000] {processor.py:161} INFO - Started process (PID=4467) to work on /opt/airflow/dags/test_push_clickhouse.py
[2025-11-18T14:56:57.225+0000] {processor.py:830} INFO - Processing file /opt/airflow/dags/test_push_clickhouse.py for tasks to queue
[2025-11-18T14:56:57.226+0000] {logging_mixin.py:188} INFO - [2025-11-18T14:56:57.226+0000] {dagbag.py:545} INFO - Filling up the DagBag from /opt/airflow/dags/test_push_clickhouse.py
[2025-11-18T14:56:58.633+0000] {logging_mixin.py:188} INFO - [2025-11-18T14:56:58.627+0000] {dagbag.py:355} ERROR - Failed to import: /opt/airflow/dags/test_push_clickhouse.py
Traceback (most recent call last):
  File "/home/airflow/.local/lib/python3.12/site-packages/airflow/models/dagbag.py", line 351, in parse
    loader.exec_module(new_module)
  File "<frozen importlib._bootstrap_external>", line 995, in exec_module
  File "<frozen importlib._bootstrap>", line 488, in _call_with_frames_removed
  File "/opt/airflow/dags/test_push_clickhouse.py", line 10, in <module>
    .getOrCreate()
     ^^^^^^^^^^^^^
  File "/home/airflow/.local/lib/python3.12/site-packages/pyspark/sql/session.py", line 477, in getOrCreate
    sc = SparkContext.getOrCreate(sparkConf)
         ^^^^^^^^^^^^^^^^^^^^^^^^^^^^^^^^^^^
  File "/home/airflow/.local/lib/python3.12/site-packages/pyspark/context.py", line 512, in getOrCreate
    SparkContext(conf=conf or SparkConf())
  File "/home/airflow/.local/lib/python3.12/site-packages/pyspark/context.py", line 198, in __init__
    SparkContext._ensure_initialized(self, gateway=gateway, conf=conf)
  File "/home/airflow/.local/lib/python3.12/site-packages/pyspark/context.py", line 432, in _ensure_initialized
    SparkContext._gateway = gateway or launch_gateway(conf)
                                       ^^^^^^^^^^^^^^^^^^^^
  File "/home/airflow/.local/lib/python3.12/site-packages/pyspark/java_gateway.py", line 106, in launch_gateway
    raise RuntimeError("Java gateway process exited before sending its port number")
RuntimeError: Java gateway process exited before sending its port number
[2025-11-18T14:56:58.635+0000] {processor.py:842} WARNING - No viable dags retrieved from /opt/airflow/dags/test_push_clickhouse.py
[2025-11-18T14:56:58.650+0000] {processor.py:183} INFO - Processing /opt/airflow/dags/test_push_clickhouse.py took 1.433 seconds
[2025-11-18T14:57:28.793+0000] {processor.py:161} INFO - Started process (PID=4540) to work on /opt/airflow/dags/test_push_clickhouse.py
[2025-11-18T14:57:28.793+0000] {processor.py:830} INFO - Processing file /opt/airflow/dags/test_push_clickhouse.py for tasks to queue
[2025-11-18T14:57:28.794+0000] {logging_mixin.py:188} INFO - [2025-11-18T14:57:28.794+0000] {dagbag.py:545} INFO - Filling up the DagBag from /opt/airflow/dags/test_push_clickhouse.py
[2025-11-18T14:57:30.089+0000] {logging_mixin.py:188} INFO - [2025-11-18T14:57:30.086+0000] {dagbag.py:355} ERROR - Failed to import: /opt/airflow/dags/test_push_clickhouse.py
Traceback (most recent call last):
  File "/home/airflow/.local/lib/python3.12/site-packages/airflow/models/dagbag.py", line 351, in parse
    loader.exec_module(new_module)
  File "<frozen importlib._bootstrap_external>", line 995, in exec_module
  File "<frozen importlib._bootstrap>", line 488, in _call_with_frames_removed
  File "/opt/airflow/dags/test_push_clickhouse.py", line 10, in <module>
    .getOrCreate()
     ^^^^^^^^^^^^^
  File "/home/airflow/.local/lib/python3.12/site-packages/pyspark/sql/session.py", line 477, in getOrCreate
    sc = SparkContext.getOrCreate(sparkConf)
         ^^^^^^^^^^^^^^^^^^^^^^^^^^^^^^^^^^^
  File "/home/airflow/.local/lib/python3.12/site-packages/pyspark/context.py", line 512, in getOrCreate
    SparkContext(conf=conf or SparkConf())
  File "/home/airflow/.local/lib/python3.12/site-packages/pyspark/context.py", line 198, in __init__
    SparkContext._ensure_initialized(self, gateway=gateway, conf=conf)
  File "/home/airflow/.local/lib/python3.12/site-packages/pyspark/context.py", line 432, in _ensure_initialized
    SparkContext._gateway = gateway or launch_gateway(conf)
                                       ^^^^^^^^^^^^^^^^^^^^
  File "/home/airflow/.local/lib/python3.12/site-packages/pyspark/java_gateway.py", line 106, in launch_gateway
    raise RuntimeError("Java gateway process exited before sending its port number")
RuntimeError: Java gateway process exited before sending its port number
[2025-11-18T14:57:30.090+0000] {processor.py:842} WARNING - No viable dags retrieved from /opt/airflow/dags/test_push_clickhouse.py
[2025-11-18T14:57:30.103+0000] {processor.py:183} INFO - Processing /opt/airflow/dags/test_push_clickhouse.py took 1.315 seconds
[2025-11-18T14:58:00.304+0000] {processor.py:161} INFO - Started process (PID=4613) to work on /opt/airflow/dags/test_push_clickhouse.py
[2025-11-18T14:58:00.305+0000] {processor.py:830} INFO - Processing file /opt/airflow/dags/test_push_clickhouse.py for tasks to queue
[2025-11-18T14:58:00.305+0000] {logging_mixin.py:188} INFO - [2025-11-18T14:58:00.305+0000] {dagbag.py:545} INFO - Filling up the DagBag from /opt/airflow/dags/test_push_clickhouse.py
[2025-11-18T14:58:01.601+0000] {logging_mixin.py:188} INFO - [2025-11-18T14:58:01.598+0000] {dagbag.py:355} ERROR - Failed to import: /opt/airflow/dags/test_push_clickhouse.py
Traceback (most recent call last):
  File "/home/airflow/.local/lib/python3.12/site-packages/airflow/models/dagbag.py", line 351, in parse
    loader.exec_module(new_module)
  File "<frozen importlib._bootstrap_external>", line 995, in exec_module
  File "<frozen importlib._bootstrap>", line 488, in _call_with_frames_removed
  File "/opt/airflow/dags/test_push_clickhouse.py", line 10, in <module>
    .getOrCreate()
     ^^^^^^^^^^^^^
  File "/home/airflow/.local/lib/python3.12/site-packages/pyspark/sql/session.py", line 477, in getOrCreate
    sc = SparkContext.getOrCreate(sparkConf)
         ^^^^^^^^^^^^^^^^^^^^^^^^^^^^^^^^^^^
  File "/home/airflow/.local/lib/python3.12/site-packages/pyspark/context.py", line 512, in getOrCreate
    SparkContext(conf=conf or SparkConf())
  File "/home/airflow/.local/lib/python3.12/site-packages/pyspark/context.py", line 198, in __init__
    SparkContext._ensure_initialized(self, gateway=gateway, conf=conf)
  File "/home/airflow/.local/lib/python3.12/site-packages/pyspark/context.py", line 432, in _ensure_initialized
    SparkContext._gateway = gateway or launch_gateway(conf)
                                       ^^^^^^^^^^^^^^^^^^^^
  File "/home/airflow/.local/lib/python3.12/site-packages/pyspark/java_gateway.py", line 106, in launch_gateway
    raise RuntimeError("Java gateway process exited before sending its port number")
RuntimeError: Java gateway process exited before sending its port number
[2025-11-18T14:58:01.602+0000] {processor.py:842} WARNING - No viable dags retrieved from /opt/airflow/dags/test_push_clickhouse.py
[2025-11-18T14:58:01.614+0000] {processor.py:183} INFO - Processing /opt/airflow/dags/test_push_clickhouse.py took 1.314 seconds
[2025-11-18T14:58:31.973+0000] {processor.py:161} INFO - Started process (PID=4686) to work on /opt/airflow/dags/test_push_clickhouse.py
[2025-11-18T14:58:31.974+0000] {processor.py:830} INFO - Processing file /opt/airflow/dags/test_push_clickhouse.py for tasks to queue
[2025-11-18T14:58:31.975+0000] {logging_mixin.py:188} INFO - [2025-11-18T14:58:31.975+0000] {dagbag.py:545} INFO - Filling up the DagBag from /opt/airflow/dags/test_push_clickhouse.py
[2025-11-18T14:58:33.387+0000] {logging_mixin.py:188} INFO - [2025-11-18T14:58:33.385+0000] {dagbag.py:355} ERROR - Failed to import: /opt/airflow/dags/test_push_clickhouse.py
Traceback (most recent call last):
  File "/home/airflow/.local/lib/python3.12/site-packages/airflow/models/dagbag.py", line 351, in parse
    loader.exec_module(new_module)
  File "<frozen importlib._bootstrap_external>", line 995, in exec_module
  File "<frozen importlib._bootstrap>", line 488, in _call_with_frames_removed
  File "/opt/airflow/dags/test_push_clickhouse.py", line 10, in <module>
    .getOrCreate()
     ^^^^^^^^^^^^^
  File "/home/airflow/.local/lib/python3.12/site-packages/pyspark/sql/session.py", line 477, in getOrCreate
    sc = SparkContext.getOrCreate(sparkConf)
         ^^^^^^^^^^^^^^^^^^^^^^^^^^^^^^^^^^^
  File "/home/airflow/.local/lib/python3.12/site-packages/pyspark/context.py", line 512, in getOrCreate
    SparkContext(conf=conf or SparkConf())
  File "/home/airflow/.local/lib/python3.12/site-packages/pyspark/context.py", line 198, in __init__
    SparkContext._ensure_initialized(self, gateway=gateway, conf=conf)
  File "/home/airflow/.local/lib/python3.12/site-packages/pyspark/context.py", line 432, in _ensure_initialized
    SparkContext._gateway = gateway or launch_gateway(conf)
                                       ^^^^^^^^^^^^^^^^^^^^
  File "/home/airflow/.local/lib/python3.12/site-packages/pyspark/java_gateway.py", line 106, in launch_gateway
    raise RuntimeError("Java gateway process exited before sending its port number")
RuntimeError: Java gateway process exited before sending its port number
[2025-11-18T14:58:33.388+0000] {processor.py:842} WARNING - No viable dags retrieved from /opt/airflow/dags/test_push_clickhouse.py
[2025-11-18T14:58:33.402+0000] {processor.py:183} INFO - Processing /opt/airflow/dags/test_push_clickhouse.py took 1.433 seconds
[2025-11-18T14:59:03.484+0000] {processor.py:161} INFO - Started process (PID=4758) to work on /opt/airflow/dags/test_push_clickhouse.py
[2025-11-18T14:59:03.485+0000] {processor.py:830} INFO - Processing file /opt/airflow/dags/test_push_clickhouse.py for tasks to queue
[2025-11-18T14:59:03.485+0000] {logging_mixin.py:188} INFO - [2025-11-18T14:59:03.485+0000] {dagbag.py:545} INFO - Filling up the DagBag from /opt/airflow/dags/test_push_clickhouse.py
[2025-11-18T14:59:04.887+0000] {logging_mixin.py:188} INFO - [2025-11-18T14:59:04.884+0000] {dagbag.py:355} ERROR - Failed to import: /opt/airflow/dags/test_push_clickhouse.py
Traceback (most recent call last):
  File "/home/airflow/.local/lib/python3.12/site-packages/airflow/models/dagbag.py", line 351, in parse
    loader.exec_module(new_module)
  File "<frozen importlib._bootstrap_external>", line 995, in exec_module
  File "<frozen importlib._bootstrap>", line 488, in _call_with_frames_removed
  File "/opt/airflow/dags/test_push_clickhouse.py", line 10, in <module>
    .getOrCreate()
     ^^^^^^^^^^^^^
  File "/home/airflow/.local/lib/python3.12/site-packages/pyspark/sql/session.py", line 477, in getOrCreate
    sc = SparkContext.getOrCreate(sparkConf)
         ^^^^^^^^^^^^^^^^^^^^^^^^^^^^^^^^^^^
  File "/home/airflow/.local/lib/python3.12/site-packages/pyspark/context.py", line 512, in getOrCreate
    SparkContext(conf=conf or SparkConf())
  File "/home/airflow/.local/lib/python3.12/site-packages/pyspark/context.py", line 198, in __init__
    SparkContext._ensure_initialized(self, gateway=gateway, conf=conf)
  File "/home/airflow/.local/lib/python3.12/site-packages/pyspark/context.py", line 432, in _ensure_initialized
    SparkContext._gateway = gateway or launch_gateway(conf)
                                       ^^^^^^^^^^^^^^^^^^^^
  File "/home/airflow/.local/lib/python3.12/site-packages/pyspark/java_gateway.py", line 106, in launch_gateway
    raise RuntimeError("Java gateway process exited before sending its port number")
RuntimeError: Java gateway process exited before sending its port number
[2025-11-18T14:59:04.888+0000] {processor.py:842} WARNING - No viable dags retrieved from /opt/airflow/dags/test_push_clickhouse.py
[2025-11-18T14:59:04.901+0000] {processor.py:183} INFO - Processing /opt/airflow/dags/test_push_clickhouse.py took 1.421 seconds
[2025-11-18T14:59:35.029+0000] {processor.py:161} INFO - Started process (PID=4831) to work on /opt/airflow/dags/test_push_clickhouse.py
[2025-11-18T14:59:35.030+0000] {processor.py:830} INFO - Processing file /opt/airflow/dags/test_push_clickhouse.py for tasks to queue
[2025-11-18T14:59:35.031+0000] {logging_mixin.py:188} INFO - [2025-11-18T14:59:35.031+0000] {dagbag.py:545} INFO - Filling up the DagBag from /opt/airflow/dags/test_push_clickhouse.py
[2025-11-18T14:59:36.336+0000] {logging_mixin.py:188} INFO - [2025-11-18T14:59:36.333+0000] {dagbag.py:355} ERROR - Failed to import: /opt/airflow/dags/test_push_clickhouse.py
Traceback (most recent call last):
  File "/home/airflow/.local/lib/python3.12/site-packages/airflow/models/dagbag.py", line 351, in parse
    loader.exec_module(new_module)
  File "<frozen importlib._bootstrap_external>", line 995, in exec_module
  File "<frozen importlib._bootstrap>", line 488, in _call_with_frames_removed
  File "/opt/airflow/dags/test_push_clickhouse.py", line 10, in <module>
    .getOrCreate()
     ^^^^^^^^^^^^^
  File "/home/airflow/.local/lib/python3.12/site-packages/pyspark/sql/session.py", line 477, in getOrCreate
    sc = SparkContext.getOrCreate(sparkConf)
         ^^^^^^^^^^^^^^^^^^^^^^^^^^^^^^^^^^^
  File "/home/airflow/.local/lib/python3.12/site-packages/pyspark/context.py", line 512, in getOrCreate
    SparkContext(conf=conf or SparkConf())
  File "/home/airflow/.local/lib/python3.12/site-packages/pyspark/context.py", line 198, in __init__
    SparkContext._ensure_initialized(self, gateway=gateway, conf=conf)
  File "/home/airflow/.local/lib/python3.12/site-packages/pyspark/context.py", line 432, in _ensure_initialized
    SparkContext._gateway = gateway or launch_gateway(conf)
                                       ^^^^^^^^^^^^^^^^^^^^
  File "/home/airflow/.local/lib/python3.12/site-packages/pyspark/java_gateway.py", line 106, in launch_gateway
    raise RuntimeError("Java gateway process exited before sending its port number")
RuntimeError: Java gateway process exited before sending its port number
[2025-11-18T14:59:36.337+0000] {processor.py:842} WARNING - No viable dags retrieved from /opt/airflow/dags/test_push_clickhouse.py
[2025-11-18T14:59:36.350+0000] {processor.py:183} INFO - Processing /opt/airflow/dags/test_push_clickhouse.py took 1.325 seconds
[2025-11-18T15:00:06.557+0000] {processor.py:161} INFO - Started process (PID=4904) to work on /opt/airflow/dags/test_push_clickhouse.py
[2025-11-18T15:00:06.558+0000] {processor.py:830} INFO - Processing file /opt/airflow/dags/test_push_clickhouse.py for tasks to queue
[2025-11-18T15:00:06.559+0000] {logging_mixin.py:188} INFO - [2025-11-18T15:00:06.559+0000] {dagbag.py:545} INFO - Filling up the DagBag from /opt/airflow/dags/test_push_clickhouse.py
[2025-11-18T15:00:07.963+0000] {logging_mixin.py:188} INFO - [2025-11-18T15:00:07.957+0000] {dagbag.py:355} ERROR - Failed to import: /opt/airflow/dags/test_push_clickhouse.py
Traceback (most recent call last):
  File "/home/airflow/.local/lib/python3.12/site-packages/airflow/models/dagbag.py", line 351, in parse
    loader.exec_module(new_module)
  File "<frozen importlib._bootstrap_external>", line 995, in exec_module
  File "<frozen importlib._bootstrap>", line 488, in _call_with_frames_removed
  File "/opt/airflow/dags/test_push_clickhouse.py", line 10, in <module>
    .getOrCreate()
     ^^^^^^^^^^^^^
  File "/home/airflow/.local/lib/python3.12/site-packages/pyspark/sql/session.py", line 477, in getOrCreate
    sc = SparkContext.getOrCreate(sparkConf)
         ^^^^^^^^^^^^^^^^^^^^^^^^^^^^^^^^^^^
  File "/home/airflow/.local/lib/python3.12/site-packages/pyspark/context.py", line 512, in getOrCreate
    SparkContext(conf=conf or SparkConf())
  File "/home/airflow/.local/lib/python3.12/site-packages/pyspark/context.py", line 198, in __init__
    SparkContext._ensure_initialized(self, gateway=gateway, conf=conf)
  File "/home/airflow/.local/lib/python3.12/site-packages/pyspark/context.py", line 432, in _ensure_initialized
    SparkContext._gateway = gateway or launch_gateway(conf)
                                       ^^^^^^^^^^^^^^^^^^^^
  File "/home/airflow/.local/lib/python3.12/site-packages/pyspark/java_gateway.py", line 106, in launch_gateway
    raise RuntimeError("Java gateway process exited before sending its port number")
RuntimeError: Java gateway process exited before sending its port number
[2025-11-18T15:00:07.965+0000] {processor.py:842} WARNING - No viable dags retrieved from /opt/airflow/dags/test_push_clickhouse.py
[2025-11-18T15:00:07.978+0000] {processor.py:183} INFO - Processing /opt/airflow/dags/test_push_clickhouse.py took 1.425 seconds
[2025-11-18T15:00:37.214+0000] {processor.py:161} INFO - Started process (PID=4977) to work on /opt/airflow/dags/test_push_clickhouse.py
[2025-11-18T15:00:37.215+0000] {processor.py:830} INFO - Processing file /opt/airflow/dags/test_push_clickhouse.py for tasks to queue
[2025-11-18T15:00:37.216+0000] {logging_mixin.py:188} INFO - [2025-11-18T15:00:37.216+0000] {dagbag.py:545} INFO - Filling up the DagBag from /opt/airflow/dags/test_push_clickhouse.py
[2025-11-18T15:00:37.401+0000] {processor.py:840} INFO - DAG(s) 'test_push_clickhouse' retrieved from /opt/airflow/dags/test_push_clickhouse.py
[2025-11-18T15:00:37.621+0000] {logging_mixin.py:188} INFO - [2025-11-18T15:00:37.620+0000] {dag.py:3096} INFO - Sync 1 DAGs
[2025-11-18T15:00:37.629+0000] {logging_mixin.py:188} INFO - [2025-11-18T15:00:37.628+0000] {dag.py:3954} INFO - Setting next_dagrun for test_push_clickhouse to None, run_after=None
[2025-11-18T15:00:37.649+0000] {processor.py:183} INFO - Processing /opt/airflow/dags/test_push_clickhouse.py took 0.440 seconds
[2025-11-18T15:01:07.884+0000] {processor.py:161} INFO - Started process (PID=4989) to work on /opt/airflow/dags/test_push_clickhouse.py
[2025-11-18T15:01:07.886+0000] {processor.py:830} INFO - Processing file /opt/airflow/dags/test_push_clickhouse.py for tasks to queue
[2025-11-18T15:01:07.887+0000] {logging_mixin.py:188} INFO - [2025-11-18T15:01:07.886+0000] {dagbag.py:545} INFO - Filling up the DagBag from /opt/airflow/dags/test_push_clickhouse.py
[2025-11-18T15:01:07.983+0000] {processor.py:840} INFO - DAG(s) 'test_push_clickhouse' retrieved from /opt/airflow/dags/test_push_clickhouse.py
[2025-11-18T15:01:08.002+0000] {logging_mixin.py:188} INFO - [2025-11-18T15:01:08.002+0000] {dag.py:3096} INFO - Sync 1 DAGs
[2025-11-18T15:01:08.011+0000] {logging_mixin.py:188} INFO - [2025-11-18T15:01:08.011+0000] {dag.py:3954} INFO - Setting next_dagrun for test_push_clickhouse to None, run_after=None
[2025-11-18T15:01:08.026+0000] {processor.py:183} INFO - Processing /opt/airflow/dags/test_push_clickhouse.py took 0.150 seconds
[2025-11-18T15:01:38.220+0000] {processor.py:161} INFO - Started process (PID=5001) to work on /opt/airflow/dags/test_push_clickhouse.py
[2025-11-18T15:01:38.221+0000] {processor.py:830} INFO - Processing file /opt/airflow/dags/test_push_clickhouse.py for tasks to queue
[2025-11-18T15:01:38.222+0000] {logging_mixin.py:188} INFO - [2025-11-18T15:01:38.222+0000] {dagbag.py:545} INFO - Filling up the DagBag from /opt/airflow/dags/test_push_clickhouse.py
[2025-11-18T15:01:38.340+0000] {processor.py:840} INFO - DAG(s) 'test_push_clickhouse' retrieved from /opt/airflow/dags/test_push_clickhouse.py
[2025-11-18T15:01:38.364+0000] {logging_mixin.py:188} INFO - [2025-11-18T15:01:38.364+0000] {dag.py:3096} INFO - Sync 1 DAGs
[2025-11-18T15:01:38.377+0000] {logging_mixin.py:188} INFO - [2025-11-18T15:01:38.376+0000] {dag.py:3954} INFO - Setting next_dagrun for test_push_clickhouse to None, run_after=None
[2025-11-18T15:01:38.395+0000] {processor.py:183} INFO - Processing /opt/airflow/dags/test_push_clickhouse.py took 0.179 seconds
[2025-11-18T15:02:08.828+0000] {processor.py:161} INFO - Started process (PID=5013) to work on /opt/airflow/dags/test_push_clickhouse.py
[2025-11-18T15:02:08.829+0000] {processor.py:830} INFO - Processing file /opt/airflow/dags/test_push_clickhouse.py for tasks to queue
[2025-11-18T15:02:08.830+0000] {logging_mixin.py:188} INFO - [2025-11-18T15:02:08.829+0000] {dagbag.py:545} INFO - Filling up the DagBag from /opt/airflow/dags/test_push_clickhouse.py
[2025-11-18T15:02:08.933+0000] {processor.py:840} INFO - DAG(s) 'test_push_clickhouse' retrieved from /opt/airflow/dags/test_push_clickhouse.py
[2025-11-18T15:02:08.954+0000] {logging_mixin.py:188} INFO - [2025-11-18T15:02:08.954+0000] {dag.py:3096} INFO - Sync 1 DAGs
[2025-11-18T15:02:08.964+0000] {logging_mixin.py:188} INFO - [2025-11-18T15:02:08.963+0000] {dag.py:3954} INFO - Setting next_dagrun for test_push_clickhouse to None, run_after=None
[2025-11-18T15:02:08.978+0000] {processor.py:183} INFO - Processing /opt/airflow/dags/test_push_clickhouse.py took 0.155 seconds
[2025-11-18T15:02:22.535+0000] {processor.py:161} INFO - Started process (PID=5017) to work on /opt/airflow/dags/test_push_clickhouse.py
[2025-11-18T15:02:22.536+0000] {processor.py:830} INFO - Processing file /opt/airflow/dags/test_push_clickhouse.py for tasks to queue
[2025-11-18T15:02:22.537+0000] {logging_mixin.py:188} INFO - [2025-11-18T15:02:22.537+0000] {dagbag.py:545} INFO - Filling up the DagBag from /opt/airflow/dags/test_push_clickhouse.py
[2025-11-18T15:02:22.542+0000] {logging_mixin.py:188} INFO - [2025-11-18T15:02:22.542+0000] {dagbag.py:334} INFO - File /opt/airflow/dags/test_push_clickhouse.py assumed to contain no DAGs. Skipping.
[2025-11-18T15:02:22.542+0000] {processor.py:842} WARNING - No viable dags retrieved from /opt/airflow/dags/test_push_clickhouse.py
[2025-11-18T15:02:22.554+0000] {processor.py:183} INFO - Processing /opt/airflow/dags/test_push_clickhouse.py took 0.024 seconds
[2025-11-18T15:02:43.047+0000] {processor.py:161} INFO - Started process (PID=5026) to work on /opt/airflow/dags/test_push_clickhouse.py
[2025-11-18T15:02:43.048+0000] {processor.py:830} INFO - Processing file /opt/airflow/dags/test_push_clickhouse.py for tasks to queue
[2025-11-18T15:02:43.049+0000] {logging_mixin.py:188} INFO - [2025-11-18T15:02:43.049+0000] {dagbag.py:545} INFO - Filling up the DagBag from /opt/airflow/dags/test_push_clickhouse.py
[2025-11-18T15:02:43.069+0000] {logging_mixin.py:188} INFO - [2025-11-18T15:02:43.067+0000] {dagbag.py:355} ERROR - Failed to import: /opt/airflow/dags/test_push_clickhouse.py
Traceback (most recent call last):
  File "/home/airflow/.local/lib/python3.12/site-packages/airflow/models/dagbag.py", line 351, in parse
    loader.exec_module(new_module)
  File "<frozen importlib._bootstrap_external>", line 995, in exec_module
  File "<frozen importlib._bootstrap>", line 488, in _call_with_frames_removed
  File "/opt/airflow/dags/test_push_clickhouse.py", line 4, in <module>
    import jaydebeapi
ModuleNotFoundError: No module named 'jaydebeapi'
[2025-11-18T15:02:43.070+0000] {processor.py:842} WARNING - No viable dags retrieved from /opt/airflow/dags/test_push_clickhouse.py
[2025-11-18T15:02:43.086+0000] {processor.py:183} INFO - Processing /opt/airflow/dags/test_push_clickhouse.py took 0.044 seconds
[2025-11-18T15:03:13.402+0000] {processor.py:161} INFO - Started process (PID=5038) to work on /opt/airflow/dags/test_push_clickhouse.py
[2025-11-18T15:03:13.402+0000] {processor.py:830} INFO - Processing file /opt/airflow/dags/test_push_clickhouse.py for tasks to queue
[2025-11-18T15:03:13.403+0000] {logging_mixin.py:188} INFO - [2025-11-18T15:03:13.403+0000] {dagbag.py:545} INFO - Filling up the DagBag from /opt/airflow/dags/test_push_clickhouse.py
[2025-11-18T15:03:13.412+0000] {logging_mixin.py:188} INFO - [2025-11-18T15:03:13.410+0000] {dagbag.py:355} ERROR - Failed to import: /opt/airflow/dags/test_push_clickhouse.py
Traceback (most recent call last):
  File "/home/airflow/.local/lib/python3.12/site-packages/airflow/models/dagbag.py", line 351, in parse
    loader.exec_module(new_module)
  File "<frozen importlib._bootstrap_external>", line 995, in exec_module
  File "<frozen importlib._bootstrap>", line 488, in _call_with_frames_removed
  File "/opt/airflow/dags/test_push_clickhouse.py", line 4, in <module>
    import jaydebeapi
ModuleNotFoundError: No module named 'jaydebeapi'
[2025-11-18T15:03:13.413+0000] {processor.py:842} WARNING - No viable dags retrieved from /opt/airflow/dags/test_push_clickhouse.py
[2025-11-18T15:03:13.427+0000] {processor.py:183} INFO - Processing /opt/airflow/dags/test_push_clickhouse.py took 0.030 seconds
[2025-11-18T15:03:43.797+0000] {processor.py:161} INFO - Started process (PID=5050) to work on /opt/airflow/dags/test_push_clickhouse.py
[2025-11-18T15:03:43.797+0000] {processor.py:830} INFO - Processing file /opt/airflow/dags/test_push_clickhouse.py for tasks to queue
[2025-11-18T15:03:43.798+0000] {logging_mixin.py:188} INFO - [2025-11-18T15:03:43.798+0000] {dagbag.py:545} INFO - Filling up the DagBag from /opt/airflow/dags/test_push_clickhouse.py
[2025-11-18T15:03:43.808+0000] {logging_mixin.py:188} INFO - [2025-11-18T15:03:43.806+0000] {dagbag.py:355} ERROR - Failed to import: /opt/airflow/dags/test_push_clickhouse.py
Traceback (most recent call last):
  File "/home/airflow/.local/lib/python3.12/site-packages/airflow/models/dagbag.py", line 351, in parse
    loader.exec_module(new_module)
  File "<frozen importlib._bootstrap_external>", line 995, in exec_module
  File "<frozen importlib._bootstrap>", line 488, in _call_with_frames_removed
  File "/opt/airflow/dags/test_push_clickhouse.py", line 4, in <module>
    import jaydebeapi
ModuleNotFoundError: No module named 'jaydebeapi'
[2025-11-18T15:03:43.809+0000] {processor.py:842} WARNING - No viable dags retrieved from /opt/airflow/dags/test_push_clickhouse.py
[2025-11-18T15:03:43.825+0000] {processor.py:183} INFO - Processing /opt/airflow/dags/test_push_clickhouse.py took 0.033 seconds
[2025-11-18T15:04:14.440+0000] {processor.py:161} INFO - Started process (PID=5062) to work on /opt/airflow/dags/test_push_clickhouse.py
[2025-11-18T15:04:14.441+0000] {processor.py:830} INFO - Processing file /opt/airflow/dags/test_push_clickhouse.py for tasks to queue
[2025-11-18T15:04:14.441+0000] {logging_mixin.py:188} INFO - [2025-11-18T15:04:14.441+0000] {dagbag.py:545} INFO - Filling up the DagBag from /opt/airflow/dags/test_push_clickhouse.py
[2025-11-18T15:04:14.450+0000] {logging_mixin.py:188} INFO - [2025-11-18T15:04:14.448+0000] {dagbag.py:355} ERROR - Failed to import: /opt/airflow/dags/test_push_clickhouse.py
Traceback (most recent call last):
  File "/home/airflow/.local/lib/python3.12/site-packages/airflow/models/dagbag.py", line 351, in parse
    loader.exec_module(new_module)
  File "<frozen importlib._bootstrap_external>", line 995, in exec_module
  File "<frozen importlib._bootstrap>", line 488, in _call_with_frames_removed
  File "/opt/airflow/dags/test_push_clickhouse.py", line 4, in <module>
    import jaydebeapi
ModuleNotFoundError: No module named 'jaydebeapi'
[2025-11-18T15:04:14.451+0000] {processor.py:842} WARNING - No viable dags retrieved from /opt/airflow/dags/test_push_clickhouse.py
[2025-11-18T15:04:14.465+0000] {processor.py:183} INFO - Processing /opt/airflow/dags/test_push_clickhouse.py took 0.030 seconds
[2025-11-18T15:04:45.205+0000] {processor.py:161} INFO - Started process (PID=5075) to work on /opt/airflow/dags/test_push_clickhouse.py
[2025-11-18T15:04:45.206+0000] {processor.py:830} INFO - Processing file /opt/airflow/dags/test_push_clickhouse.py for tasks to queue
[2025-11-18T15:04:45.207+0000] {logging_mixin.py:188} INFO - [2025-11-18T15:04:45.206+0000] {dagbag.py:545} INFO - Filling up the DagBag from /opt/airflow/dags/test_push_clickhouse.py
[2025-11-18T15:04:45.218+0000] {logging_mixin.py:188} INFO - [2025-11-18T15:04:45.215+0000] {dagbag.py:355} ERROR - Failed to import: /opt/airflow/dags/test_push_clickhouse.py
Traceback (most recent call last):
  File "/home/airflow/.local/lib/python3.12/site-packages/airflow/models/dagbag.py", line 351, in parse
    loader.exec_module(new_module)
  File "<frozen importlib._bootstrap_external>", line 995, in exec_module
  File "<frozen importlib._bootstrap>", line 488, in _call_with_frames_removed
  File "/opt/airflow/dags/test_push_clickhouse.py", line 4, in <module>
    import jaydebeapi
ModuleNotFoundError: No module named 'jaydebeapi'
[2025-11-18T15:04:45.219+0000] {processor.py:842} WARNING - No viable dags retrieved from /opt/airflow/dags/test_push_clickhouse.py
[2025-11-18T15:04:45.238+0000] {processor.py:183} INFO - Processing /opt/airflow/dags/test_push_clickhouse.py took 0.038 seconds
[2025-11-18T15:05:16.052+0000] {processor.py:161} INFO - Started process (PID=5087) to work on /opt/airflow/dags/test_push_clickhouse.py
[2025-11-18T15:05:16.053+0000] {processor.py:830} INFO - Processing file /opt/airflow/dags/test_push_clickhouse.py for tasks to queue
[2025-11-18T15:05:16.053+0000] {logging_mixin.py:188} INFO - [2025-11-18T15:05:16.053+0000] {dagbag.py:545} INFO - Filling up the DagBag from /opt/airflow/dags/test_push_clickhouse.py
[2025-11-18T15:05:16.064+0000] {logging_mixin.py:188} INFO - [2025-11-18T15:05:16.062+0000] {dagbag.py:355} ERROR - Failed to import: /opt/airflow/dags/test_push_clickhouse.py
Traceback (most recent call last):
  File "/home/airflow/.local/lib/python3.12/site-packages/airflow/models/dagbag.py", line 351, in parse
    loader.exec_module(new_module)
  File "<frozen importlib._bootstrap_external>", line 995, in exec_module
  File "<frozen importlib._bootstrap>", line 488, in _call_with_frames_removed
  File "/opt/airflow/dags/test_push_clickhouse.py", line 4, in <module>
    import jaydebeapi
ModuleNotFoundError: No module named 'jaydebeapi'
[2025-11-18T15:05:16.065+0000] {processor.py:842} WARNING - No viable dags retrieved from /opt/airflow/dags/test_push_clickhouse.py
[2025-11-18T15:05:16.080+0000] {processor.py:183} INFO - Processing /opt/airflow/dags/test_push_clickhouse.py took 0.032 seconds
[2025-11-18T15:05:46.700+0000] {processor.py:161} INFO - Started process (PID=5099) to work on /opt/airflow/dags/test_push_clickhouse.py
[2025-11-18T15:05:46.702+0000] {processor.py:830} INFO - Processing file /opt/airflow/dags/test_push_clickhouse.py for tasks to queue
[2025-11-18T15:05:46.702+0000] {logging_mixin.py:188} INFO - [2025-11-18T15:05:46.702+0000] {dagbag.py:545} INFO - Filling up the DagBag from /opt/airflow/dags/test_push_clickhouse.py
[2025-11-18T15:05:46.712+0000] {logging_mixin.py:188} INFO - [2025-11-18T15:05:46.710+0000] {dagbag.py:355} ERROR - Failed to import: /opt/airflow/dags/test_push_clickhouse.py
Traceback (most recent call last):
  File "/home/airflow/.local/lib/python3.12/site-packages/airflow/models/dagbag.py", line 351, in parse
    loader.exec_module(new_module)
  File "<frozen importlib._bootstrap_external>", line 995, in exec_module
  File "<frozen importlib._bootstrap>", line 488, in _call_with_frames_removed
  File "/opt/airflow/dags/test_push_clickhouse.py", line 4, in <module>
    import jaydebeapi
ModuleNotFoundError: No module named 'jaydebeapi'
[2025-11-18T15:05:46.713+0000] {processor.py:842} WARNING - No viable dags retrieved from /opt/airflow/dags/test_push_clickhouse.py
[2025-11-18T15:05:46.725+0000] {processor.py:183} INFO - Processing /opt/airflow/dags/test_push_clickhouse.py took 0.029 seconds
[2025-11-18T15:06:17.337+0000] {processor.py:161} INFO - Started process (PID=5111) to work on /opt/airflow/dags/test_push_clickhouse.py
[2025-11-18T15:06:17.338+0000] {processor.py:830} INFO - Processing file /opt/airflow/dags/test_push_clickhouse.py for tasks to queue
[2025-11-18T15:06:17.339+0000] {logging_mixin.py:188} INFO - [2025-11-18T15:06:17.339+0000] {dagbag.py:545} INFO - Filling up the DagBag from /opt/airflow/dags/test_push_clickhouse.py
[2025-11-18T15:06:17.351+0000] {logging_mixin.py:188} INFO - [2025-11-18T15:06:17.348+0000] {dagbag.py:355} ERROR - Failed to import: /opt/airflow/dags/test_push_clickhouse.py
Traceback (most recent call last):
  File "/home/airflow/.local/lib/python3.12/site-packages/airflow/models/dagbag.py", line 351, in parse
    loader.exec_module(new_module)
  File "<frozen importlib._bootstrap_external>", line 995, in exec_module
  File "<frozen importlib._bootstrap>", line 488, in _call_with_frames_removed
  File "/opt/airflow/dags/test_push_clickhouse.py", line 4, in <module>
    import jaydebeapi
ModuleNotFoundError: No module named 'jaydebeapi'
[2025-11-18T15:06:17.352+0000] {processor.py:842} WARNING - No viable dags retrieved from /opt/airflow/dags/test_push_clickhouse.py
[2025-11-18T15:06:17.368+0000] {processor.py:183} INFO - Processing /opt/airflow/dags/test_push_clickhouse.py took 0.035 seconds
[2025-11-18T15:06:48.131+0000] {processor.py:161} INFO - Started process (PID=5123) to work on /opt/airflow/dags/test_push_clickhouse.py
[2025-11-18T15:06:48.132+0000] {processor.py:830} INFO - Processing file /opt/airflow/dags/test_push_clickhouse.py for tasks to queue
[2025-11-18T15:06:48.133+0000] {logging_mixin.py:188} INFO - [2025-11-18T15:06:48.133+0000] {dagbag.py:545} INFO - Filling up the DagBag from /opt/airflow/dags/test_push_clickhouse.py
[2025-11-18T15:06:48.143+0000] {logging_mixin.py:188} INFO - [2025-11-18T15:06:48.140+0000] {dagbag.py:355} ERROR - Failed to import: /opt/airflow/dags/test_push_clickhouse.py
Traceback (most recent call last):
  File "/home/airflow/.local/lib/python3.12/site-packages/airflow/models/dagbag.py", line 351, in parse
    loader.exec_module(new_module)
  File "<frozen importlib._bootstrap_external>", line 995, in exec_module
  File "<frozen importlib._bootstrap>", line 488, in _call_with_frames_removed
  File "/opt/airflow/dags/test_push_clickhouse.py", line 4, in <module>
    import jaydebeapi
ModuleNotFoundError: No module named 'jaydebeapi'
[2025-11-18T15:06:48.144+0000] {processor.py:842} WARNING - No viable dags retrieved from /opt/airflow/dags/test_push_clickhouse.py
[2025-11-18T15:06:48.158+0000] {processor.py:183} INFO - Processing /opt/airflow/dags/test_push_clickhouse.py took 0.031 seconds
[2025-11-18T15:07:18.942+0000] {processor.py:161} INFO - Started process (PID=5135) to work on /opt/airflow/dags/test_push_clickhouse.py
[2025-11-18T15:07:18.943+0000] {processor.py:830} INFO - Processing file /opt/airflow/dags/test_push_clickhouse.py for tasks to queue
[2025-11-18T15:07:18.944+0000] {logging_mixin.py:188} INFO - [2025-11-18T15:07:18.944+0000] {dagbag.py:545} INFO - Filling up the DagBag from /opt/airflow/dags/test_push_clickhouse.py
[2025-11-18T15:07:18.956+0000] {logging_mixin.py:188} INFO - [2025-11-18T15:07:18.953+0000] {dagbag.py:355} ERROR - Failed to import: /opt/airflow/dags/test_push_clickhouse.py
Traceback (most recent call last):
  File "/home/airflow/.local/lib/python3.12/site-packages/airflow/models/dagbag.py", line 351, in parse
    loader.exec_module(new_module)
  File "<frozen importlib._bootstrap_external>", line 995, in exec_module
  File "<frozen importlib._bootstrap>", line 488, in _call_with_frames_removed
  File "/opt/airflow/dags/test_push_clickhouse.py", line 4, in <module>
    import jaydebeapi
ModuleNotFoundError: No module named 'jaydebeapi'
[2025-11-18T15:07:18.957+0000] {processor.py:842} WARNING - No viable dags retrieved from /opt/airflow/dags/test_push_clickhouse.py
[2025-11-18T15:07:18.973+0000] {processor.py:183} INFO - Processing /opt/airflow/dags/test_push_clickhouse.py took 0.037 seconds
[2025-11-18T15:07:49.676+0000] {processor.py:161} INFO - Started process (PID=5147) to work on /opt/airflow/dags/test_push_clickhouse.py
[2025-11-18T15:07:49.677+0000] {processor.py:830} INFO - Processing file /opt/airflow/dags/test_push_clickhouse.py for tasks to queue
[2025-11-18T15:07:49.678+0000] {logging_mixin.py:188} INFO - [2025-11-18T15:07:49.678+0000] {dagbag.py:545} INFO - Filling up the DagBag from /opt/airflow/dags/test_push_clickhouse.py
[2025-11-18T15:07:49.687+0000] {logging_mixin.py:188} INFO - [2025-11-18T15:07:49.685+0000] {dagbag.py:355} ERROR - Failed to import: /opt/airflow/dags/test_push_clickhouse.py
Traceback (most recent call last):
  File "/home/airflow/.local/lib/python3.12/site-packages/airflow/models/dagbag.py", line 351, in parse
    loader.exec_module(new_module)
  File "<frozen importlib._bootstrap_external>", line 995, in exec_module
  File "<frozen importlib._bootstrap>", line 488, in _call_with_frames_removed
  File "/opt/airflow/dags/test_push_clickhouse.py", line 4, in <module>
    import jaydebeapi
ModuleNotFoundError: No module named 'jaydebeapi'
[2025-11-18T15:07:49.688+0000] {processor.py:842} WARNING - No viable dags retrieved from /opt/airflow/dags/test_push_clickhouse.py
[2025-11-18T15:07:49.700+0000] {processor.py:183} INFO - Processing /opt/airflow/dags/test_push_clickhouse.py took 0.029 seconds
[2025-11-18T15:08:20.384+0000] {processor.py:161} INFO - Started process (PID=5159) to work on /opt/airflow/dags/test_push_clickhouse.py
[2025-11-18T15:08:20.385+0000] {processor.py:830} INFO - Processing file /opt/airflow/dags/test_push_clickhouse.py for tasks to queue
[2025-11-18T15:08:20.386+0000] {logging_mixin.py:188} INFO - [2025-11-18T15:08:20.386+0000] {dagbag.py:545} INFO - Filling up the DagBag from /opt/airflow/dags/test_push_clickhouse.py
[2025-11-18T15:08:20.397+0000] {logging_mixin.py:188} INFO - [2025-11-18T15:08:20.395+0000] {dagbag.py:355} ERROR - Failed to import: /opt/airflow/dags/test_push_clickhouse.py
Traceback (most recent call last):
  File "/home/airflow/.local/lib/python3.12/site-packages/airflow/models/dagbag.py", line 351, in parse
    loader.exec_module(new_module)
  File "<frozen importlib._bootstrap_external>", line 995, in exec_module
  File "<frozen importlib._bootstrap>", line 488, in _call_with_frames_removed
  File "/opt/airflow/dags/test_push_clickhouse.py", line 4, in <module>
    import jaydebeapi
ModuleNotFoundError: No module named 'jaydebeapi'
[2025-11-18T15:08:20.398+0000] {processor.py:842} WARNING - No viable dags retrieved from /opt/airflow/dags/test_push_clickhouse.py
[2025-11-18T15:08:20.413+0000] {processor.py:183} INFO - Processing /opt/airflow/dags/test_push_clickhouse.py took 0.035 seconds
[2025-11-18T15:08:51.130+0000] {processor.py:161} INFO - Started process (PID=5171) to work on /opt/airflow/dags/test_push_clickhouse.py
[2025-11-18T15:08:51.131+0000] {processor.py:830} INFO - Processing file /opt/airflow/dags/test_push_clickhouse.py for tasks to queue
[2025-11-18T15:08:51.131+0000] {logging_mixin.py:188} INFO - [2025-11-18T15:08:51.131+0000] {dagbag.py:545} INFO - Filling up the DagBag from /opt/airflow/dags/test_push_clickhouse.py
[2025-11-18T15:08:51.143+0000] {logging_mixin.py:188} INFO - [2025-11-18T15:08:51.140+0000] {dagbag.py:355} ERROR - Failed to import: /opt/airflow/dags/test_push_clickhouse.py
Traceback (most recent call last):
  File "/home/airflow/.local/lib/python3.12/site-packages/airflow/models/dagbag.py", line 351, in parse
    loader.exec_module(new_module)
  File "<frozen importlib._bootstrap_external>", line 995, in exec_module
  File "<frozen importlib._bootstrap>", line 488, in _call_with_frames_removed
  File "/opt/airflow/dags/test_push_clickhouse.py", line 4, in <module>
    import jaydebeapi
ModuleNotFoundError: No module named 'jaydebeapi'
[2025-11-18T15:08:51.144+0000] {processor.py:842} WARNING - No viable dags retrieved from /opt/airflow/dags/test_push_clickhouse.py
[2025-11-18T15:08:51.159+0000] {processor.py:183} INFO - Processing /opt/airflow/dags/test_push_clickhouse.py took 0.034 seconds
[2025-11-18T15:09:21.998+0000] {processor.py:161} INFO - Started process (PID=5183) to work on /opt/airflow/dags/test_push_clickhouse.py
[2025-11-18T15:09:21.998+0000] {processor.py:830} INFO - Processing file /opt/airflow/dags/test_push_clickhouse.py for tasks to queue
[2025-11-18T15:09:21.999+0000] {logging_mixin.py:188} INFO - [2025-11-18T15:09:21.999+0000] {dagbag.py:545} INFO - Filling up the DagBag from /opt/airflow/dags/test_push_clickhouse.py
[2025-11-18T15:09:22.011+0000] {logging_mixin.py:188} INFO - [2025-11-18T15:09:22.008+0000] {dagbag.py:355} ERROR - Failed to import: /opt/airflow/dags/test_push_clickhouse.py
Traceback (most recent call last):
  File "/home/airflow/.local/lib/python3.12/site-packages/airflow/models/dagbag.py", line 351, in parse
    loader.exec_module(new_module)
  File "<frozen importlib._bootstrap_external>", line 995, in exec_module
  File "<frozen importlib._bootstrap>", line 488, in _call_with_frames_removed
  File "/opt/airflow/dags/test_push_clickhouse.py", line 4, in <module>
    import jaydebeapi
ModuleNotFoundError: No module named 'jaydebeapi'
[2025-11-18T15:09:22.012+0000] {processor.py:842} WARNING - No viable dags retrieved from /opt/airflow/dags/test_push_clickhouse.py
[2025-11-18T15:09:22.024+0000] {processor.py:183} INFO - Processing /opt/airflow/dags/test_push_clickhouse.py took 0.031 seconds
[2025-11-18T15:09:52.644+0000] {processor.py:161} INFO - Started process (PID=5195) to work on /opt/airflow/dags/test_push_clickhouse.py
[2025-11-18T15:09:52.645+0000] {processor.py:830} INFO - Processing file /opt/airflow/dags/test_push_clickhouse.py for tasks to queue
[2025-11-18T15:09:52.646+0000] {logging_mixin.py:188} INFO - [2025-11-18T15:09:52.646+0000] {dagbag.py:545} INFO - Filling up the DagBag from /opt/airflow/dags/test_push_clickhouse.py
[2025-11-18T15:09:52.655+0000] {logging_mixin.py:188} INFO - [2025-11-18T15:09:52.653+0000] {dagbag.py:355} ERROR - Failed to import: /opt/airflow/dags/test_push_clickhouse.py
Traceback (most recent call last):
  File "/home/airflow/.local/lib/python3.12/site-packages/airflow/models/dagbag.py", line 351, in parse
    loader.exec_module(new_module)
  File "<frozen importlib._bootstrap_external>", line 995, in exec_module
  File "<frozen importlib._bootstrap>", line 488, in _call_with_frames_removed
  File "/opt/airflow/dags/test_push_clickhouse.py", line 4, in <module>
    import jaydebeapi
ModuleNotFoundError: No module named 'jaydebeapi'
[2025-11-18T15:09:52.656+0000] {processor.py:842} WARNING - No viable dags retrieved from /opt/airflow/dags/test_push_clickhouse.py
[2025-11-18T15:09:52.668+0000] {processor.py:183} INFO - Processing /opt/airflow/dags/test_push_clickhouse.py took 0.028 seconds
[2025-11-18T15:10:23.322+0000] {processor.py:161} INFO - Started process (PID=5207) to work on /opt/airflow/dags/test_push_clickhouse.py
[2025-11-18T15:10:23.323+0000] {processor.py:830} INFO - Processing file /opt/airflow/dags/test_push_clickhouse.py for tasks to queue
[2025-11-18T15:10:23.324+0000] {logging_mixin.py:188} INFO - [2025-11-18T15:10:23.324+0000] {dagbag.py:545} INFO - Filling up the DagBag from /opt/airflow/dags/test_push_clickhouse.py
[2025-11-18T15:10:23.333+0000] {logging_mixin.py:188} INFO - [2025-11-18T15:10:23.331+0000] {dagbag.py:355} ERROR - Failed to import: /opt/airflow/dags/test_push_clickhouse.py
Traceback (most recent call last):
  File "/home/airflow/.local/lib/python3.12/site-packages/airflow/models/dagbag.py", line 351, in parse
    loader.exec_module(new_module)
  File "<frozen importlib._bootstrap_external>", line 995, in exec_module
  File "<frozen importlib._bootstrap>", line 488, in _call_with_frames_removed
  File "/opt/airflow/dags/test_push_clickhouse.py", line 4, in <module>
    import jaydebeapi
ModuleNotFoundError: No module named 'jaydebeapi'
[2025-11-18T15:10:23.334+0000] {processor.py:842} WARNING - No viable dags retrieved from /opt/airflow/dags/test_push_clickhouse.py
[2025-11-18T15:10:23.346+0000] {processor.py:183} INFO - Processing /opt/airflow/dags/test_push_clickhouse.py took 0.028 seconds
[2025-11-18T15:10:54.109+0000] {processor.py:161} INFO - Started process (PID=5219) to work on /opt/airflow/dags/test_push_clickhouse.py
[2025-11-18T15:10:54.110+0000] {processor.py:830} INFO - Processing file /opt/airflow/dags/test_push_clickhouse.py for tasks to queue
[2025-11-18T15:10:54.110+0000] {logging_mixin.py:188} INFO - [2025-11-18T15:10:54.110+0000] {dagbag.py:545} INFO - Filling up the DagBag from /opt/airflow/dags/test_push_clickhouse.py
[2025-11-18T15:10:54.119+0000] {logging_mixin.py:188} INFO - [2025-11-18T15:10:54.117+0000] {dagbag.py:355} ERROR - Failed to import: /opt/airflow/dags/test_push_clickhouse.py
Traceback (most recent call last):
  File "/home/airflow/.local/lib/python3.12/site-packages/airflow/models/dagbag.py", line 351, in parse
    loader.exec_module(new_module)
  File "<frozen importlib._bootstrap_external>", line 995, in exec_module
  File "<frozen importlib._bootstrap>", line 488, in _call_with_frames_removed
  File "/opt/airflow/dags/test_push_clickhouse.py", line 4, in <module>
    import jaydebeapi
ModuleNotFoundError: No module named 'jaydebeapi'
[2025-11-18T15:10:54.120+0000] {processor.py:842} WARNING - No viable dags retrieved from /opt/airflow/dags/test_push_clickhouse.py
[2025-11-18T15:10:54.133+0000] {processor.py:183} INFO - Processing /opt/airflow/dags/test_push_clickhouse.py took 0.028 seconds
[2025-11-18T15:11:24.954+0000] {processor.py:161} INFO - Started process (PID=5231) to work on /opt/airflow/dags/test_push_clickhouse.py
[2025-11-18T15:11:24.954+0000] {processor.py:830} INFO - Processing file /opt/airflow/dags/test_push_clickhouse.py for tasks to queue
[2025-11-18T15:11:24.955+0000] {logging_mixin.py:188} INFO - [2025-11-18T15:11:24.955+0000] {dagbag.py:545} INFO - Filling up the DagBag from /opt/airflow/dags/test_push_clickhouse.py
[2025-11-18T15:11:24.965+0000] {logging_mixin.py:188} INFO - [2025-11-18T15:11:24.963+0000] {dagbag.py:355} ERROR - Failed to import: /opt/airflow/dags/test_push_clickhouse.py
Traceback (most recent call last):
  File "/home/airflow/.local/lib/python3.12/site-packages/airflow/models/dagbag.py", line 351, in parse
    loader.exec_module(new_module)
  File "<frozen importlib._bootstrap_external>", line 995, in exec_module
  File "<frozen importlib._bootstrap>", line 488, in _call_with_frames_removed
  File "/opt/airflow/dags/test_push_clickhouse.py", line 4, in <module>
    import jaydebeapi
ModuleNotFoundError: No module named 'jaydebeapi'
[2025-11-18T15:11:24.966+0000] {processor.py:842} WARNING - No viable dags retrieved from /opt/airflow/dags/test_push_clickhouse.py
[2025-11-18T15:11:24.981+0000] {processor.py:183} INFO - Processing /opt/airflow/dags/test_push_clickhouse.py took 0.032 seconds
[2025-11-18T15:11:55.749+0000] {processor.py:161} INFO - Started process (PID=5243) to work on /opt/airflow/dags/test_push_clickhouse.py
[2025-11-18T15:11:55.750+0000] {processor.py:830} INFO - Processing file /opt/airflow/dags/test_push_clickhouse.py for tasks to queue
[2025-11-18T15:11:55.750+0000] {logging_mixin.py:188} INFO - [2025-11-18T15:11:55.750+0000] {dagbag.py:545} INFO - Filling up the DagBag from /opt/airflow/dags/test_push_clickhouse.py
[2025-11-18T15:11:55.762+0000] {logging_mixin.py:188} INFO - [2025-11-18T15:11:55.759+0000] {dagbag.py:355} ERROR - Failed to import: /opt/airflow/dags/test_push_clickhouse.py
Traceback (most recent call last):
  File "/home/airflow/.local/lib/python3.12/site-packages/airflow/models/dagbag.py", line 351, in parse
    loader.exec_module(new_module)
  File "<frozen importlib._bootstrap_external>", line 995, in exec_module
  File "<frozen importlib._bootstrap>", line 488, in _call_with_frames_removed
  File "/opt/airflow/dags/test_push_clickhouse.py", line 4, in <module>
    import jaydebeapi
ModuleNotFoundError: No module named 'jaydebeapi'
[2025-11-18T15:11:55.763+0000] {processor.py:842} WARNING - No viable dags retrieved from /opt/airflow/dags/test_push_clickhouse.py
[2025-11-18T15:11:55.778+0000] {processor.py:183} INFO - Processing /opt/airflow/dags/test_push_clickhouse.py took 0.034 seconds
[2025-11-18T15:12:26.477+0000] {processor.py:161} INFO - Started process (PID=5256) to work on /opt/airflow/dags/test_push_clickhouse.py
[2025-11-18T15:12:26.478+0000] {processor.py:830} INFO - Processing file /opt/airflow/dags/test_push_clickhouse.py for tasks to queue
[2025-11-18T15:12:26.479+0000] {logging_mixin.py:188} INFO - [2025-11-18T15:12:26.478+0000] {dagbag.py:545} INFO - Filling up the DagBag from /opt/airflow/dags/test_push_clickhouse.py
[2025-11-18T15:12:26.495+0000] {logging_mixin.py:188} INFO - [2025-11-18T15:12:26.493+0000] {dagbag.py:355} ERROR - Failed to import: /opt/airflow/dags/test_push_clickhouse.py
Traceback (most recent call last):
  File "/home/airflow/.local/lib/python3.12/site-packages/airflow/models/dagbag.py", line 351, in parse
    loader.exec_module(new_module)
  File "<frozen importlib._bootstrap_external>", line 995, in exec_module
  File "<frozen importlib._bootstrap>", line 488, in _call_with_frames_removed
  File "/opt/airflow/dags/test_push_clickhouse.py", line 4, in <module>
    import jaydebeapi
ModuleNotFoundError: No module named 'jaydebeapi'
[2025-11-18T15:12:26.496+0000] {processor.py:842} WARNING - No viable dags retrieved from /opt/airflow/dags/test_push_clickhouse.py
[2025-11-18T15:12:26.511+0000] {processor.py:183} INFO - Processing /opt/airflow/dags/test_push_clickhouse.py took 0.039 seconds
[2025-11-18T15:12:57.251+0000] {processor.py:161} INFO - Started process (PID=5268) to work on /opt/airflow/dags/test_push_clickhouse.py
[2025-11-18T15:12:57.252+0000] {processor.py:830} INFO - Processing file /opt/airflow/dags/test_push_clickhouse.py for tasks to queue
[2025-11-18T15:12:57.252+0000] {logging_mixin.py:188} INFO - [2025-11-18T15:12:57.252+0000] {dagbag.py:545} INFO - Filling up the DagBag from /opt/airflow/dags/test_push_clickhouse.py
[2025-11-18T15:12:57.263+0000] {logging_mixin.py:188} INFO - [2025-11-18T15:12:57.261+0000] {dagbag.py:355} ERROR - Failed to import: /opt/airflow/dags/test_push_clickhouse.py
Traceback (most recent call last):
  File "/home/airflow/.local/lib/python3.12/site-packages/airflow/models/dagbag.py", line 351, in parse
    loader.exec_module(new_module)
  File "<frozen importlib._bootstrap_external>", line 995, in exec_module
  File "<frozen importlib._bootstrap>", line 488, in _call_with_frames_removed
  File "/opt/airflow/dags/test_push_clickhouse.py", line 4, in <module>
    import jaydebeapi
ModuleNotFoundError: No module named 'jaydebeapi'
[2025-11-18T15:12:57.264+0000] {processor.py:842} WARNING - No viable dags retrieved from /opt/airflow/dags/test_push_clickhouse.py
[2025-11-18T15:12:57.276+0000] {processor.py:183} INFO - Processing /opt/airflow/dags/test_push_clickhouse.py took 0.029 seconds
[2025-11-18T15:13:28.086+0000] {processor.py:161} INFO - Started process (PID=5286) to work on /opt/airflow/dags/test_push_clickhouse.py
[2025-11-18T15:13:28.087+0000] {processor.py:830} INFO - Processing file /opt/airflow/dags/test_push_clickhouse.py for tasks to queue
[2025-11-18T15:13:28.088+0000] {logging_mixin.py:188} INFO - [2025-11-18T15:13:28.087+0000] {dagbag.py:545} INFO - Filling up the DagBag from /opt/airflow/dags/test_push_clickhouse.py
[2025-11-18T15:13:28.096+0000] {logging_mixin.py:188} INFO - [2025-11-18T15:13:28.094+0000] {dagbag.py:355} ERROR - Failed to import: /opt/airflow/dags/test_push_clickhouse.py
Traceback (most recent call last):
  File "/home/airflow/.local/lib/python3.12/site-packages/airflow/models/dagbag.py", line 351, in parse
    loader.exec_module(new_module)
  File "<frozen importlib._bootstrap_external>", line 995, in exec_module
  File "<frozen importlib._bootstrap>", line 488, in _call_with_frames_removed
  File "/opt/airflow/dags/test_push_clickhouse.py", line 4, in <module>
    import jaydebeapi
ModuleNotFoundError: No module named 'jaydebeapi'
[2025-11-18T15:13:28.097+0000] {processor.py:842} WARNING - No viable dags retrieved from /opt/airflow/dags/test_push_clickhouse.py
[2025-11-18T15:13:28.110+0000] {processor.py:183} INFO - Processing /opt/airflow/dags/test_push_clickhouse.py took 0.029 seconds
[2025-11-18T15:13:58.952+0000] {processor.py:161} INFO - Started process (PID=5298) to work on /opt/airflow/dags/test_push_clickhouse.py
[2025-11-18T15:13:58.953+0000] {processor.py:830} INFO - Processing file /opt/airflow/dags/test_push_clickhouse.py for tasks to queue
[2025-11-18T15:13:58.954+0000] {logging_mixin.py:188} INFO - [2025-11-18T15:13:58.954+0000] {dagbag.py:545} INFO - Filling up the DagBag from /opt/airflow/dags/test_push_clickhouse.py
[2025-11-18T15:13:58.963+0000] {logging_mixin.py:188} INFO - [2025-11-18T15:13:58.961+0000] {dagbag.py:355} ERROR - Failed to import: /opt/airflow/dags/test_push_clickhouse.py
Traceback (most recent call last):
  File "/home/airflow/.local/lib/python3.12/site-packages/airflow/models/dagbag.py", line 351, in parse
    loader.exec_module(new_module)
  File "<frozen importlib._bootstrap_external>", line 995, in exec_module
  File "<frozen importlib._bootstrap>", line 488, in _call_with_frames_removed
  File "/opt/airflow/dags/test_push_clickhouse.py", line 4, in <module>
    import jaydebeapi
ModuleNotFoundError: No module named 'jaydebeapi'
[2025-11-18T15:13:58.964+0000] {processor.py:842} WARNING - No viable dags retrieved from /opt/airflow/dags/test_push_clickhouse.py
[2025-11-18T15:13:58.978+0000] {processor.py:183} INFO - Processing /opt/airflow/dags/test_push_clickhouse.py took 0.031 seconds
[2025-11-18T15:14:29.657+0000] {processor.py:161} INFO - Started process (PID=5310) to work on /opt/airflow/dags/test_push_clickhouse.py
[2025-11-18T15:14:29.658+0000] {processor.py:830} INFO - Processing file /opt/airflow/dags/test_push_clickhouse.py for tasks to queue
[2025-11-18T15:14:29.659+0000] {logging_mixin.py:188} INFO - [2025-11-18T15:14:29.658+0000] {dagbag.py:545} INFO - Filling up the DagBag from /opt/airflow/dags/test_push_clickhouse.py
[2025-11-18T15:14:29.668+0000] {logging_mixin.py:188} INFO - [2025-11-18T15:14:29.666+0000] {dagbag.py:355} ERROR - Failed to import: /opt/airflow/dags/test_push_clickhouse.py
Traceback (most recent call last):
  File "/home/airflow/.local/lib/python3.12/site-packages/airflow/models/dagbag.py", line 351, in parse
    loader.exec_module(new_module)
  File "<frozen importlib._bootstrap_external>", line 995, in exec_module
  File "<frozen importlib._bootstrap>", line 488, in _call_with_frames_removed
  File "/opt/airflow/dags/test_push_clickhouse.py", line 4, in <module>
    import jaydebeapi
ModuleNotFoundError: No module named 'jaydebeapi'
[2025-11-18T15:14:29.669+0000] {processor.py:842} WARNING - No viable dags retrieved from /opt/airflow/dags/test_push_clickhouse.py
[2025-11-18T15:14:29.683+0000] {processor.py:183} INFO - Processing /opt/airflow/dags/test_push_clickhouse.py took 0.030 seconds
[2025-11-18T15:14:43.345+0000] {processor.py:161} INFO - Started process (PID=5316) to work on /opt/airflow/dags/test_push_clickhouse.py
[2025-11-18T15:14:43.346+0000] {processor.py:830} INFO - Processing file /opt/airflow/dags/test_push_clickhouse.py for tasks to queue
[2025-11-18T15:14:43.347+0000] {logging_mixin.py:188} INFO - [2025-11-18T15:14:43.346+0000] {dagbag.py:545} INFO - Filling up the DagBag from /opt/airflow/dags/test_push_clickhouse.py
[2025-11-18T15:14:43.350+0000] {logging_mixin.py:188} INFO - [2025-11-18T15:14:43.350+0000] {dagbag.py:334} INFO - File /opt/airflow/dags/test_push_clickhouse.py assumed to contain no DAGs. Skipping.
[2025-11-18T15:14:43.350+0000] {processor.py:842} WARNING - No viable dags retrieved from /opt/airflow/dags/test_push_clickhouse.py
[2025-11-18T15:14:43.361+0000] {processor.py:183} INFO - Processing /opt/airflow/dags/test_push_clickhouse.py took 0.021 seconds
[2025-11-18T15:15:09.595+0000] {processor.py:161} INFO - Started process (PID=5323) to work on /opt/airflow/dags/test_push_clickhouse.py
[2025-11-18T15:15:09.596+0000] {processor.py:830} INFO - Processing file /opt/airflow/dags/test_push_clickhouse.py for tasks to queue
[2025-11-18T15:15:09.597+0000] {logging_mixin.py:188} INFO - [2025-11-18T15:15:09.596+0000] {dagbag.py:545} INFO - Filling up the DagBag from /opt/airflow/dags/test_push_clickhouse.py
[2025-11-18T15:15:09.620+0000] {processor.py:840} INFO - DAG(s) 'test_push_clickhouse' retrieved from /opt/airflow/dags/test_push_clickhouse.py
[2025-11-18T15:15:09.711+0000] {logging_mixin.py:188} INFO - [2025-11-18T15:15:09.711+0000] {dag.py:3096} INFO - Sync 1 DAGs
[2025-11-18T15:15:09.719+0000] {logging_mixin.py:188} INFO - [2025-11-18T15:15:09.719+0000] {dag.py:3954} INFO - Setting next_dagrun for test_push_clickhouse to None, run_after=None
[2025-11-18T15:15:09.737+0000] {processor.py:183} INFO - Processing /opt/airflow/dags/test_push_clickhouse.py took 0.150 seconds
[2025-11-18T15:15:40.468+0000] {processor.py:161} INFO - Started process (PID=5335) to work on /opt/airflow/dags/test_push_clickhouse.py
[2025-11-18T15:15:40.469+0000] {processor.py:830} INFO - Processing file /opt/airflow/dags/test_push_clickhouse.py for tasks to queue
[2025-11-18T15:15:40.470+0000] {logging_mixin.py:188} INFO - [2025-11-18T15:15:40.470+0000] {dagbag.py:545} INFO - Filling up the DagBag from /opt/airflow/dags/test_push_clickhouse.py
[2025-11-18T15:15:40.483+0000] {processor.py:840} INFO - DAG(s) 'test_push_clickhouse' retrieved from /opt/airflow/dags/test_push_clickhouse.py
[2025-11-18T15:15:40.506+0000] {logging_mixin.py:188} INFO - [2025-11-18T15:15:40.506+0000] {dag.py:3096} INFO - Sync 1 DAGs
[2025-11-18T15:15:40.518+0000] {logging_mixin.py:188} INFO - [2025-11-18T15:15:40.518+0000] {dag.py:3954} INFO - Setting next_dagrun for test_push_clickhouse to None, run_after=None
[2025-11-18T15:15:40.536+0000] {processor.py:183} INFO - Processing /opt/airflow/dags/test_push_clickhouse.py took 0.073 seconds
[2025-11-18T15:16:11.342+0000] {processor.py:161} INFO - Started process (PID=5347) to work on /opt/airflow/dags/test_push_clickhouse.py
[2025-11-18T15:16:11.343+0000] {processor.py:830} INFO - Processing file /opt/airflow/dags/test_push_clickhouse.py for tasks to queue
[2025-11-18T15:16:11.344+0000] {logging_mixin.py:188} INFO - [2025-11-18T15:16:11.344+0000] {dagbag.py:545} INFO - Filling up the DagBag from /opt/airflow/dags/test_push_clickhouse.py
[2025-11-18T15:16:11.358+0000] {processor.py:840} INFO - DAG(s) 'test_push_clickhouse' retrieved from /opt/airflow/dags/test_push_clickhouse.py
[2025-11-18T15:16:11.381+0000] {logging_mixin.py:188} INFO - [2025-11-18T15:16:11.380+0000] {dag.py:3096} INFO - Sync 1 DAGs
[2025-11-18T15:16:11.391+0000] {logging_mixin.py:188} INFO - [2025-11-18T15:16:11.391+0000] {dag.py:3954} INFO - Setting next_dagrun for test_push_clickhouse to None, run_after=None
[2025-11-18T15:16:11.406+0000] {processor.py:183} INFO - Processing /opt/airflow/dags/test_push_clickhouse.py took 0.069 seconds
[2025-11-18T15:16:41.971+0000] {processor.py:161} INFO - Started process (PID=5359) to work on /opt/airflow/dags/test_push_clickhouse.py
[2025-11-18T15:16:41.971+0000] {processor.py:830} INFO - Processing file /opt/airflow/dags/test_push_clickhouse.py for tasks to queue
[2025-11-18T15:16:41.972+0000] {logging_mixin.py:188} INFO - [2025-11-18T15:16:41.972+0000] {dagbag.py:545} INFO - Filling up the DagBag from /opt/airflow/dags/test_push_clickhouse.py
[2025-11-18T15:16:41.987+0000] {processor.py:840} INFO - DAG(s) 'test_push_clickhouse' retrieved from /opt/airflow/dags/test_push_clickhouse.py
[2025-11-18T15:16:42.009+0000] {logging_mixin.py:188} INFO - [2025-11-18T15:16:42.009+0000] {dag.py:3096} INFO - Sync 1 DAGs
[2025-11-18T15:16:42.021+0000] {logging_mixin.py:188} INFO - [2025-11-18T15:16:42.021+0000] {dag.py:3954} INFO - Setting next_dagrun for test_push_clickhouse to None, run_after=None
[2025-11-18T15:16:42.037+0000] {processor.py:183} INFO - Processing /opt/airflow/dags/test_push_clickhouse.py took 0.071 seconds
[2025-11-18T15:17:12.886+0000] {processor.py:161} INFO - Started process (PID=5371) to work on /opt/airflow/dags/test_push_clickhouse.py
[2025-11-18T15:17:12.887+0000] {processor.py:830} INFO - Processing file /opt/airflow/dags/test_push_clickhouse.py for tasks to queue
[2025-11-18T15:17:12.888+0000] {logging_mixin.py:188} INFO - [2025-11-18T15:17:12.888+0000] {dagbag.py:545} INFO - Filling up the DagBag from /opt/airflow/dags/test_push_clickhouse.py
[2025-11-18T15:17:12.907+0000] {processor.py:840} INFO - DAG(s) 'test_push_clickhouse' retrieved from /opt/airflow/dags/test_push_clickhouse.py
[2025-11-18T15:17:12.962+0000] {logging_mixin.py:188} INFO - [2025-11-18T15:17:12.962+0000] {dag.py:3096} INFO - Sync 1 DAGs
[2025-11-18T15:17:12.995+0000] {logging_mixin.py:188} INFO - [2025-11-18T15:17:12.994+0000] {dag.py:3954} INFO - Setting next_dagrun for test_push_clickhouse to None, run_after=None
[2025-11-18T15:17:13.107+0000] {processor.py:183} INFO - Processing /opt/airflow/dags/test_push_clickhouse.py took 0.228 seconds
[2025-11-18T15:17:43.894+0000] {processor.py:161} INFO - Started process (PID=5383) to work on /opt/airflow/dags/test_push_clickhouse.py
[2025-11-18T15:17:43.895+0000] {processor.py:830} INFO - Processing file /opt/airflow/dags/test_push_clickhouse.py for tasks to queue
[2025-11-18T15:17:43.896+0000] {logging_mixin.py:188} INFO - [2025-11-18T15:17:43.896+0000] {dagbag.py:545} INFO - Filling up the DagBag from /opt/airflow/dags/test_push_clickhouse.py
[2025-11-18T15:17:43.910+0000] {processor.py:840} INFO - DAG(s) 'test_push_clickhouse' retrieved from /opt/airflow/dags/test_push_clickhouse.py
[2025-11-18T15:17:43.931+0000] {logging_mixin.py:188} INFO - [2025-11-18T15:17:43.931+0000] {dag.py:3096} INFO - Sync 1 DAGs
[2025-11-18T15:17:43.941+0000] {logging_mixin.py:188} INFO - [2025-11-18T15:17:43.941+0000] {dag.py:3954} INFO - Setting next_dagrun for test_push_clickhouse to None, run_after=None
[2025-11-18T15:17:43.957+0000] {processor.py:183} INFO - Processing /opt/airflow/dags/test_push_clickhouse.py took 0.068 seconds
[2025-11-18T15:18:14.729+0000] {processor.py:161} INFO - Started process (PID=5395) to work on /opt/airflow/dags/test_push_clickhouse.py
[2025-11-18T15:18:14.729+0000] {processor.py:830} INFO - Processing file /opt/airflow/dags/test_push_clickhouse.py for tasks to queue
[2025-11-18T15:18:14.730+0000] {logging_mixin.py:188} INFO - [2025-11-18T15:18:14.730+0000] {dagbag.py:545} INFO - Filling up the DagBag from /opt/airflow/dags/test_push_clickhouse.py
[2025-11-18T15:18:14.746+0000] {processor.py:840} INFO - DAG(s) 'test_push_clickhouse' retrieved from /opt/airflow/dags/test_push_clickhouse.py
[2025-11-18T15:18:14.769+0000] {logging_mixin.py:188} INFO - [2025-11-18T15:18:14.769+0000] {dag.py:3096} INFO - Sync 1 DAGs
[2025-11-18T15:18:14.780+0000] {logging_mixin.py:188} INFO - [2025-11-18T15:18:14.780+0000] {dag.py:3954} INFO - Setting next_dagrun for test_push_clickhouse to None, run_after=None
[2025-11-18T15:18:14.794+0000] {processor.py:183} INFO - Processing /opt/airflow/dags/test_push_clickhouse.py took 0.071 seconds
[2025-11-18T15:18:22.269+0000] {processor.py:161} INFO - Started process (PID=5401) to work on /opt/airflow/dags/test_push_clickhouse.py
[2025-11-18T15:18:22.270+0000] {processor.py:830} INFO - Processing file /opt/airflow/dags/test_push_clickhouse.py for tasks to queue
[2025-11-18T15:18:22.271+0000] {logging_mixin.py:188} INFO - [2025-11-18T15:18:22.271+0000] {dagbag.py:545} INFO - Filling up the DagBag from /opt/airflow/dags/test_push_clickhouse.py
[2025-11-18T15:18:22.292+0000] {processor.py:840} INFO - DAG(s) 'test_push_clickhouse' retrieved from /opt/airflow/dags/test_push_clickhouse.py
[2025-11-18T15:18:22.368+0000] {logging_mixin.py:188} INFO - [2025-11-18T15:18:22.368+0000] {dag.py:3096} INFO - Sync 1 DAGs
[2025-11-18T15:18:22.375+0000] {logging_mixin.py:188} INFO - [2025-11-18T15:18:22.375+0000] {dag.py:3954} INFO - Setting next_dagrun for test_push_clickhouse to None, run_after=None
[2025-11-18T15:18:22.394+0000] {processor.py:183} INFO - Processing /opt/airflow/dags/test_push_clickhouse.py took 0.130 seconds
[2025-11-18T15:18:53.124+0000] {processor.py:161} INFO - Started process (PID=5413) to work on /opt/airflow/dags/test_push_clickhouse.py
[2025-11-18T15:18:53.134+0000] {processor.py:830} INFO - Processing file /opt/airflow/dags/test_push_clickhouse.py for tasks to queue
[2025-11-18T15:18:53.136+0000] {logging_mixin.py:188} INFO - [2025-11-18T15:18:53.135+0000] {dagbag.py:545} INFO - Filling up the DagBag from /opt/airflow/dags/test_push_clickhouse.py
[2025-11-18T15:18:53.206+0000] {processor.py:840} INFO - DAG(s) 'test_push_clickhouse' retrieved from /opt/airflow/dags/test_push_clickhouse.py
[2025-11-18T15:18:53.230+0000] {logging_mixin.py:188} INFO - [2025-11-18T15:18:53.230+0000] {dag.py:3096} INFO - Sync 1 DAGs
[2025-11-18T15:18:53.244+0000] {logging_mixin.py:188} INFO - [2025-11-18T15:18:53.243+0000] {dag.py:3954} INFO - Setting next_dagrun for test_push_clickhouse to None, run_after=None
[2025-11-18T15:18:53.282+0000] {processor.py:183} INFO - Processing /opt/airflow/dags/test_push_clickhouse.py took 0.162 seconds
[2025-11-18T15:19:24.100+0000] {processor.py:161} INFO - Started process (PID=5425) to work on /opt/airflow/dags/test_push_clickhouse.py
[2025-11-18T15:19:24.101+0000] {processor.py:830} INFO - Processing file /opt/airflow/dags/test_push_clickhouse.py for tasks to queue
[2025-11-18T15:19:24.102+0000] {logging_mixin.py:188} INFO - [2025-11-18T15:19:24.102+0000] {dagbag.py:545} INFO - Filling up the DagBag from /opt/airflow/dags/test_push_clickhouse.py
[2025-11-18T15:19:24.117+0000] {processor.py:840} INFO - DAG(s) 'test_push_clickhouse' retrieved from /opt/airflow/dags/test_push_clickhouse.py
[2025-11-18T15:19:24.137+0000] {logging_mixin.py:188} INFO - [2025-11-18T15:19:24.137+0000] {dag.py:3096} INFO - Sync 1 DAGs
[2025-11-18T15:19:24.146+0000] {logging_mixin.py:188} INFO - [2025-11-18T15:19:24.145+0000] {dag.py:3954} INFO - Setting next_dagrun for test_push_clickhouse to None, run_after=None
[2025-11-18T15:19:24.161+0000] {processor.py:183} INFO - Processing /opt/airflow/dags/test_push_clickhouse.py took 0.065 seconds
[2025-11-18T15:19:54.855+0000] {processor.py:161} INFO - Started process (PID=5437) to work on /opt/airflow/dags/test_push_clickhouse.py
[2025-11-18T15:19:54.855+0000] {processor.py:830} INFO - Processing file /opt/airflow/dags/test_push_clickhouse.py for tasks to queue
[2025-11-18T15:19:54.856+0000] {logging_mixin.py:188} INFO - [2025-11-18T15:19:54.856+0000] {dagbag.py:545} INFO - Filling up the DagBag from /opt/airflow/dags/test_push_clickhouse.py
[2025-11-18T15:19:54.870+0000] {processor.py:840} INFO - DAG(s) 'test_push_clickhouse' retrieved from /opt/airflow/dags/test_push_clickhouse.py
[2025-11-18T15:19:54.891+0000] {logging_mixin.py:188} INFO - [2025-11-18T15:19:54.890+0000] {dag.py:3096} INFO - Sync 1 DAGs
[2025-11-18T15:19:54.899+0000] {logging_mixin.py:188} INFO - [2025-11-18T15:19:54.899+0000] {dag.py:3954} INFO - Setting next_dagrun for test_push_clickhouse to None, run_after=None
[2025-11-18T15:19:54.913+0000] {processor.py:183} INFO - Processing /opt/airflow/dags/test_push_clickhouse.py took 0.063 seconds
[2025-11-18T15:20:25.486+0000] {processor.py:161} INFO - Started process (PID=5449) to work on /opt/airflow/dags/test_push_clickhouse.py
[2025-11-18T15:20:25.487+0000] {processor.py:830} INFO - Processing file /opt/airflow/dags/test_push_clickhouse.py for tasks to queue
[2025-11-18T15:20:25.487+0000] {logging_mixin.py:188} INFO - [2025-11-18T15:20:25.487+0000] {dagbag.py:545} INFO - Filling up the DagBag from /opt/airflow/dags/test_push_clickhouse.py
[2025-11-18T15:20:25.500+0000] {processor.py:840} INFO - DAG(s) 'test_push_clickhouse' retrieved from /opt/airflow/dags/test_push_clickhouse.py
[2025-11-18T15:20:25.519+0000] {logging_mixin.py:188} INFO - [2025-11-18T15:20:25.519+0000] {dag.py:3096} INFO - Sync 1 DAGs
[2025-11-18T15:20:25.531+0000] {logging_mixin.py:188} INFO - [2025-11-18T15:20:25.530+0000] {dag.py:3954} INFO - Setting next_dagrun for test_push_clickhouse to None, run_after=None
[2025-11-18T15:20:25.554+0000] {processor.py:183} INFO - Processing /opt/airflow/dags/test_push_clickhouse.py took 0.073 seconds
[2025-11-18T15:20:56.307+0000] {processor.py:161} INFO - Started process (PID=5461) to work on /opt/airflow/dags/test_push_clickhouse.py
[2025-11-18T15:20:56.308+0000] {processor.py:830} INFO - Processing file /opt/airflow/dags/test_push_clickhouse.py for tasks to queue
[2025-11-18T15:20:56.309+0000] {logging_mixin.py:188} INFO - [2025-11-18T15:20:56.309+0000] {dagbag.py:545} INFO - Filling up the DagBag from /opt/airflow/dags/test_push_clickhouse.py
[2025-11-18T15:20:56.323+0000] {processor.py:840} INFO - DAG(s) 'test_push_clickhouse' retrieved from /opt/airflow/dags/test_push_clickhouse.py
[2025-11-18T15:20:56.346+0000] {logging_mixin.py:188} INFO - [2025-11-18T15:20:56.346+0000] {dag.py:3096} INFO - Sync 1 DAGs
[2025-11-18T15:20:56.356+0000] {logging_mixin.py:188} INFO - [2025-11-18T15:20:56.356+0000] {dag.py:3954} INFO - Setting next_dagrun for test_push_clickhouse to None, run_after=None
[2025-11-18T15:20:56.370+0000] {processor.py:183} INFO - Processing /opt/airflow/dags/test_push_clickhouse.py took 0.068 seconds
[2025-11-18T15:21:27.133+0000] {processor.py:161} INFO - Started process (PID=5473) to work on /opt/airflow/dags/test_push_clickhouse.py
[2025-11-18T15:21:27.133+0000] {processor.py:830} INFO - Processing file /opt/airflow/dags/test_push_clickhouse.py for tasks to queue
[2025-11-18T15:21:27.134+0000] {logging_mixin.py:188} INFO - [2025-11-18T15:21:27.134+0000] {dagbag.py:545} INFO - Filling up the DagBag from /opt/airflow/dags/test_push_clickhouse.py
[2025-11-18T15:21:27.147+0000] {processor.py:840} INFO - DAG(s) 'test_push_clickhouse' retrieved from /opt/airflow/dags/test_push_clickhouse.py
[2025-11-18T15:21:27.167+0000] {logging_mixin.py:188} INFO - [2025-11-18T15:21:27.167+0000] {dag.py:3096} INFO - Sync 1 DAGs
[2025-11-18T15:21:27.177+0000] {logging_mixin.py:188} INFO - [2025-11-18T15:21:27.177+0000] {dag.py:3954} INFO - Setting next_dagrun for test_push_clickhouse to None, run_after=None
[2025-11-18T15:21:27.192+0000] {processor.py:183} INFO - Processing /opt/airflow/dags/test_push_clickhouse.py took 0.064 seconds
[2025-11-18T15:21:57.910+0000] {processor.py:161} INFO - Started process (PID=5485) to work on /opt/airflow/dags/test_push_clickhouse.py
[2025-11-18T15:21:57.910+0000] {processor.py:830} INFO - Processing file /opt/airflow/dags/test_push_clickhouse.py for tasks to queue
[2025-11-18T15:21:57.911+0000] {logging_mixin.py:188} INFO - [2025-11-18T15:21:57.911+0000] {dagbag.py:545} INFO - Filling up the DagBag from /opt/airflow/dags/test_push_clickhouse.py
[2025-11-18T15:21:57.924+0000] {processor.py:840} INFO - DAG(s) 'test_push_clickhouse' retrieved from /opt/airflow/dags/test_push_clickhouse.py
[2025-11-18T15:21:57.946+0000] {logging_mixin.py:188} INFO - [2025-11-18T15:21:57.946+0000] {dag.py:3096} INFO - Sync 1 DAGs
[2025-11-18T15:21:57.955+0000] {logging_mixin.py:188} INFO - [2025-11-18T15:21:57.955+0000] {dag.py:3954} INFO - Setting next_dagrun for test_push_clickhouse to None, run_after=None
[2025-11-18T15:21:57.967+0000] {processor.py:183} INFO - Processing /opt/airflow/dags/test_push_clickhouse.py took 0.062 seconds
[2025-11-18T15:22:28.615+0000] {processor.py:161} INFO - Started process (PID=5497) to work on /opt/airflow/dags/test_push_clickhouse.py
[2025-11-18T15:22:28.616+0000] {processor.py:830} INFO - Processing file /opt/airflow/dags/test_push_clickhouse.py for tasks to queue
[2025-11-18T15:22:28.617+0000] {logging_mixin.py:188} INFO - [2025-11-18T15:22:28.617+0000] {dagbag.py:545} INFO - Filling up the DagBag from /opt/airflow/dags/test_push_clickhouse.py
[2025-11-18T15:22:28.642+0000] {processor.py:840} INFO - DAG(s) 'test_push_clickhouse' retrieved from /opt/airflow/dags/test_push_clickhouse.py
[2025-11-18T15:22:28.671+0000] {logging_mixin.py:188} INFO - [2025-11-18T15:22:28.671+0000] {dag.py:3096} INFO - Sync 1 DAGs
[2025-11-18T15:22:28.683+0000] {logging_mixin.py:188} INFO - [2025-11-18T15:22:28.683+0000] {dag.py:3954} INFO - Setting next_dagrun for test_push_clickhouse to None, run_after=None
[2025-11-18T15:22:28.702+0000] {processor.py:183} INFO - Processing /opt/airflow/dags/test_push_clickhouse.py took 0.093 seconds
[2025-11-18T15:22:59.589+0000] {processor.py:161} INFO - Started process (PID=5515) to work on /opt/airflow/dags/test_push_clickhouse.py
[2025-11-18T15:22:59.590+0000] {processor.py:830} INFO - Processing file /opt/airflow/dags/test_push_clickhouse.py for tasks to queue
[2025-11-18T15:22:59.590+0000] {logging_mixin.py:188} INFO - [2025-11-18T15:22:59.590+0000] {dagbag.py:545} INFO - Filling up the DagBag from /opt/airflow/dags/test_push_clickhouse.py
[2025-11-18T15:22:59.602+0000] {processor.py:840} INFO - DAG(s) 'test_push_clickhouse' retrieved from /opt/airflow/dags/test_push_clickhouse.py
[2025-11-18T15:22:59.623+0000] {logging_mixin.py:188} INFO - [2025-11-18T15:22:59.623+0000] {dag.py:3096} INFO - Sync 1 DAGs
[2025-11-18T15:22:59.632+0000] {logging_mixin.py:188} INFO - [2025-11-18T15:22:59.632+0000] {dag.py:3954} INFO - Setting next_dagrun for test_push_clickhouse to None, run_after=None
[2025-11-18T15:22:59.645+0000] {processor.py:183} INFO - Processing /opt/airflow/dags/test_push_clickhouse.py took 0.061 seconds
[2025-11-18T15:23:30.482+0000] {processor.py:161} INFO - Started process (PID=5527) to work on /opt/airflow/dags/test_push_clickhouse.py
[2025-11-18T15:23:30.483+0000] {processor.py:830} INFO - Processing file /opt/airflow/dags/test_push_clickhouse.py for tasks to queue
[2025-11-18T15:23:30.484+0000] {logging_mixin.py:188} INFO - [2025-11-18T15:23:30.483+0000] {dagbag.py:545} INFO - Filling up the DagBag from /opt/airflow/dags/test_push_clickhouse.py
[2025-11-18T15:23:30.498+0000] {processor.py:840} INFO - DAG(s) 'test_push_clickhouse' retrieved from /opt/airflow/dags/test_push_clickhouse.py
[2025-11-18T15:23:30.521+0000] {logging_mixin.py:188} INFO - [2025-11-18T15:23:30.521+0000] {dag.py:3096} INFO - Sync 1 DAGs
[2025-11-18T15:23:30.532+0000] {logging_mixin.py:188} INFO - [2025-11-18T15:23:30.532+0000] {dag.py:3954} INFO - Setting next_dagrun for test_push_clickhouse to None, run_after=None
[2025-11-18T15:23:30.547+0000] {processor.py:183} INFO - Processing /opt/airflow/dags/test_push_clickhouse.py took 0.071 seconds
[2025-11-18T15:24:01.331+0000] {processor.py:161} INFO - Started process (PID=5539) to work on /opt/airflow/dags/test_push_clickhouse.py
[2025-11-18T15:24:01.332+0000] {processor.py:830} INFO - Processing file /opt/airflow/dags/test_push_clickhouse.py for tasks to queue
[2025-11-18T15:24:01.332+0000] {logging_mixin.py:188} INFO - [2025-11-18T15:24:01.332+0000] {dagbag.py:545} INFO - Filling up the DagBag from /opt/airflow/dags/test_push_clickhouse.py
[2025-11-18T15:24:01.348+0000] {processor.py:840} INFO - DAG(s) 'test_push_clickhouse' retrieved from /opt/airflow/dags/test_push_clickhouse.py
[2025-11-18T15:24:01.372+0000] {logging_mixin.py:188} INFO - [2025-11-18T15:24:01.372+0000] {dag.py:3096} INFO - Sync 1 DAGs
[2025-11-18T15:24:01.382+0000] {logging_mixin.py:188} INFO - [2025-11-18T15:24:01.381+0000] {dag.py:3954} INFO - Setting next_dagrun for test_push_clickhouse to None, run_after=None
[2025-11-18T15:24:01.399+0000] {processor.py:183} INFO - Processing /opt/airflow/dags/test_push_clickhouse.py took 0.075 seconds
[2025-11-18T15:24:15.444+0000] {processor.py:161} INFO - Started process (PID=5540) to work on /opt/airflow/dags/test_push_clickhouse.py
[2025-11-18T15:24:15.445+0000] {processor.py:830} INFO - Processing file /opt/airflow/dags/test_push_clickhouse.py for tasks to queue
[2025-11-18T15:24:15.446+0000] {logging_mixin.py:188} INFO - [2025-11-18T15:24:15.446+0000] {dagbag.py:545} INFO - Filling up the DagBag from /opt/airflow/dags/test_push_clickhouse.py
[2025-11-18T15:24:15.465+0000] {processor.py:840} INFO - DAG(s) 'check_clickhouse' retrieved from /opt/airflow/dags/test_push_clickhouse.py
[2025-11-18T15:24:15.690+0000] {logging_mixin.py:188} INFO - [2025-11-18T15:24:15.690+0000] {override.py:1829} INFO - Created Permission View: can edit on DAG:check_clickhouse
[2025-11-18T15:24:15.700+0000] {logging_mixin.py:188} INFO - [2025-11-18T15:24:15.700+0000] {override.py:1829} INFO - Created Permission View: can read on DAG:check_clickhouse
[2025-11-18T15:24:15.707+0000] {logging_mixin.py:188} INFO - [2025-11-18T15:24:15.707+0000] {override.py:1829} INFO - Created Permission View: can delete on DAG:check_clickhouse
[2025-11-18T15:24:15.707+0000] {logging_mixin.py:188} INFO - [2025-11-18T15:24:15.707+0000] {dag.py:3096} INFO - Sync 1 DAGs
[2025-11-18T15:24:15.716+0000] {logging_mixin.py:188} INFO - [2025-11-18T15:24:15.716+0000] {dag.py:3118} INFO - Creating ORM DAG for check_clickhouse
[2025-11-18T15:24:15.717+0000] {logging_mixin.py:188} INFO - [2025-11-18T15:24:15.717+0000] {dag.py:3954} INFO - Setting next_dagrun for check_clickhouse to None, run_after=None
[2025-11-18T15:24:15.739+0000] {processor.py:183} INFO - Processing /opt/airflow/dags/test_push_clickhouse.py took 0.300 seconds
[2025-11-18T15:24:46.084+0000] {processor.py:161} INFO - Started process (PID=5552) to work on /opt/airflow/dags/test_push_clickhouse.py
[2025-11-18T15:24:46.085+0000] {processor.py:830} INFO - Processing file /opt/airflow/dags/test_push_clickhouse.py for tasks to queue
[2025-11-18T15:24:46.086+0000] {logging_mixin.py:188} INFO - [2025-11-18T15:24:46.086+0000] {dagbag.py:545} INFO - Filling up the DagBag from /opt/airflow/dags/test_push_clickhouse.py
[2025-11-18T15:24:46.100+0000] {processor.py:840} INFO - DAG(s) 'check_clickhouse' retrieved from /opt/airflow/dags/test_push_clickhouse.py
[2025-11-18T15:24:46.127+0000] {logging_mixin.py:188} INFO - [2025-11-18T15:24:46.126+0000] {dag.py:3096} INFO - Sync 1 DAGs
[2025-11-18T15:24:46.137+0000] {logging_mixin.py:188} INFO - [2025-11-18T15:24:46.137+0000] {dag.py:3954} INFO - Setting next_dagrun for check_clickhouse to None, run_after=None
[2025-11-18T15:24:46.152+0000] {processor.py:183} INFO - Processing /opt/airflow/dags/test_push_clickhouse.py took 0.073 seconds
[2025-11-18T15:25:16.867+0000] {processor.py:161} INFO - Started process (PID=5564) to work on /opt/airflow/dags/test_push_clickhouse.py
[2025-11-18T15:25:16.868+0000] {processor.py:830} INFO - Processing file /opt/airflow/dags/test_push_clickhouse.py for tasks to queue
[2025-11-18T15:25:16.868+0000] {logging_mixin.py:188} INFO - [2025-11-18T15:25:16.868+0000] {dagbag.py:545} INFO - Filling up the DagBag from /opt/airflow/dags/test_push_clickhouse.py
[2025-11-18T15:25:16.879+0000] {processor.py:840} INFO - DAG(s) 'check_clickhouse' retrieved from /opt/airflow/dags/test_push_clickhouse.py
[2025-11-18T15:25:16.896+0000] {logging_mixin.py:188} INFO - [2025-11-18T15:25:16.896+0000] {dag.py:3096} INFO - Sync 1 DAGs
[2025-11-18T15:25:16.905+0000] {logging_mixin.py:188} INFO - [2025-11-18T15:25:16.905+0000] {dag.py:3954} INFO - Setting next_dagrun for check_clickhouse to None, run_after=None
[2025-11-18T15:25:16.919+0000] {processor.py:183} INFO - Processing /opt/airflow/dags/test_push_clickhouse.py took 0.056 seconds
[2025-11-18T15:25:47.683+0000] {processor.py:161} INFO - Started process (PID=5576) to work on /opt/airflow/dags/test_push_clickhouse.py
[2025-11-18T15:25:47.684+0000] {processor.py:830} INFO - Processing file /opt/airflow/dags/test_push_clickhouse.py for tasks to queue
[2025-11-18T15:25:47.684+0000] {logging_mixin.py:188} INFO - [2025-11-18T15:25:47.684+0000] {dagbag.py:545} INFO - Filling up the DagBag from /opt/airflow/dags/test_push_clickhouse.py
[2025-11-18T15:25:47.697+0000] {processor.py:840} INFO - DAG(s) 'check_clickhouse' retrieved from /opt/airflow/dags/test_push_clickhouse.py
[2025-11-18T15:25:47.718+0000] {logging_mixin.py:188} INFO - [2025-11-18T15:25:47.718+0000] {dag.py:3096} INFO - Sync 1 DAGs
[2025-11-18T15:25:47.727+0000] {logging_mixin.py:188} INFO - [2025-11-18T15:25:47.727+0000] {dag.py:3954} INFO - Setting next_dagrun for check_clickhouse to None, run_after=None
[2025-11-18T15:25:47.741+0000] {processor.py:183} INFO - Processing /opt/airflow/dags/test_push_clickhouse.py took 0.064 seconds
